<?xml version="1.0" encoding="utf-8"?>
<CoverageSession xmlns:xsd="http://www.w3.org/2001/XMLSchema" xmlns:xsi="http://www.w3.org/2001/XMLSchema-instance" Version="4.7.922.0">
  <Summary numSequencePoints="1447" visitedSequencePoints="1392" numBranchPoints="672" visitedBranchPoints="597" sequenceCoverage="96.20" branchCoverage="88.84" maxCyclomaticComplexity="13" minCyclomaticComplexity="1" maxCrapScore="13" minCrapScore="1" visitedClasses="67" numClasses="71" visitedMethods="355" numMethods="365" />
  <Modules>
    <Module skippedDueTo="Filter" hash="9A-E6-DA-BB-7D-11-9E-EA-1E-52-33-F2-BE-98-32-8A-A8-E1-55-C1">
      <ModulePath>C:\Windows\Microsoft.Net\assembly\GAC_64\mscorlib\v4.0_4.0.0.0__b77a5c561934e089\mscorlib.dll</ModulePath>
      <ModuleTime>2020-03-26T23:10:19.56535Z</ModuleTime>
      <ModuleName>mscorlib</ModuleName>
      <Classes />
    </Module>
    <Module skippedDueTo="Filter" hash="49-6D-42-03-C6-53-6E-72-1F-76-78-AB-9F-52-DB-CC-3D-43-28-41">
      <ModulePath>D:\Guillaume\Desktop\Internet Explorer\PROJECTS\C#\ComputerMonitoring\DesktopAssistant\packages\xunit.runner.console.2.4.1\tools\net472\xunit.console.exe</ModulePath>
      <ModuleTime>2018-10-29T08:17:04Z</ModuleTime>
      <ModuleName>xunit.console</ModuleName>
      <Classes />
    </Module>
    <Module skippedDueTo="Filter" hash="6B-4D-36-1F-A8-F2-1F-05-F8-C9-A8-71-E2-90-17-07-CC-68-12-DB">
      <ModulePath>D:\Guillaume\Desktop\Internet Explorer\PROJECTS\C#\ComputerMonitoring\DesktopAssistant\packages\xunit.runner.console.2.4.1\tools\net472\xunit.abstractions.dll</ModulePath>
      <ModuleTime>2018-10-29T08:17:04Z</ModuleTime>
      <ModuleName>xunit.abstractions</ModuleName>
      <Classes />
    </Module>
    <Module skippedDueTo="Filter" hash="03-8C-28-FF-B1-AD-98-09-DB-C2-77-9C-30-0B-76-C3-52-AE-19-2E">
      <ModulePath>C:\Windows\Microsoft.Net\assembly\GAC_MSIL\System.Core\v4.0_4.0.0.0__b77a5c561934e089\System.Core.dll</ModulePath>
      <ModuleTime>2020-03-26T23:11:52Z</ModuleTime>
      <ModuleName>System.Core</ModuleName>
      <Classes />
    </Module>
    <Module skippedDueTo="Filter" hash="A5-B7-BC-42-9C-AA-2C-7A-42-E2-43-5A-2F-7B-F3-B2-00-B1-CB-E6">
      <ModulePath>D:\Guillaume\Desktop\Internet Explorer\PROJECTS\C#\ComputerMonitoring\DesktopAssistant\packages\xunit.runner.console.2.4.1\tools\net472\xunit.runner.utility.net452.dll</ModulePath>
      <ModuleTime>2018-10-29T08:17:04Z</ModuleTime>
      <ModuleName>xunit.runner.utility.net452</ModuleName>
      <Classes />
    </Module>
    <Module skippedDueTo="Filter" hash="4A-9D-81-85-DC-CF-74-ED-91-AC-6F-7B-37-3D-3E-0B-36-5C-56-66">
      <ModulePath>C:\Windows\Microsoft.Net\assembly\GAC_MSIL\System\v4.0_4.0.0.0__b77a5c561934e089\System.dll</ModulePath>
      <ModuleTime>2019-07-24T02:58:28Z</ModuleTime>
      <ModuleName>System</ModuleName>
      <Classes />
    </Module>
    <Module skippedDueTo="Filter" hash="E4-D1-8B-D7-79-3C-B4-80-A8-3F-D2-B2-34-ED-5A-C5-10-62-37-F2">
      <ModulePath>C:\Windows\Microsoft.Net\assembly\GAC_MSIL\System.Xml.Linq\v4.0_4.0.0.0__b77a5c561934e089\System.Xml.Linq.dll</ModulePath>
      <ModuleTime>2019-03-19T04:46:43.9447582Z</ModuleTime>
      <ModuleName>System.Xml.Linq</ModuleName>
      <Classes />
    </Module>
    <Module skippedDueTo="Filter" hash="BA-94-4B-50-1E-D5-31-87-F3-25-6E-BA-07-71-E4-9F-22-0D-B8-34">
      <ModulePath>C:\Windows\Microsoft.Net\assembly\GAC_MSIL\System.Xml\v4.0_4.0.0.0__b77a5c561934e089\System.Xml.dll</ModulePath>
      <ModuleTime>2019-03-19T04:46:51.77351Z</ModuleTime>
      <ModuleName>System.Xml</ModuleName>
      <Classes />
    </Module>
    <Module skippedDueTo="Filter" hash="C8-2E-64-82-9F-3E-E5-68-28-EC-A3-5B-05-18-0A-CC-70-C1-0D-04">
      <ModulePath>C:\Windows\Microsoft.Net\assembly\GAC_MSIL\System.Configuration\v4.0_4.0.0.0__b03f5f7f11d50a3a\System.Configuration.dll</ModulePath>
      <ModuleTime>2020-06-05T05:04:06Z</ModuleTime>
      <ModuleName>System.Configuration</ModuleName>
      <Classes />
    </Module>
    <Module skippedDueTo="Filter" hash="92-46-BD-71-5B-AA-F1-B5-B3-9B-4C-F6-6A-4F-91-D5-32-37-5C-74">
      <ModulePath>D:\Guillaume\Desktop\Internet Explorer\PROJECTS\C#\ComputerMonitoring\DesktopAssistant\packages\xunit.runner.console.2.4.1\tools\net472\xunit.runner.reporters.net452.dll</ModulePath>
      <ModuleTime>2018-10-29T08:17:04Z</ModuleTime>
      <ModuleName>xunit.runner.reporters.net452</ModuleName>
      <Classes />
    </Module>
    <Module skippedDueTo="Filter" hash="61-8E-C2-81-D1-83-0F-4B-EB-A7-B0-B3-A7-FA-0D-6E-88-8C-2A-84">
      <ModulePath>C:\Windows\Microsoft.Net\assembly\GAC_MSIL\System.Net.Http\v4.0_4.0.0.0__b03f5f7f11d50a3a\System.Net.Http.dll</ModulePath>
      <ModuleTime>2019-03-19T04:46:51.7266313Z</ModuleTime>
      <ModuleName>System.Net.Http</ModuleName>
      <Classes />
    </Module>
    <Module skippedDueTo="Filter" hash="04-92-31-F6-AF-DB-82-CE-7F-AD-A9-52-42-0C-26-C5-2A-65-10-FA">
      <ModulePath>C:\Windows\Microsoft.Net\assembly\GAC_64\System.Web\v4.0_4.0.0.0__b03f5f7f11d50a3a\System.Web.dll</ModulePath>
      <ModuleTime>2019-11-23T04:37:24.5053551Z</ModuleTime>
      <ModuleName>System.Web</ModuleName>
      <Classes />
    </Module>
    <Module skippedDueTo="Filter" hash="A5-B7-BC-42-9C-AA-2C-7A-42-E2-43-5A-2F-7B-F3-B2-00-B1-CB-E6">
      <ModulePath>C:\Users\Proprio\AppData\Local\Temp\bc21427b-8ffd-4ddb-8c5c-f3f78dbe689b\bc21427b-8ffd-4ddb-8c5c-f3f78dbe689b\assembly\dl3\e4a0cf64\00804bc6_5f6fd401\xunit.runner.utility.net452.dll</ModulePath>
      <ModuleTime>2020-07-18T13:24:58.0406155Z</ModuleTime>
      <ModuleName>xunit.runner.utility.net452</ModuleName>
      <Classes />
    </Module>
    <Module skippedDueTo="Filter" hash="03-8C-28-FF-B1-AD-98-09-DB-C2-77-9C-30-0B-76-C3-52-AE-19-2E">
      <ModulePath>C:\Windows\Microsoft.Net\assembly\GAC_MSIL\System.Core\v4.0_4.0.0.0__b77a5c561934e089\System.Core.dll</ModulePath>
      <ModuleTime>2020-03-26T23:11:52Z</ModuleTime>
      <ModuleName>System.Core</ModuleName>
      <Classes />
    </Module>
    <Module skippedDueTo="Filter" hash="4A-9D-81-85-DC-CF-74-ED-91-AC-6F-7B-37-3D-3E-0B-36-5C-56-66">
      <ModulePath>C:\Windows\Microsoft.Net\assembly\GAC_MSIL\System\v4.0_4.0.0.0__b77a5c561934e089\System.dll</ModulePath>
      <ModuleTime>2019-07-24T02:58:28Z</ModuleTime>
      <ModuleName>System</ModuleName>
      <Classes />
    </Module>
    <Module skippedDueTo="Filter" hash="">
      <ModulePath>RefEmit_InMemoryManifestModule</ModulePath>
      <ModuleTime>0001-01-01T00:00:00</ModuleTime>
      <ModuleName>Anonymously Hosted DynamicMethods Assembly</ModuleName>
      <Classes />
    </Module>
    <Module skippedDueTo="Filter" hash="87-DF-22-2E-FD-99-92-BF-35-E7-E5-63-C9-FC-EB-37-DB-7B-E6-02">
      <ModulePath>D:\Guillaume\Desktop\Internet Explorer\PROJECTS\C#\ComputerMonitoring\DesktopAssistant.Tests\bin\Debug\DesktopAssistant.Tests.dll</ModulePath>
      <ModuleTime>2020-07-18T13:10:43.9875593Z</ModuleTime>
      <ModuleName>DesktopAssistant.Tests</ModuleName>
      <Classes />
    </Module>
    <Module hash="B0-27-F8-51-D1-73-12-87-90-3D-45-DA-2A-D1-60-33-25-5B-FC-93">
      <Summary numSequencePoints="470" visitedSequencePoints="457" numBranchPoints="297" visitedBranchPoints="258" sequenceCoverage="97.23" branchCoverage="86.87" maxCyclomaticComplexity="13" minCyclomaticComplexity="1" maxCrapScore="13" minCrapScore="1" visitedClasses="27" numClasses="28" visitedMethods="144" numMethods="146" />
      <ModulePath>D:\Guillaume\Desktop\Internet Explorer\PROJECTS\C#\ComputerMonitoring\DesktopAssistant.Tests\bin\Debug\Hardware.dll</ModulePath>
      <ModuleTime>2020-07-18T13:05:06.3760322Z</ModuleTime>
      <ModuleName>Hardware</ModuleName>
      <Files>
        <File uid="1" fullPath="D:\Guillaume\Desktop\Internet Explorer\PROJECTS\C#\ComputerMonitoring\Hardware\DataManager.cs" />
        <File uid="6" fullPath="D:\Guillaume\Desktop\Internet Explorer\PROJECTS\C#\ComputerMonitoring\Hardware\Models\ServerDTOs\ProcessDTO.cs" />
        <File uid="7" fullPath="D:\Guillaume\Desktop\Internet Explorer\PROJECTS\C#\ComputerMonitoring\Hardware\Models\ServerDTOs\ResourceTypeDTO.cs" />
        <File uid="8" fullPath="D:\Guillaume\Desktop\Internet Explorer\PROJECTS\C#\ComputerMonitoring\Hardware\Models\ServerDTOs\SampleTimeDTO.cs" />
        <File uid="9" fullPath="D:\Guillaume\Desktop\Internet Explorer\PROJECTS\C#\ComputerMonitoring\Hardware\Models\ServerDTOs\ServerResourceDTO.cs" />
        <File uid="10" fullPath="D:\Guillaume\Desktop\Internet Explorer\PROJECTS\C#\ComputerMonitoring\Hardware\Models\ServerDTOs\ServerResourceUnitDTO.cs" />
        <File uid="11" fullPath="D:\Guillaume\Desktop\Internet Explorer\PROJECTS\C#\ComputerMonitoring\Hardware\Models\ComputerRessource.cs" />
        <File uid="12" fullPath="D:\Guillaume\Desktop\Internet Explorer\PROJECTS\C#\ComputerMonitoring\Hardware\Models\HardwareInformation.cs" />
        <File uid="13" fullPath="D:\Guillaume\Desktop\Internet Explorer\PROJECTS\C#\ComputerMonitoring\Hardware\Models\RessourceCollection.cs" />
        <File uid="14" fullPath="D:\Guillaume\Desktop\Internet Explorer\PROJECTS\C#\ComputerMonitoring\Hardware\Helpers\WmiHelper.cs" />
        <File uid="17" fullPath="D:\Guillaume\Desktop\Internet Explorer\PROJECTS\C#\ComputerMonitoring\Hardware\Exceptions\HardwareCommunicationException.cs" />
        <File uid="18" fullPath="D:\Guillaume\Desktop\Internet Explorer\PROJECTS\C#\ComputerMonitoring\Hardware\Exceptions\InvalidConnectorException.cs" />
        <File uid="19" fullPath="D:\Guillaume\Desktop\Internet Explorer\PROJECTS\C#\ComputerMonitoring\Hardware\Connectors\OpenHardware_Connector.cs" />
        <File uid="21" fullPath="D:\Guillaume\Desktop\Internet Explorer\PROJECTS\C#\ComputerMonitoring\Hardware\Connectors\SystemIO_Connector.cs" />
        <File uid="23" fullPath="D:\Guillaume\Desktop\Internet Explorer\PROJECTS\C#\ComputerMonitoring\Hardware\Connectors\ASPNET_API_Connector.cs" />
        <File uid="26" fullPath="D:\Guillaume\Desktop\Internet Explorer\PROJECTS\C#\ComputerMonitoring\Hardware\Connectors\NVDIA_API_Connector.cs" />
        <File uid="28" fullPath="D:\Guillaume\Desktop\Internet Explorer\PROJECTS\C#\ComputerMonitoring\Hardware\Connectors\WMI_Connector.cs" />
      </Files>
      <Classes>
        <Class>
          <Summary numSequencePoints="0" visitedSequencePoints="0" numBranchPoints="0" visitedBranchPoints="0" sequenceCoverage="0" branchCoverage="0" maxCyclomaticComplexity="0" minCyclomaticComplexity="0" maxCrapScore="0" minCrapScore="0" visitedClasses="0" numClasses="0" visitedMethods="0" numMethods="0" />
          <FullName>&lt;Module&gt;</FullName>
          <Methods />
        </Class>
        <Class>
          <Summary numSequencePoints="98" visitedSequencePoints="98" numBranchPoints="59" visitedBranchPoints="51" sequenceCoverage="100" branchCoverage="86.44" maxCyclomaticComplexity="7" minCyclomaticComplexity="1" maxCrapScore="7" minCrapScore="1" visitedClasses="1" numClasses="1" visitedMethods="13" numMethods="13" />
          <FullName>Hardware.DataManager</FullName>
          <Methods>
            <Method visited="true" cyclomaticComplexity="2" nPathComplexity="2" sequenceCoverage="100" branchCoverage="66.67" crapScore="2" isConstructor="true" isStatic="false" isGetter="false" isSetter="false">
              <Summary numSequencePoints="7" visitedSequencePoints="7" numBranchPoints="3" visitedBranchPoints="2" sequenceCoverage="100" branchCoverage="66.67" maxCyclomaticComplexity="2" minCyclomaticComplexity="2" maxCrapScore="2" minCrapScore="2" visitedClasses="0" numClasses="0" visitedMethods="1" numMethods="1" />
              <MetadataToken>100663297</MetadataToken>
              <Name>System.Void Hardware.DataManager::.ctor(Hardware.IFactory`1&lt;Hardware.Connectors.ConnectorBase&gt;,Common.Helpers.XmlHelper,System.String)</Name>
              <FileRef uid="1" />
              <SequencePoints>
                <SequencePoint vc="9" uspid="1" ordinal="0" offset="0" sl="23" sc="9" el="23" ec="116" bec="0" bev="0" fileid="1" />
                <SequencePoint vc="9" uspid="2" ordinal="1" offset="7" sl="24" sc="9" el="24" ec="10" bec="0" bev="0" fileid="1" />
                <SequencePoint vc="9" uspid="3" ordinal="2" offset="8" sl="25" sc="13" el="25" ec="41" bec="0" bev="0" fileid="1" />
                <SequencePoint vc="9" uspid="4" ordinal="3" offset="15" sl="26" sc="13" el="26" ec="46" bec="0" bev="0" fileid="1" />
                <SequencePoint vc="9" uspid="5" ordinal="4" offset="22" sl="27" sc="13" el="27" ec="75" bec="2" bev="1" fileid="1" />
                <SequencePoint vc="9" uspid="6" ordinal="5" offset="39" sl="28" sc="13" el="28" ec="44" bec="0" bev="0" fileid="1" />
                <SequencePoint vc="9" uspid="7" ordinal="6" offset="46" sl="29" sc="9" el="29" ec="10" bec="0" bev="0" fileid="1" />
              </SequencePoints>
              <BranchPoints>
                <BranchPoint vc="0" uspid="8" ordinal="0" offset="25" sl="27" path="0" offsetend="27" fileid="1" />
                <BranchPoint vc="9" uspid="9" ordinal="1" offset="25" sl="27" path="1" offsetend="33" fileid="1" />
              </BranchPoints>
              <MethodPoint xsi:type="SequencePoint" vc="9" uspid="1" ordinal="0" offset="0" sl="23" sc="9" el="23" ec="116" bec="0" bev="0" fileid="1" />
            </Method>
            <Method visited="true" cyclomaticComplexity="1" nPathComplexity="0" sequenceCoverage="100" branchCoverage="100" crapScore="1" isConstructor="true" isStatic="false" isGetter="false" isSetter="false">
              <Summary numSequencePoints="3" visitedSequencePoints="3" numBranchPoints="1" visitedBranchPoints="1" sequenceCoverage="100" branchCoverage="100" maxCyclomaticComplexity="1" minCyclomaticComplexity="1" maxCrapScore="1" minCrapScore="1" visitedClasses="0" numClasses="0" visitedMethods="1" numMethods="1" />
              <MetadataToken>100663298</MetadataToken>
              <Name>System.Void Hardware.DataManager::.ctor()</Name>
              <FileRef uid="1" />
              <SequencePoints>
                <SequencePoint vc="37" uspid="10" ordinal="0" offset="0" sl="31" sc="9" el="31" ec="29" bec="0" bev="0" fileid="1" />
                <SequencePoint vc="37" uspid="11" ordinal="1" offset="7" sl="31" sc="30" el="31" ec="31" bec="0" bev="0" fileid="1" />
                <SequencePoint vc="37" uspid="12" ordinal="2" offset="8" sl="31" sc="32" el="31" ec="33" bec="0" bev="0" fileid="1" />
              </SequencePoints>
              <BranchPoints />
              <MethodPoint xsi:type="SequencePoint" vc="37" uspid="10" ordinal="0" offset="0" sl="31" sc="9" el="31" ec="29" bec="0" bev="0" fileid="1" />
            </Method>
            <Method visited="true" cyclomaticComplexity="2" nPathComplexity="2" sequenceCoverage="100" branchCoverage="100" crapScore="2" isConstructor="false" isStatic="false" isGetter="false" isSetter="false">
              <Summary numSequencePoints="6" visitedSequencePoints="6" numBranchPoints="3" visitedBranchPoints="3" sequenceCoverage="100" branchCoverage="100" maxCyclomaticComplexity="2" minCyclomaticComplexity="2" maxCrapScore="2" minCrapScore="2" visitedClasses="0" numClasses="0" visitedMethods="1" numMethods="1" />
              <MetadataToken>100663299</MetadataToken>
              <Name>Hardware.Models.HardwareInformation Hardware.DataManager::GetCalculatedValue(Hardware.Enums.MonitoringTarget)</Name>
              <FileRef uid="1" />
              <SequencePoints>
                <SequencePoint vc="99" uspid="13" ordinal="0" offset="13" sl="34" sc="9" el="34" ec="10" bec="0" bev="0" fileid="1" />
                <SequencePoint vc="99" uspid="14" ordinal="1" offset="14" sl="35" sc="13" el="35" ec="104" bec="0" bev="0" fileid="1" />
                <SequencePoint vc="99" uspid="15" ordinal="2" offset="46" sl="36" sc="13" el="36" ec="54" bec="2" bev="2" fileid="1" />
                <SequencePoint vc="96" uspid="16" ordinal="3" offset="65" sl="36" sc="55" el="36" ec="144" bec="0" bev="0" fileid="1" />
                <SequencePoint vc="99" uspid="17" ordinal="4" offset="95" sl="37" sc="13" el="37" ec="66" bec="0" bev="0" fileid="1" />
                <SequencePoint vc="90" uspid="18" ordinal="5" offset="122" sl="38" sc="9" el="38" ec="10" bec="0" bev="0" fileid="1" />
              </SequencePoints>
              <BranchPoints>
                <BranchPoint vc="96" uspid="19" ordinal="0" offset="63" sl="36" path="0" offsetend="65" fileid="1" />
                <BranchPoint vc="3" uspid="20" ordinal="1" offset="63" sl="36" path="1" offsetend="95" fileid="1" />
              </BranchPoints>
              <MethodPoint vc="99" uspid="21" ordinal="0" offset="0" />
            </Method>
            <Method visited="true" cyclomaticComplexity="6" nPathComplexity="8" sequenceCoverage="100" branchCoverage="57.14" crapScore="6" isConstructor="false" isStatic="false" isGetter="false" isSetter="false">
              <Summary numSequencePoints="26" visitedSequencePoints="26" numBranchPoints="7" visitedBranchPoints="4" sequenceCoverage="100" branchCoverage="57.14" maxCyclomaticComplexity="6" minCyclomaticComplexity="6" maxCrapScore="6" minCrapScore="6" visitedClasses="0" numClasses="0" visitedMethods="1" numMethods="1" />
              <MetadataToken>100663300</MetadataToken>
              <Name>System.Collections.Generic.IEnumerable`1&lt;Hardware.Models.HardwareInformation&gt; Hardware.DataManager::GetCalculatedValues(System.Collections.Generic.ICollection`1&lt;Hardware.Enums.MonitoringTarget&gt;)</Name>
              <FileRef uid="1" />
              <SequencePoints>
                <SequencePoint vc="1" uspid="22" ordinal="0" offset="13" sl="41" sc="9" el="41" ec="10" bec="0" bev="0" fileid="1" />
                <SequencePoint vc="1" uspid="23" ordinal="1" offset="14" sl="42" sc="13" el="42" ec="67" bec="0" bev="0" fileid="1" />
                <SequencePoint vc="1" uspid="24" ordinal="2" offset="26" sl="43" sc="13" el="43" ec="59" bec="0" bev="0" fileid="1" />
                <SequencePoint vc="1" uspid="25" ordinal="3" offset="32" sl="44" sc="13" el="44" ec="20" bec="0" bev="0" fileid="1" />
                <SequencePoint vc="1" uspid="26" ordinal="4" offset="33" sl="44" sc="36" el="44" ec="44" bec="0" bev="0" fileid="1" />
                <SequencePoint vc="2" uspid="27" ordinal="5" offset="46" sl="44" sc="22" el="44" ec="32" bec="0" bev="0" fileid="1" />
                <SequencePoint vc="2" uspid="28" ordinal="6" offset="55" sl="45" sc="13" el="45" ec="14" bec="0" bev="0" fileid="1" />
                <SequencePoint vc="2" uspid="29" ordinal="7" offset="56" sl="47" sc="17" el="47" ec="18" bec="0" bev="0" fileid="1" />
                <SequencePoint vc="2" uspid="30" ordinal="8" offset="57" sl="48" sc="21" el="48" ec="64" bec="0" bev="0" fileid="1" />
                <SequencePoint vc="1" uspid="31" ordinal="9" offset="72" sl="49" sc="17" el="49" ec="18" bec="0" bev="0" fileid="1" />
                <SequencePoint vc="1" uspid="32" ordinal="10" offset="75" sl="50" sc="17" el="50" ec="36" bec="0" bev="0" fileid="1" />
                <SequencePoint vc="1" uspid="33" ordinal="11" offset="77" sl="51" sc="17" el="51" ec="18" bec="0" bev="0" fileid="1" />
                <SequencePoint vc="1" uspid="34" ordinal="12" offset="78" sl="52" sc="21" el="52" ec="143" bec="0" bev="0" fileid="1" />
                <SequencePoint vc="1" uspid="35" ordinal="13" offset="145" sl="53" sc="21" el="53" ec="46" bec="2" bev="1" fileid="1" />
                <SequencePoint vc="1" uspid="36" ordinal="14" offset="168" sl="54" sc="25" el="54" ec="48" bec="0" bev="0" fileid="1" />
                <SequencePoint vc="1" uspid="37" ordinal="15" offset="182" sl="55" sc="17" el="55" ec="18" bec="0" bev="0" fileid="1" />
                <SequencePoint vc="2" uspid="38" ordinal="16" offset="185" sl="56" sc="13" el="56" ec="14" bec="0" bev="0" fileid="1" />
                <SequencePoint vc="3" uspid="39" ordinal="17" offset="186" sl="44" sc="33" el="44" ec="35" bec="0" bev="0" fileid="1" />
                <SequencePoint vc="1" uspid="40" ordinal="18" offset="215" sl="58" sc="13" el="61" ec="61" bec="4" bev="2" fileid="1" />
                <SequencePoint vc="1" uspid="41" ordinal="19" offset="316" sl="63" sc="13" el="63" ec="20" bec="0" bev="0" fileid="1" />
                <SequencePoint vc="1" uspid="42" ordinal="20" offset="317" sl="63" sc="39" el="63" ec="53" bec="0" bev="0" fileid="1" />
                <SequencePoint vc="3" uspid="43" ordinal="21" offset="327" sl="63" sc="22" el="63" ec="35" bec="0" bev="0" fileid="1" />
                <SequencePoint vc="3" uspid="44" ordinal="22" offset="336" sl="63" sc="55" el="63" ec="91" bec="0" bev="0" fileid="1" />
                <SequencePoint vc="4" uspid="45" ordinal="23" offset="351" sl="63" sc="36" el="63" ec="38" bec="0" bev="0" fileid="1" />
                <SequencePoint vc="1" uspid="46" ordinal="24" offset="377" sl="64" sc="13" el="64" ec="27" bec="0" bev="0" fileid="1" />
                <SequencePoint vc="1" uspid="47" ordinal="25" offset="382" sl="65" sc="9" el="65" ec="10" bec="0" bev="0" fileid="1" />
              </SequencePoints>
              <BranchPoints>
                <BranchPoint vc="1" uspid="48" ordinal="0" offset="166" sl="53" path="0" offsetend="168" fileid="1" />
                <BranchPoint vc="0" uspid="49" ordinal="1" offset="166" sl="53" path="1" offsetend="182" fileid="1" />
                <BranchPoint vc="1" uspid="52" ordinal="4" offset="244" sl="58" path="0" offsetend="246" fileid="1" />
                <BranchPoint vc="0" uspid="53" ordinal="5" offset="244" sl="58" path="1" offsetend="269" fileid="1" />
                <BranchPoint vc="1" uspid="54" ordinal="6" offset="275" sl="58" path="0" offsetend="277" fileid="1" />
                <BranchPoint vc="0" uspid="55" ordinal="7" offset="275" sl="58" path="1" offsetend="300" fileid="1" />
              </BranchPoints>
              <MethodPoint vc="1" uspid="58" ordinal="0" offset="0" />
            </Method>
            <Method visited="true" cyclomaticComplexity="3" nPathComplexity="4" sequenceCoverage="100" branchCoverage="60" crapScore="3" isConstructor="false" isStatic="false" isGetter="false" isSetter="false">
              <Summary numSequencePoints="3" visitedSequencePoints="3" numBranchPoints="5" visitedBranchPoints="3" sequenceCoverage="100" branchCoverage="60" maxCyclomaticComplexity="3" minCyclomaticComplexity="3" maxCrapScore="3" minCrapScore="3" visitedClasses="0" numClasses="0" visitedMethods="1" numMethods="1" />
              <MetadataToken>100663301</MetadataToken>
              <Name>System.Collections.Generic.IEnumerable`1&lt;Hardware.Enums.MonitoringTarget&gt; Hardware.DataManager::GetAllTargets()</Name>
              <FileRef uid="1" />
              <SequencePoints>
                <SequencePoint vc="1" uspid="59" ordinal="0" offset="0" sl="68" sc="9" el="68" ec="10" bec="0" bev="0" fileid="1" />
                <SequencePoint vc="1" uspid="60" ordinal="1" offset="1" sl="69" sc="13" el="69" ec="140" bec="4" bev="2" fileid="1" />
                <SequencePoint vc="1" uspid="61" ordinal="2" offset="82" sl="70" sc="9" el="70" ec="10" bec="0" bev="0" fileid="1" />
              </SequencePoints>
              <BranchPoints>
                <BranchPoint vc="1" uspid="62" ordinal="0" offset="13" sl="69" path="0" offsetend="15" fileid="1" />
                <BranchPoint vc="0" uspid="63" ordinal="1" offset="13" sl="69" path="1" offsetend="38" fileid="1" />
                <BranchPoint vc="1" uspid="64" ordinal="2" offset="49" sl="69" path="0" offsetend="51" fileid="1" />
                <BranchPoint vc="0" uspid="65" ordinal="3" offset="49" sl="69" path="1" offsetend="74" fileid="1" />
              </BranchPoints>
              <MethodPoint xsi:type="SequencePoint" vc="1" uspid="59" ordinal="0" offset="0" sl="68" sc="9" el="68" ec="10" bec="0" bev="0" fileid="1" />
            </Method>
            <Method visited="true" cyclomaticComplexity="2" nPathComplexity="2" sequenceCoverage="100" branchCoverage="100" crapScore="2" isConstructor="false" isStatic="false" isGetter="false" isSetter="false">
              <Summary numSequencePoints="3" visitedSequencePoints="3" numBranchPoints="3" visitedBranchPoints="3" sequenceCoverage="100" branchCoverage="100" maxCyclomaticComplexity="2" minCyclomaticComplexity="2" maxCrapScore="2" minCrapScore="2" visitedClasses="0" numClasses="0" visitedMethods="1" numMethods="1" />
              <MetadataToken>100663302</MetadataToken>
              <Name>System.Collections.Generic.IEnumerable`1&lt;Hardware.Enums.MonitoringTarget&gt; Hardware.DataManager::GetInitialTargets()</Name>
              <FileRef uid="1" />
              <SequencePoints>
                <SequencePoint vc="2" uspid="66" ordinal="0" offset="0" sl="73" sc="9" el="73" ec="10" bec="0" bev="0" fileid="1" />
                <SequencePoint vc="2" uspid="67" ordinal="1" offset="1" sl="74" sc="13" el="76" ec="72" bec="2" bev="2" fileid="1" />
                <SequencePoint vc="2" uspid="68" ordinal="2" offset="63" sl="77" sc="9" el="77" ec="10" bec="0" bev="0" fileid="1" />
              </SequencePoints>
              <BranchPoints>
                <BranchPoint vc="1" uspid="69" ordinal="0" offset="30" sl="74" path="0" offsetend="32" fileid="1" />
                <BranchPoint vc="1" uspid="70" ordinal="1" offset="30" sl="74" path="1" offsetend="55" fileid="1" />
              </BranchPoints>
              <MethodPoint xsi:type="SequencePoint" vc="2" uspid="66" ordinal="0" offset="0" sl="73" sc="9" el="73" ec="10" bec="0" bev="0" fileid="1" />
            </Method>
            <Method visited="true" cyclomaticComplexity="3" nPathComplexity="4" sequenceCoverage="100" branchCoverage="60" crapScore="3" isConstructor="false" isStatic="false" isGetter="false" isSetter="false">
              <Summary numSequencePoints="3" visitedSequencePoints="3" numBranchPoints="5" visitedBranchPoints="3" sequenceCoverage="100" branchCoverage="60" maxCyclomaticComplexity="3" minCyclomaticComplexity="3" maxCrapScore="3" minCrapScore="3" visitedClasses="0" numClasses="0" visitedMethods="1" numMethods="1" />
              <MetadataToken>100663303</MetadataToken>
              <Name>System.Collections.Generic.IEnumerable`1&lt;Hardware.Enums.MonitoringTarget&gt; Hardware.DataManager::GetLocalTargets()</Name>
              <FileRef uid="1" />
              <SequencePoints>
                <SequencePoint vc="1" uspid="71" ordinal="0" offset="0" sl="80" sc="9" el="80" ec="10" bec="0" bev="0" fileid="1" />
                <SequencePoint vc="1" uspid="72" ordinal="1" offset="1" sl="81" sc="13" el="82" ec="85" bec="4" bev="2" fileid="1" />
                <SequencePoint vc="1" uspid="73" ordinal="2" offset="82" sl="83" sc="9" el="83" ec="10" bec="0" bev="0" fileid="1" />
              </SequencePoints>
              <BranchPoints>
                <BranchPoint vc="1" uspid="74" ordinal="0" offset="13" sl="81" path="0" offsetend="15" fileid="1" />
                <BranchPoint vc="0" uspid="75" ordinal="1" offset="13" sl="81" path="1" offsetend="38" fileid="1" />
                <BranchPoint vc="1" uspid="76" ordinal="2" offset="49" sl="81" path="0" offsetend="51" fileid="1" />
                <BranchPoint vc="0" uspid="77" ordinal="3" offset="49" sl="81" path="1" offsetend="74" fileid="1" />
              </BranchPoints>
              <MethodPoint xsi:type="SequencePoint" vc="1" uspid="71" ordinal="0" offset="0" sl="80" sc="9" el="80" ec="10" bec="0" bev="0" fileid="1" />
            </Method>
            <Method visited="true" cyclomaticComplexity="3" nPathComplexity="4" sequenceCoverage="100" branchCoverage="100" crapScore="3" isConstructor="false" isStatic="false" isGetter="false" isSetter="false">
              <Summary numSequencePoints="3" visitedSequencePoints="3" numBranchPoints="5" visitedBranchPoints="5" sequenceCoverage="100" branchCoverage="100" maxCyclomaticComplexity="3" minCyclomaticComplexity="3" maxCrapScore="3" minCrapScore="3" visitedClasses="0" numClasses="0" visitedMethods="1" numMethods="1" />
              <MetadataToken>100663304</MetadataToken>
              <Name>System.Collections.Generic.IEnumerable`1&lt;Hardware.Enums.MonitoringTarget&gt; Hardware.DataManager::GetRemoteTargets()</Name>
              <FileRef uid="1" />
              <SequencePoints>
                <SequencePoint vc="3" uspid="78" ordinal="0" offset="0" sl="86" sc="9" el="86" ec="10" bec="0" bev="0" fileid="1" />
                <SequencePoint vc="3" uspid="79" ordinal="1" offset="1" sl="87" sc="13" el="88" ec="85" bec="4" bev="4" fileid="1" />
                <SequencePoint vc="3" uspid="80" ordinal="2" offset="82" sl="89" sc="9" el="89" ec="10" bec="0" bev="0" fileid="1" />
              </SequencePoints>
              <BranchPoints>
                <BranchPoint vc="1" uspid="81" ordinal="0" offset="13" sl="87" path="0" offsetend="15" fileid="1" />
                <BranchPoint vc="2" uspid="82" ordinal="1" offset="13" sl="87" path="1" offsetend="38" fileid="1" />
                <BranchPoint vc="1" uspid="83" ordinal="2" offset="49" sl="87" path="0" offsetend="51" fileid="1" />
                <BranchPoint vc="2" uspid="84" ordinal="3" offset="49" sl="87" path="1" offsetend="74" fileid="1" />
              </BranchPoints>
              <MethodPoint xsi:type="SequencePoint" vc="3" uspid="78" ordinal="0" offset="0" sl="86" sc="9" el="86" ec="10" bec="0" bev="0" fileid="1" />
            </Method>
            <Method visited="true" cyclomaticComplexity="6" nPathComplexity="8" sequenceCoverage="100" branchCoverage="100" crapScore="6" isConstructor="false" isStatic="false" isGetter="false" isSetter="false">
              <Summary numSequencePoints="12" visitedSequencePoints="12" numBranchPoints="7" visitedBranchPoints="7" sequenceCoverage="100" branchCoverage="100" maxCyclomaticComplexity="6" minCyclomaticComplexity="6" maxCrapScore="6" minCrapScore="6" visitedClasses="0" numClasses="0" visitedMethods="1" numMethods="1" />
              <MetadataToken>100663305</MetadataToken>
              <Name>System.Boolean Hardware.DataManager::IsRemoteMonitoringEnabled()</Name>
              <FileRef uid="1" />
              <SequencePoints>
                <SequencePoint vc="11" uspid="85" ordinal="0" offset="0" sl="92" sc="9" el="92" ec="10" bec="0" bev="0" fileid="1" />
                <SequencePoint vc="11" uspid="86" ordinal="1" offset="1" sl="93" sc="13" el="93" ec="20" bec="0" bev="0" fileid="1" />
                <SequencePoint vc="11" uspid="87" ordinal="2" offset="2" sl="93" sc="84" el="93" ec="132" bec="2" bev="2" fileid="1" />
                <SequencePoint vc="10" uspid="88" ordinal="3" offset="52" sl="93" sc="22" el="93" ec="80" bec="0" bev="0" fileid="1" />
                <SequencePoint vc="10" uspid="89" ordinal="4" offset="59" sl="94" sc="13" el="94" ec="14" bec="0" bev="0" fileid="1" />
                <SequencePoint vc="10" uspid="90" ordinal="5" offset="60" sl="95" sc="17" el="95" ec="56" bec="0" bev="0" fileid="1" />
                <SequencePoint vc="10" uspid="91" ordinal="6" offset="73" sl="96" sc="17" el="96" ec="27" bec="2" bev="2" fileid="1" />
                <SequencePoint vc="4" uspid="92" ordinal="7" offset="81" sl="96" sc="28" el="96" ec="41" bec="0" bev="0" fileid="1" />
                <SequencePoint vc="6" uspid="93" ordinal="8" offset="86" sl="97" sc="13" el="97" ec="14" bec="0" bev="0" fileid="1" />
                <SequencePoint vc="17" uspid="94" ordinal="9" offset="87" sl="93" sc="81" el="93" ec="83" bec="0" bev="0" fileid="1" />
                <SequencePoint vc="7" uspid="95" ordinal="10" offset="108" sl="98" sc="13" el="98" ec="67" bec="2" bev="2" fileid="1" />
                <SequencePoint vc="11" uspid="96" ordinal="11" offset="154" sl="99" sc="9" el="99" ec="10" bec="0" bev="0" fileid="1" />
              </SequencePoints>
              <BranchPoints>
                <BranchPoint vc="1" uspid="97" ordinal="0" offset="14" sl="93" path="0" offsetend="16" fileid="1" />
                <BranchPoint vc="10" uspid="98" ordinal="1" offset="14" sl="93" path="1" offsetend="39" fileid="1" />
                <BranchPoint vc="4" uspid="99" ordinal="2" offset="79" sl="96" path="0" offsetend="81" fileid="1" />
                <BranchPoint vc="6" uspid="100" ordinal="3" offset="79" sl="96" path="1" offsetend="86" fileid="1" />
                <BranchPoint vc="1" uspid="103" ordinal="6" offset="120" sl="98" path="0" offsetend="122" fileid="1" />
                <BranchPoint vc="6" uspid="104" ordinal="7" offset="120" sl="98" path="1" offsetend="145" fileid="1" />
              </BranchPoints>
              <MethodPoint xsi:type="SequencePoint" vc="11" uspid="85" ordinal="0" offset="0" sl="92" sc="9" el="92" ec="10" bec="0" bev="0" fileid="1" />
            </Method>
            <Method visited="true" cyclomaticComplexity="4" nPathComplexity="8" sequenceCoverage="100" branchCoverage="100" crapScore="4" isConstructor="false" isStatic="false" isGetter="false" isSetter="false">
              <Summary numSequencePoints="3" visitedSequencePoints="3" numBranchPoints="7" visitedBranchPoints="7" sequenceCoverage="100" branchCoverage="100" maxCyclomaticComplexity="4" minCyclomaticComplexity="4" maxCrapScore="4" minCrapScore="4" visitedClasses="0" numClasses="0" visitedMethods="1" numMethods="1" />
              <MetadataToken>100663306</MetadataToken>
              <Name>System.Collections.Generic.IDictionary`2&lt;Hardware.Models.ComputerResource,Hardware.Connectors.ConnectorBase&gt; Hardware.DataManager::GetAvailableTargets_Internal()</Name>
              <FileRef uid="1" />
              <SequencePoints>
                <SequencePoint vc="5" uspid="105" ordinal="0" offset="0" sl="104" sc="9" el="104" ec="10" bec="0" bev="0" fileid="1" />
                <SequencePoint vc="5" uspid="106" ordinal="1" offset="1" sl="105" sc="13" el="105" ec="125" bec="6" bev="6" fileid="1" />
                <SequencePoint vc="5" uspid="107" ordinal="2" offset="113" sl="106" sc="9" el="106" ec="10" bec="0" bev="0" fileid="1" />
              </SequencePoints>
              <BranchPoints>
                <BranchPoint vc="1" uspid="108" ordinal="0" offset="13" sl="105" path="0" offsetend="15" fileid="1" />
                <BranchPoint vc="4" uspid="109" ordinal="1" offset="13" sl="105" path="1" offsetend="38" fileid="1" />
                <BranchPoint vc="1" uspid="110" ordinal="2" offset="49" sl="105" path="0" offsetend="51" fileid="1" />
                <BranchPoint vc="4" uspid="111" ordinal="3" offset="49" sl="105" path="1" offsetend="74" fileid="1" />
                <BranchPoint vc="1" uspid="112" ordinal="4" offset="80" sl="105" path="0" offsetend="82" fileid="1" />
                <BranchPoint vc="4" uspid="113" ordinal="5" offset="80" sl="105" path="1" offsetend="105" fileid="1" />
              </BranchPoints>
              <MethodPoint xsi:type="SequencePoint" vc="5" uspid="105" ordinal="0" offset="0" sl="104" sc="9" el="104" ec="10" bec="0" bev="0" fileid="1" />
            </Method>
            <Method visited="true" cyclomaticComplexity="7" nPathComplexity="16" sequenceCoverage="100" branchCoverage="100" crapScore="7" isConstructor="false" isStatic="false" isGetter="false" isSetter="false">
              <Summary numSequencePoints="18" visitedSequencePoints="18" numBranchPoints="9" visitedBranchPoints="9" sequenceCoverage="100" branchCoverage="100" maxCyclomaticComplexity="7" minCyclomaticComplexity="7" maxCrapScore="7" minCrapScore="7" visitedClasses="0" numClasses="0" visitedMethods="1" numMethods="1" />
              <MetadataToken>100663307</MetadataToken>
              <Name>System.Void Hardware.DataManager::SetAvailableTargets_Internal()</Name>
              <FileRef uid="1" />
              <SequencePoints>
                <SequencePoint vc="9" uspid="114" ordinal="0" offset="0" sl="109" sc="9" el="109" ec="10" bec="0" bev="0" fileid="1" />
                <SequencePoint vc="9" uspid="115" ordinal="1" offset="1" sl="111" sc="13" el="111" ec="171" bec="6" bev="6" fileid="1" />
                <SequencePoint vc="9" uspid="116" ordinal="2" offset="111" sl="113" sc="13" el="113" ec="20" bec="0" bev="0" fileid="1" />
                <SequencePoint vc="9" uspid="117" ordinal="3" offset="112" sl="113" sc="36" el="113" ec="43" bec="0" bev="0" fileid="1" />
                <SequencePoint vc="96" uspid="118" ordinal="4" offset="127" sl="113" sc="22" el="113" ec="32" bec="0" bev="0" fileid="1" />
                <SequencePoint vc="96" uspid="119" ordinal="5" offset="139" sl="114" sc="13" el="114" ec="14" bec="0" bev="0" fileid="1" />
                <SequencePoint vc="96" uspid="120" ordinal="6" offset="140" sl="116" sc="17" el="116" ec="18" bec="0" bev="0" fileid="1" />
                <SequencePoint vc="96" uspid="121" ordinal="7" offset="141" sl="117" sc="21" el="117" ec="75" bec="0" bev="0" fileid="1" />
                <SequencePoint vc="88" uspid="122" ordinal="8" offset="159" sl="118" sc="21" el="118" ec="43" bec="2" bev="2" fileid="1" />
                <SequencePoint vc="51" uspid="123" ordinal="9" offset="169" sl="118" sc="44" el="118" ec="104" bec="0" bev="0" fileid="1" />
                <SequencePoint vc="37" uspid="124" ordinal="10" offset="186" sl="119" sc="17" el="119" ec="18" bec="0" bev="0" fileid="1" />
                <SequencePoint vc="59" uspid="125" ordinal="11" offset="189" sl="120" sc="17" el="120" ec="36" bec="0" bev="0" fileid="1" />
                <SequencePoint vc="59" uspid="126" ordinal="12" offset="191" sl="120" sc="37" el="120" ec="38" bec="0" bev="0" fileid="1" />
                <SequencePoint vc="59" uspid="127" ordinal="13" offset="192" sl="120" sc="39" el="120" ec="117" bec="0" bev="0" fileid="1" />
                <SequencePoint vc="59" uspid="128" ordinal="14" offset="232" sl="120" sc="118" el="120" ec="119" bec="0" bev="0" fileid="1" />
                <SequencePoint vc="96" uspid="129" ordinal="15" offset="235" sl="121" sc="13" el="121" ec="14" bec="0" bev="0" fileid="1" />
                <SequencePoint vc="105" uspid="130" ordinal="16" offset="236" sl="113" sc="33" el="113" ec="35" bec="0" bev="0" fileid="1" />
                <SequencePoint vc="9" uspid="131" ordinal="17" offset="257" sl="122" sc="9" el="122" ec="10" bec="0" bev="0" fileid="1" />
              </SequencePoints>
              <BranchPoints>
                <BranchPoint vc="4" uspid="132" ordinal="0" offset="7" sl="111" path="0" offsetend="9" fileid="1" />
                <BranchPoint vc="5" uspid="133" ordinal="1" offset="7" sl="111" path="1" offsetend="94" fileid="1" />
                <BranchPoint vc="1" uspid="134" ordinal="2" offset="21" sl="111" path="0" offsetend="23" fileid="1" />
                <BranchPoint vc="3" uspid="135" ordinal="3" offset="21" sl="111" path="1" offsetend="46" fileid="1" />
                <BranchPoint vc="1" uspid="136" ordinal="4" offset="57" sl="111" path="0" offsetend="59" fileid="1" />
                <BranchPoint vc="3" uspid="137" ordinal="5" offset="57" sl="111" path="1" offsetend="82" fileid="1" />
                <BranchPoint vc="51" uspid="138" ordinal="6" offset="167" sl="118" path="0" offsetend="169" fileid="1" />
                <BranchPoint vc="37" uspid="139" ordinal="7" offset="167" sl="118" path="1" offsetend="186" fileid="1" />
              </BranchPoints>
              <MethodPoint xsi:type="SequencePoint" vc="9" uspid="114" ordinal="0" offset="0" sl="109" sc="9" el="109" ec="10" bec="0" bev="0" fileid="1" />
            </Method>
            <Method visited="true" cyclomaticComplexity="2" nPathComplexity="0" sequenceCoverage="100" branchCoverage="100" crapScore="2" isConstructor="false" isStatic="false" isGetter="false" isSetter="false">
              <Summary numSequencePoints="10" visitedSequencePoints="10" numBranchPoints="1" visitedBranchPoints="1" sequenceCoverage="100" branchCoverage="100" maxCyclomaticComplexity="2" minCyclomaticComplexity="2" maxCrapScore="2" minCrapScore="2" visitedClasses="0" numClasses="0" visitedMethods="1" numMethods="1" />
              <MetadataToken>100663308</MetadataToken>
              <Name>System.Void Hardware.DataManager::SetMonitoringTargets(System.String)</Name>
              <FileRef uid="1" />
              <SequencePoints>
                <SequencePoint vc="9" uspid="142" ordinal="0" offset="0" sl="125" sc="9" el="125" ec="10" bec="0" bev="0" fileid="1" />
                <SequencePoint vc="9" uspid="143" ordinal="1" offset="1" sl="126" sc="13" el="126" ec="83" bec="0" bev="0" fileid="1" />
                <SequencePoint vc="9" uspid="144" ordinal="2" offset="12" sl="127" sc="13" el="127" ec="110" bec="0" bev="0" fileid="1" />
                <SequencePoint vc="9" uspid="145" ordinal="3" offset="25" sl="128" sc="13" el="128" ec="20" bec="0" bev="0" fileid="1" />
                <SequencePoint vc="9" uspid="146" ordinal="4" offset="26" sl="128" sc="39" el="128" ec="69" bec="0" bev="0" fileid="1" />
                <SequencePoint vc="105" uspid="147" ordinal="5" offset="40" sl="128" sc="22" el="128" ec="35" bec="0" bev="0" fileid="1" />
                <SequencePoint vc="105" uspid="148" ordinal="6" offset="48" sl="128" sc="71" el="128" ec="110" bec="0" bev="0" fileid="1" />
                <SequencePoint vc="114" uspid="149" ordinal="7" offset="62" sl="128" sc="36" el="128" ec="38" bec="0" bev="0" fileid="1" />
                <SequencePoint vc="9" uspid="150" ordinal="8" offset="88" sl="129" sc="13" el="129" ec="76" bec="0" bev="0" fileid="1" />
                <SequencePoint vc="9" uspid="151" ordinal="9" offset="100" sl="130" sc="9" el="130" ec="10" bec="0" bev="0" fileid="1" />
              </SequencePoints>
              <BranchPoints />
              <MethodPoint xsi:type="SequencePoint" vc="9" uspid="142" ordinal="0" offset="0" sl="125" sc="9" el="125" ec="10" bec="0" bev="0" fileid="1" />
            </Method>
            <Method visited="true" cyclomaticComplexity="2" nPathComplexity="2" sequenceCoverage="100" branchCoverage="100" crapScore="2" isConstructor="false" isStatic="false" isGetter="false" isSetter="false">
              <Summary numSequencePoints="1" visitedSequencePoints="1" numBranchPoints="3" visitedBranchPoints="3" sequenceCoverage="100" branchCoverage="100" maxCyclomaticComplexity="2" minCyclomaticComplexity="2" maxCrapScore="2" minCrapScore="2" visitedClasses="0" numClasses="0" visitedMethods="1" numMethods="1" />
              <MetadataToken>100663309</MetadataToken>
              <Name>System.Boolean Hardware.DataManager::&lt;GetInitialTargets&gt;b__10_0(System.Collections.Generic.KeyValuePair`2&lt;Hardware.Models.ComputerResource,Hardware.Connectors.ConnectorBase&gt;)</Name>
              <FileRef uid="1" />
              <SequencePoints>
                <SequencePoint vc="60" uspid="154" ordinal="0" offset="0" sl="74" sc="51" el="75" ec="95" bec="2" bev="2" fileid="1" />
              </SequencePoints>
              <BranchPoints>
                <BranchPoint vc="10" uspid="155" ordinal="0" offset="23" sl="74" path="0" offsetend="25" fileid="1" />
                <BranchPoint vc="50" uspid="156" ordinal="1" offset="23" sl="74" path="1" offsetend="42" fileid="1" />
              </BranchPoints>
              <MethodPoint xsi:type="SequencePoint" vc="60" uspid="154" ordinal="0" offset="0" sl="74" sc="51" el="75" ec="95" bec="2" bev="2" fileid="1" />
            </Method>
          </Methods>
        </Class>
        <Class>
          <Summary numSequencePoints="1" visitedSequencePoints="1" numBranchPoints="1" visitedBranchPoints="1" sequenceCoverage="100" branchCoverage="100" maxCyclomaticComplexity="1" minCyclomaticComplexity="1" maxCrapScore="2" minCrapScore="1" visitedClasses="1" numClasses="1" visitedMethods="1" numMethods="1" />
          <FullName>Hardware.DataManager/&lt;&gt;c__DisplayClass7_0</FullName>
          <Methods>
            <Method visited="false" cyclomaticComplexity="1" nPathComplexity="0" sequenceCoverage="0" branchCoverage="0" crapScore="2" isConstructor="true" isStatic="false" isGetter="false" isSetter="false">
              <Summary numSequencePoints="0" visitedSequencePoints="0" numBranchPoints="0" visitedBranchPoints="0" sequenceCoverage="0" branchCoverage="0" maxCyclomaticComplexity="1" minCyclomaticComplexity="1" maxCrapScore="2" minCrapScore="2" visitedClasses="0" numClasses="0" visitedMethods="0" numMethods="0" />
              <MetadataToken>100663496</MetadataToken>
              <Name>System.Void Hardware.DataManager/&lt;&gt;c__DisplayClass7_0::.ctor()</Name>
              <SequencePoints />
              <BranchPoints />
              <MethodPoint vc="0" uspid="157" ordinal="0" offset="0" />
            </Method>
            <Method visited="true" cyclomaticComplexity="1" nPathComplexity="0" sequenceCoverage="100" branchCoverage="100" crapScore="1" isConstructor="false" isStatic="false" isGetter="false" isSetter="false">
              <Summary numSequencePoints="1" visitedSequencePoints="1" numBranchPoints="1" visitedBranchPoints="1" sequenceCoverage="100" branchCoverage="100" maxCyclomaticComplexity="1" minCyclomaticComplexity="1" maxCrapScore="1" minCrapScore="1" visitedClasses="0" numClasses="0" visitedMethods="1" numMethods="1" />
              <MetadataToken>100663497</MetadataToken>
              <Name>System.Boolean Hardware.DataManager/&lt;&gt;c__DisplayClass7_0::&lt;GetCalculatedValue&gt;b__0(System.Collections.Generic.KeyValuePair`2&lt;Hardware.Models.ComputerResource,Hardware.Connectors.ConnectorBase&gt;)</Name>
              <FileRef uid="1" />
              <SequencePoints>
                <SequencePoint vc="1707" uspid="158" ordinal="0" offset="0" sl="35" sc="70" el="35" ec="98" bec="0" bev="0" fileid="1" />
              </SequencePoints>
              <BranchPoints />
              <MethodPoint xsi:type="SequencePoint" vc="1707" uspid="158" ordinal="0" offset="0" sl="35" sc="70" el="35" ec="98" bec="0" bev="0" fileid="1" />
            </Method>
          </Methods>
        </Class>
        <Class>
          <Summary numSequencePoints="1" visitedSequencePoints="1" numBranchPoints="3" visitedBranchPoints="2" sequenceCoverage="100" branchCoverage="66.67" maxCyclomaticComplexity="2" minCyclomaticComplexity="1" maxCrapScore="2" minCrapScore="2" visitedClasses="1" numClasses="1" visitedMethods="1" numMethods="1" />
          <FullName>Hardware.DataManager/&lt;&gt;c__DisplayClass8_0</FullName>
          <Methods>
            <Method visited="false" cyclomaticComplexity="1" nPathComplexity="0" sequenceCoverage="0" branchCoverage="0" crapScore="2" isConstructor="true" isStatic="false" isGetter="false" isSetter="false">
              <Summary numSequencePoints="0" visitedSequencePoints="0" numBranchPoints="0" visitedBranchPoints="0" sequenceCoverage="0" branchCoverage="0" maxCyclomaticComplexity="1" minCyclomaticComplexity="1" maxCrapScore="2" minCrapScore="2" visitedClasses="0" numClasses="0" visitedMethods="0" numMethods="0" />
              <MetadataToken>100663498</MetadataToken>
              <Name>System.Void Hardware.DataManager/&lt;&gt;c__DisplayClass8_0::.ctor()</Name>
              <SequencePoints />
              <BranchPoints />
              <MethodPoint vc="0" uspid="159" ordinal="0" offset="0" />
            </Method>
            <Method visited="true" cyclomaticComplexity="2" nPathComplexity="2" sequenceCoverage="100" branchCoverage="66.67" crapScore="2" isConstructor="false" isStatic="false" isGetter="false" isSetter="false">
              <Summary numSequencePoints="1" visitedSequencePoints="1" numBranchPoints="3" visitedBranchPoints="2" sequenceCoverage="100" branchCoverage="66.67" maxCyclomaticComplexity="2" minCyclomaticComplexity="2" maxCrapScore="2" minCrapScore="2" visitedClasses="0" numClasses="0" visitedMethods="1" numMethods="1" />
              <MetadataToken>100663499</MetadataToken>
              <Name>System.Boolean Hardware.DataManager/&lt;&gt;c__DisplayClass8_0::&lt;GetCalculatedValues&gt;b__0(System.Collections.Generic.KeyValuePair`2&lt;Hardware.Models.ComputerResource,Hardware.Connectors.ConnectorBase&gt;)</Name>
              <FileRef uid="1" />
              <SequencePoints>
                <SequencePoint vc="4" uspid="160" ordinal="0" offset="0" sl="58" sc="65" el="58" ec="123" bec="2" bev="1" fileid="1" />
              </SequencePoints>
              <BranchPoints>
                <BranchPoint vc="4" uspid="161" ordinal="0" offset="7" sl="58" path="0" offsetend="9" fileid="1" />
                <BranchPoint vc="0" uspid="162" ordinal="1" offset="7" sl="58" path="1" offsetend="37" fileid="1" />
              </BranchPoints>
              <MethodPoint xsi:type="SequencePoint" vc="4" uspid="160" ordinal="0" offset="0" sl="58" sc="65" el="58" ec="123" bec="2" bev="1" fileid="1" />
            </Method>
          </Methods>
        </Class>
        <Class>
          <Summary numSequencePoints="16" visitedSequencePoints="16" numBranchPoints="32" visitedBranchPoints="26" sequenceCoverage="100" branchCoverage="81.25" maxCyclomaticComplexity="6" minCyclomaticComplexity="1" maxCrapScore="6" minCrapScore="1" visitedClasses="1" numClasses="1" visitedMethods="16" numMethods="16" />
          <FullName>Hardware.DataManager/&lt;&gt;c</FullName>
          <Methods>
            <Method visited="false" cyclomaticComplexity="1" nPathComplexity="0" sequenceCoverage="0" branchCoverage="0" crapScore="2" isConstructor="true" isStatic="true" isGetter="false" isSetter="false">
              <Summary numSequencePoints="0" visitedSequencePoints="0" numBranchPoints="0" visitedBranchPoints="0" sequenceCoverage="0" branchCoverage="0" maxCyclomaticComplexity="1" minCyclomaticComplexity="1" maxCrapScore="2" minCrapScore="2" visitedClasses="0" numClasses="0" visitedMethods="0" numMethods="0" />
              <MetadataToken>100663500</MetadataToken>
              <Name>System.Void Hardware.DataManager/&lt;&gt;c::.cctor()</Name>
              <SequencePoints />
              <BranchPoints />
              <MethodPoint vc="0" uspid="163" ordinal="0" offset="0" />
            </Method>
            <Method visited="false" cyclomaticComplexity="1" nPathComplexity="0" sequenceCoverage="0" branchCoverage="0" crapScore="2" isConstructor="true" isStatic="false" isGetter="false" isSetter="false">
              <Summary numSequencePoints="0" visitedSequencePoints="0" numBranchPoints="0" visitedBranchPoints="0" sequenceCoverage="0" branchCoverage="0" maxCyclomaticComplexity="1" minCyclomaticComplexity="1" maxCrapScore="2" minCrapScore="2" visitedClasses="0" numClasses="0" visitedMethods="0" numMethods="0" />
              <MetadataToken>100663501</MetadataToken>
              <Name>System.Void Hardware.DataManager/&lt;&gt;c::.ctor()</Name>
              <SequencePoints />
              <BranchPoints />
              <MethodPoint vc="0" uspid="164" ordinal="0" offset="0" />
            </Method>
            <Method visited="true" cyclomaticComplexity="1" nPathComplexity="0" sequenceCoverage="100" branchCoverage="100" crapScore="1" isConstructor="false" isStatic="false" isGetter="false" isSetter="false">
              <Summary numSequencePoints="1" visitedSequencePoints="1" numBranchPoints="1" visitedBranchPoints="1" sequenceCoverage="100" branchCoverage="100" maxCyclomaticComplexity="1" minCyclomaticComplexity="1" maxCrapScore="1" minCrapScore="1" visitedClasses="0" numClasses="0" visitedMethods="1" numMethods="1" />
              <MetadataToken>100663502</MetadataToken>
              <Name>Hardware.Models.ComputerResource Hardware.DataManager/&lt;&gt;c::&lt;GetCalculatedValues&gt;b__8_1(System.Collections.Generic.KeyValuePair`2&lt;Hardware.Models.ComputerResource,Hardware.Connectors.ConnectorBase&gt;)</Name>
              <FileRef uid="1" />
              <SequencePoints>
                <SequencePoint vc="3" uspid="165" ordinal="0" offset="0" sl="59" sc="72" el="59" ec="79" bec="0" bev="0" fileid="1" />
              </SequencePoints>
              <BranchPoints />
              <MethodPoint xsi:type="SequencePoint" vc="3" uspid="165" ordinal="0" offset="0" sl="59" sc="72" el="59" ec="79" bec="0" bev="0" fileid="1" />
            </Method>
            <Method visited="true" cyclomaticComplexity="1" nPathComplexity="0" sequenceCoverage="100" branchCoverage="100" crapScore="1" isConstructor="false" isStatic="false" isGetter="false" isSetter="false">
              <Summary numSequencePoints="1" visitedSequencePoints="1" numBranchPoints="1" visitedBranchPoints="1" sequenceCoverage="100" branchCoverage="100" maxCyclomaticComplexity="1" minCyclomaticComplexity="1" maxCrapScore="1" minCrapScore="1" visitedClasses="0" numClasses="0" visitedMethods="1" numMethods="1" />
              <MetadataToken>100663503</MetadataToken>
              <Name>Hardware.Connectors.ConnectorBase Hardware.DataManager/&lt;&gt;c::&lt;GetCalculatedValues&gt;b__8_2(System.Collections.Generic.KeyValuePair`2&lt;Hardware.Models.ComputerResource,Hardware.Connectors.ConnectorBase&gt;)</Name>
              <FileRef uid="1" />
              <SequencePoints>
                <SequencePoint vc="3" uspid="166" ordinal="0" offset="0" sl="59" sc="88" el="59" ec="97" bec="0" bev="0" fileid="1" />
              </SequencePoints>
              <BranchPoints />
              <MethodPoint xsi:type="SequencePoint" vc="3" uspid="166" ordinal="0" offset="0" sl="59" sc="88" el="59" ec="97" bec="0" bev="0" fileid="1" />
            </Method>
            <Method visited="true" cyclomaticComplexity="5" nPathComplexity="4" sequenceCoverage="100" branchCoverage="60" crapScore="5" isConstructor="false" isStatic="false" isGetter="false" isSetter="false">
              <Summary numSequencePoints="1" visitedSequencePoints="1" numBranchPoints="5" visitedBranchPoints="3" sequenceCoverage="100" branchCoverage="60" maxCyclomaticComplexity="5" minCyclomaticComplexity="5" maxCrapScore="5" minCrapScore="5" visitedClasses="0" numClasses="0" visitedMethods="1" numMethods="1" />
              <MetadataToken>100663504</MetadataToken>
              <Name>System.Boolean Hardware.DataManager/&lt;&gt;c::&lt;GetAllTargets&gt;b__9_0(System.Collections.Generic.KeyValuePair`2&lt;Hardware.Models.ComputerResource,Hardware.Connectors.ConnectorBase&gt;)</Name>
              <FileRef uid="1" />
              <SequencePoints>
                <SequencePoint vc="4" uspid="167" ordinal="0" offset="0" sl="69" sc="64" el="69" ec="104" bec="4" bev="2" fileid="1" />
              </SequencePoints>
              <BranchPoints>
                <BranchPoint vc="4" uspid="168" ordinal="0" offset="20" sl="69" path="0" offsetend="22" fileid="1" />
                <BranchPoint vc="0" uspid="169" ordinal="1" offset="20" sl="69" path="1" offsetend="33" fileid="1" />
                <BranchPoint vc="4" uspid="170" ordinal="2" offset="56" sl="69" path="0" offsetend="58" fileid="1" />
                <BranchPoint vc="0" uspid="171" ordinal="3" offset="56" sl="69" path="1" offsetend="61" fileid="1" />
              </BranchPoints>
              <MethodPoint xsi:type="SequencePoint" vc="4" uspid="167" ordinal="0" offset="0" sl="69" sc="64" el="69" ec="104" bec="4" bev="2" fileid="1" />
            </Method>
            <Method visited="true" cyclomaticComplexity="1" nPathComplexity="0" sequenceCoverage="100" branchCoverage="100" crapScore="1" isConstructor="false" isStatic="false" isGetter="false" isSetter="false">
              <Summary numSequencePoints="1" visitedSequencePoints="1" numBranchPoints="1" visitedBranchPoints="1" sequenceCoverage="100" branchCoverage="100" maxCyclomaticComplexity="1" minCyclomaticComplexity="1" maxCrapScore="1" minCrapScore="1" visitedClasses="0" numClasses="0" visitedMethods="1" numMethods="1" />
              <MetadataToken>100663505</MetadataToken>
              <Name>Hardware.Enums.MonitoringTarget Hardware.DataManager/&lt;&gt;c::&lt;GetAllTargets&gt;b__9_1(System.Collections.Generic.KeyValuePair`2&lt;Hardware.Models.ComputerResource,Hardware.Connectors.ConnectorBase&gt;)</Name>
              <FileRef uid="1" />
              <SequencePoints>
                <SequencePoint vc="4" uspid="172" ordinal="0" offset="0" sl="69" sc="120" el="69" ec="138" bec="0" bev="0" fileid="1" />
              </SequencePoints>
              <BranchPoints />
              <MethodPoint xsi:type="SequencePoint" vc="4" uspid="172" ordinal="0" offset="0" sl="69" sc="120" el="69" ec="138" bec="0" bev="0" fileid="1" />
            </Method>
            <Method visited="true" cyclomaticComplexity="1" nPathComplexity="0" sequenceCoverage="100" branchCoverage="100" crapScore="1" isConstructor="false" isStatic="false" isGetter="false" isSetter="false">
              <Summary numSequencePoints="1" visitedSequencePoints="1" numBranchPoints="1" visitedBranchPoints="1" sequenceCoverage="100" branchCoverage="100" maxCyclomaticComplexity="1" minCyclomaticComplexity="1" maxCrapScore="1" minCrapScore="1" visitedClasses="0" numClasses="0" visitedMethods="1" numMethods="1" />
              <MetadataToken>100663506</MetadataToken>
              <Name>Hardware.Enums.MonitoringTarget Hardware.DataManager/&lt;&gt;c::&lt;GetInitialTargets&gt;b__10_1(System.Collections.Generic.KeyValuePair`2&lt;Hardware.Models.ComputerResource,Hardware.Connectors.ConnectorBase&gt;)</Name>
              <FileRef uid="1" />
              <SequencePoints>
                <SequencePoint vc="8" uspid="173" ordinal="0" offset="0" sl="76" sc="52" el="76" ec="70" bec="0" bev="0" fileid="1" />
              </SequencePoints>
              <BranchPoints />
              <MethodPoint xsi:type="SequencePoint" vc="8" uspid="173" ordinal="0" offset="0" sl="76" sc="52" el="76" ec="70" bec="0" bev="0" fileid="1" />
            </Method>
            <Method visited="true" cyclomaticComplexity="6" nPathComplexity="8" sequenceCoverage="100" branchCoverage="71.43" crapScore="6" isConstructor="false" isStatic="false" isGetter="false" isSetter="false">
              <Summary numSequencePoints="1" visitedSequencePoints="1" numBranchPoints="7" visitedBranchPoints="5" sequenceCoverage="100" branchCoverage="71.43" maxCyclomaticComplexity="6" minCyclomaticComplexity="6" maxCrapScore="6" minCrapScore="6" visitedClasses="0" numClasses="0" visitedMethods="1" numMethods="1" />
              <MetadataToken>100663507</MetadataToken>
              <Name>System.Boolean Hardware.DataManager/&lt;&gt;c::&lt;GetLocalTargets&gt;b__11_0(System.Collections.Generic.KeyValuePair`2&lt;Hardware.Models.ComputerResource,Hardware.Connectors.ConnectorBase&gt;)</Name>
              <FileRef uid="1" />
              <SequencePoints>
                <SequencePoint vc="5" uspid="174" ordinal="0" offset="0" sl="81" sc="64" el="81" ec="125" bec="6" bev="4" fileid="1" />
              </SequencePoints>
              <BranchPoints>
                <BranchPoint vc="3" uspid="175" ordinal="0" offset="12" sl="81" path="0" offsetend="14" fileid="1" />
                <BranchPoint vc="2" uspid="176" ordinal="1" offset="12" sl="81" path="1" offsetend="84" fileid="1" />
                <BranchPoint vc="0" uspid="177" ordinal="2" offset="34" sl="81" path="0" offsetend="36" fileid="1" />
                <BranchPoint vc="3" uspid="178" ordinal="3" offset="34" sl="81" path="1" offsetend="47" fileid="1" />
                <BranchPoint vc="0" uspid="179" ordinal="4" offset="70" sl="81" path="0" offsetend="72" fileid="1" />
                <BranchPoint vc="3" uspid="180" ordinal="5" offset="70" sl="81" path="1" offsetend="75" fileid="1" />
              </BranchPoints>
              <MethodPoint xsi:type="SequencePoint" vc="5" uspid="174" ordinal="0" offset="0" sl="81" sc="64" el="81" ec="125" bec="6" bev="4" fileid="1" />
            </Method>
            <Method visited="true" cyclomaticComplexity="1" nPathComplexity="0" sequenceCoverage="100" branchCoverage="100" crapScore="1" isConstructor="false" isStatic="false" isGetter="false" isSetter="false">
              <Summary numSequencePoints="1" visitedSequencePoints="1" numBranchPoints="1" visitedBranchPoints="1" sequenceCoverage="100" branchCoverage="100" maxCyclomaticComplexity="1" minCyclomaticComplexity="1" maxCrapScore="1" minCrapScore="1" visitedClasses="0" numClasses="0" visitedMethods="1" numMethods="1" />
              <MetadataToken>100663508</MetadataToken>
              <Name>Hardware.Enums.MonitoringTarget Hardware.DataManager/&lt;&gt;c::&lt;GetLocalTargets&gt;b__11_1(System.Collections.Generic.KeyValuePair`2&lt;Hardware.Models.ComputerResource,Hardware.Connectors.ConnectorBase&gt;)</Name>
              <FileRef uid="1" />
              <SequencePoints>
                <SequencePoint vc="3" uspid="181" ordinal="0" offset="0" sl="82" sc="65" el="82" ec="83" bec="0" bev="0" fileid="1" />
              </SequencePoints>
              <BranchPoints />
              <MethodPoint xsi:type="SequencePoint" vc="3" uspid="181" ordinal="0" offset="0" sl="82" sc="65" el="82" ec="83" bec="0" bev="0" fileid="1" />
            </Method>
            <Method visited="true" cyclomaticComplexity="6" nPathComplexity="8" sequenceCoverage="100" branchCoverage="71.43" crapScore="6" isConstructor="false" isStatic="false" isGetter="false" isSetter="false">
              <Summary numSequencePoints="1" visitedSequencePoints="1" numBranchPoints="7" visitedBranchPoints="5" sequenceCoverage="100" branchCoverage="71.43" maxCyclomaticComplexity="6" minCyclomaticComplexity="6" maxCrapScore="6" minCrapScore="6" visitedClasses="0" numClasses="0" visitedMethods="1" numMethods="1" />
              <MetadataToken>100663509</MetadataToken>
              <Name>System.Boolean Hardware.DataManager/&lt;&gt;c::&lt;GetRemoteTargets&gt;b__12_0(System.Collections.Generic.KeyValuePair`2&lt;Hardware.Models.ComputerResource,Hardware.Connectors.ConnectorBase&gt;)</Name>
              <FileRef uid="1" />
              <SequencePoints>
                <SequencePoint vc="8" uspid="182" ordinal="0" offset="0" sl="87" sc="64" el="87" ec="124" bec="6" bev="4" fileid="1" />
              </SequencePoints>
              <BranchPoints>
                <BranchPoint vc="3" uspid="183" ordinal="0" offset="12" sl="87" path="0" offsetend="14" fileid="1" />
                <BranchPoint vc="5" uspid="184" ordinal="1" offset="12" sl="87" path="1" offsetend="84" fileid="1" />
                <BranchPoint vc="0" uspid="185" ordinal="2" offset="34" sl="87" path="0" offsetend="36" fileid="1" />
                <BranchPoint vc="3" uspid="186" ordinal="3" offset="34" sl="87" path="1" offsetend="47" fileid="1" />
                <BranchPoint vc="0" uspid="187" ordinal="4" offset="70" sl="87" path="0" offsetend="72" fileid="1" />
                <BranchPoint vc="3" uspid="188" ordinal="5" offset="70" sl="87" path="1" offsetend="75" fileid="1" />
              </BranchPoints>
              <MethodPoint xsi:type="SequencePoint" vc="8" uspid="182" ordinal="0" offset="0" sl="87" sc="64" el="87" ec="124" bec="6" bev="4" fileid="1" />
            </Method>
            <Method visited="true" cyclomaticComplexity="1" nPathComplexity="0" sequenceCoverage="100" branchCoverage="100" crapScore="1" isConstructor="false" isStatic="false" isGetter="false" isSetter="false">
              <Summary numSequencePoints="1" visitedSequencePoints="1" numBranchPoints="1" visitedBranchPoints="1" sequenceCoverage="100" branchCoverage="100" maxCyclomaticComplexity="1" minCyclomaticComplexity="1" maxCrapScore="1" minCrapScore="1" visitedClasses="0" numClasses="0" visitedMethods="1" numMethods="1" />
              <MetadataToken>100663510</MetadataToken>
              <Name>Hardware.Enums.MonitoringTarget Hardware.DataManager/&lt;&gt;c::&lt;GetRemoteTargets&gt;b__12_1(System.Collections.Generic.KeyValuePair`2&lt;Hardware.Models.ComputerResource,Hardware.Connectors.ConnectorBase&gt;)</Name>
              <FileRef uid="1" />
              <SequencePoints>
                <SequencePoint vc="3" uspid="189" ordinal="0" offset="0" sl="88" sc="65" el="88" ec="83" bec="0" bev="0" fileid="1" />
              </SequencePoints>
              <BranchPoints />
              <MethodPoint xsi:type="SequencePoint" vc="3" uspid="189" ordinal="0" offset="0" sl="88" sc="65" el="88" ec="83" bec="0" bev="0" fileid="1" />
            </Method>
            <Method visited="true" cyclomaticComplexity="1" nPathComplexity="0" sequenceCoverage="100" branchCoverage="100" crapScore="1" isConstructor="false" isStatic="false" isGetter="false" isSetter="false">
              <Summary numSequencePoints="1" visitedSequencePoints="1" numBranchPoints="1" visitedBranchPoints="1" sequenceCoverage="100" branchCoverage="100" maxCyclomaticComplexity="1" minCyclomaticComplexity="1" maxCrapScore="1" minCrapScore="1" visitedClasses="0" numClasses="0" visitedMethods="1" numMethods="1" />
              <MetadataToken>100663511</MetadataToken>
              <Name>System.Boolean Hardware.DataManager/&lt;&gt;c::&lt;IsRemoteMonitoringEnabled&gt;b__13_1(System.Collections.Generic.KeyValuePair`2&lt;Hardware.Models.ComputerResource,Hardware.Connectors.ConnectorBase&gt;)</Name>
              <FileRef uid="1" />
              <SequencePoints>
                <SequencePoint vc="119" uspid="190" ordinal="0" offset="0" sl="93" sc="115" el="93" ec="131" bec="0" bev="0" fileid="1" />
              </SequencePoints>
              <BranchPoints />
              <MethodPoint xsi:type="SequencePoint" vc="119" uspid="190" ordinal="0" offset="0" sl="93" sc="115" el="93" ec="131" bec="0" bev="0" fileid="1" />
            </Method>
            <Method visited="true" cyclomaticComplexity="1" nPathComplexity="0" sequenceCoverage="100" branchCoverage="100" crapScore="1" isConstructor="false" isStatic="false" isGetter="false" isSetter="false">
              <Summary numSequencePoints="1" visitedSequencePoints="1" numBranchPoints="1" visitedBranchPoints="1" sequenceCoverage="100" branchCoverage="100" maxCyclomaticComplexity="1" minCyclomaticComplexity="1" maxCrapScore="1" minCrapScore="1" visitedClasses="0" numClasses="0" visitedMethods="1" numMethods="1" />
              <MetadataToken>100663512</MetadataToken>
              <Name>System.Boolean Hardware.DataManager/&lt;&gt;c::&lt;IsRemoteMonitoringEnabled&gt;b__13_0(System.Collections.Generic.KeyValuePair`2&lt;Hardware.Models.ComputerResource,Hardware.Connectors.ConnectorBase&gt;)</Name>
              <FileRef uid="1" />
              <SequencePoints>
                <SequencePoint vc="25" uspid="191" ordinal="0" offset="0" sl="98" sc="49" el="98" ec="65" bec="0" bev="0" fileid="1" />
              </SequencePoints>
              <BranchPoints />
              <MethodPoint xsi:type="SequencePoint" vc="25" uspid="191" ordinal="0" offset="0" sl="98" sc="49" el="98" ec="65" bec="0" bev="0" fileid="1" />
            </Method>
            <Method visited="true" cyclomaticComplexity="1" nPathComplexity="0" sequenceCoverage="100" branchCoverage="100" crapScore="1" isConstructor="false" isStatic="false" isGetter="false" isSetter="false">
              <Summary numSequencePoints="1" visitedSequencePoints="1" numBranchPoints="1" visitedBranchPoints="1" sequenceCoverage="100" branchCoverage="100" maxCyclomaticComplexity="1" minCyclomaticComplexity="1" maxCrapScore="1" minCrapScore="1" visitedClasses="0" numClasses="0" visitedMethods="1" numMethods="1" />
              <MetadataToken>100663513</MetadataToken>
              <Name>System.Boolean Hardware.DataManager/&lt;&gt;c::&lt;GetAvailableTargets_Internal&gt;b__14_0(System.Collections.Generic.KeyValuePair`2&lt;Hardware.Models.ComputerResource,Hardware.Connectors.ConnectorBase&gt;)</Name>
              <FileRef uid="1" />
              <SequencePoints>
                <SequencePoint vc="53" uspid="192" ordinal="0" offset="0" sl="105" sc="51" el="105" ec="76" bec="0" bev="0" fileid="1" />
              </SequencePoints>
              <BranchPoints />
              <MethodPoint xsi:type="SequencePoint" vc="53" uspid="192" ordinal="0" offset="0" sl="105" sc="51" el="105" ec="76" bec="0" bev="0" fileid="1" />
            </Method>
            <Method visited="true" cyclomaticComplexity="1" nPathComplexity="0" sequenceCoverage="100" branchCoverage="100" crapScore="1" isConstructor="false" isStatic="false" isGetter="false" isSetter="false">
              <Summary numSequencePoints="1" visitedSequencePoints="1" numBranchPoints="1" visitedBranchPoints="1" sequenceCoverage="100" branchCoverage="100" maxCyclomaticComplexity="1" minCyclomaticComplexity="1" maxCrapScore="1" minCrapScore="1" visitedClasses="0" numClasses="0" visitedMethods="1" numMethods="1" />
              <MetadataToken>100663514</MetadataToken>
              <Name>Hardware.Models.ComputerResource Hardware.DataManager/&lt;&gt;c::&lt;GetAvailableTargets_Internal&gt;b__14_1(System.Collections.Generic.KeyValuePair`2&lt;Hardware.Models.ComputerResource,Hardware.Connectors.ConnectorBase&gt;)</Name>
              <FileRef uid="1" />
              <SequencePoints>
                <SequencePoint vc="14" uspid="193" ordinal="0" offset="0" sl="105" sc="98" el="105" ec="105" bec="0" bev="0" fileid="1" />
              </SequencePoints>
              <BranchPoints />
              <MethodPoint xsi:type="SequencePoint" vc="14" uspid="193" ordinal="0" offset="0" sl="105" sc="98" el="105" ec="105" bec="0" bev="0" fileid="1" />
            </Method>
            <Method visited="true" cyclomaticComplexity="1" nPathComplexity="0" sequenceCoverage="100" branchCoverage="100" crapScore="1" isConstructor="false" isStatic="false" isGetter="false" isSetter="false">
              <Summary numSequencePoints="1" visitedSequencePoints="1" numBranchPoints="1" visitedBranchPoints="1" sequenceCoverage="100" branchCoverage="100" maxCyclomaticComplexity="1" minCyclomaticComplexity="1" maxCrapScore="1" minCrapScore="1" visitedClasses="0" numClasses="0" visitedMethods="1" numMethods="1" />
              <MetadataToken>100663515</MetadataToken>
              <Name>Hardware.Connectors.ConnectorBase Hardware.DataManager/&lt;&gt;c::&lt;GetAvailableTargets_Internal&gt;b__14_2(System.Collections.Generic.KeyValuePair`2&lt;Hardware.Models.ComputerResource,Hardware.Connectors.ConnectorBase&gt;)</Name>
              <FileRef uid="1" />
              <SequencePoints>
                <SequencePoint vc="14" uspid="194" ordinal="0" offset="0" sl="105" sc="114" el="105" ec="123" bec="0" bev="0" fileid="1" />
              </SequencePoints>
              <BranchPoints />
              <MethodPoint xsi:type="SequencePoint" vc="14" uspid="194" ordinal="0" offset="0" sl="105" sc="114" el="105" ec="123" bec="0" bev="0" fileid="1" />
            </Method>
            <Method visited="true" cyclomaticComplexity="1" nPathComplexity="0" sequenceCoverage="100" branchCoverage="100" crapScore="1" isConstructor="false" isStatic="false" isGetter="false" isSetter="false">
              <Summary numSequencePoints="1" visitedSequencePoints="1" numBranchPoints="1" visitedBranchPoints="1" sequenceCoverage="100" branchCoverage="100" maxCyclomaticComplexity="1" minCyclomaticComplexity="1" maxCrapScore="1" minCrapScore="1" visitedClasses="0" numClasses="0" visitedMethods="1" numMethods="1" />
              <MetadataToken>100663516</MetadataToken>
              <Name>System.Boolean Hardware.DataManager/&lt;&gt;c::&lt;SetAvailableTargets_Internal&gt;b__15_0(System.Collections.Generic.KeyValuePair`2&lt;Hardware.Models.ComputerResource,Hardware.Connectors.ConnectorBase&gt;)</Name>
              <FileRef uid="1" />
              <SequencePoints>
                <SequencePoint vc="85" uspid="195" ordinal="0" offset="0" sl="111" sc="120" el="111" ec="137" bec="0" bev="0" fileid="1" />
              </SequencePoints>
              <BranchPoints />
              <MethodPoint xsi:type="SequencePoint" vc="85" uspid="195" ordinal="0" offset="0" sl="111" sc="120" el="111" ec="137" bec="0" bev="0" fileid="1" />
            </Method>
            <Method visited="true" cyclomaticComplexity="1" nPathComplexity="0" sequenceCoverage="100" branchCoverage="100" crapScore="1" isConstructor="false" isStatic="false" isGetter="false" isSetter="false">
              <Summary numSequencePoints="1" visitedSequencePoints="1" numBranchPoints="1" visitedBranchPoints="1" sequenceCoverage="100" branchCoverage="100" maxCyclomaticComplexity="1" minCyclomaticComplexity="1" maxCrapScore="1" minCrapScore="1" visitedClasses="0" numClasses="0" visitedMethods="1" numMethods="1" />
              <MetadataToken>100663517</MetadataToken>
              <Name>Hardware.Models.ComputerResource Hardware.DataManager/&lt;&gt;c::&lt;SetAvailableTargets_Internal&gt;b__15_1(System.Collections.Generic.KeyValuePair`2&lt;Hardware.Models.ComputerResource,Hardware.Connectors.ConnectorBase&gt;)</Name>
              <FileRef uid="1" />
              <SequencePoints>
                <SequencePoint vc="76" uspid="196" ordinal="0" offset="0" sl="111" sc="153" el="111" ec="160" bec="0" bev="0" fileid="1" />
              </SequencePoints>
              <BranchPoints />
              <MethodPoint xsi:type="SequencePoint" vc="76" uspid="196" ordinal="0" offset="0" sl="111" sc="153" el="111" ec="160" bec="0" bev="0" fileid="1" />
            </Method>
          </Methods>
        </Class>
        <Class>
          <Summary numSequencePoints="1" visitedSequencePoints="1" numBranchPoints="1" visitedBranchPoints="1" sequenceCoverage="100" branchCoverage="100" maxCyclomaticComplexity="1" minCyclomaticComplexity="1" maxCrapScore="2" minCrapScore="1" visitedClasses="1" numClasses="1" visitedMethods="1" numMethods="1" />
          <FullName>Hardware.DataManager/&lt;&gt;c__DisplayClass15_0</FullName>
          <Methods>
            <Method visited="false" cyclomaticComplexity="1" nPathComplexity="0" sequenceCoverage="0" branchCoverage="0" crapScore="2" isConstructor="true" isStatic="false" isGetter="false" isSetter="false">
              <Summary numSequencePoints="0" visitedSequencePoints="0" numBranchPoints="0" visitedBranchPoints="0" sequenceCoverage="0" branchCoverage="0" maxCyclomaticComplexity="1" minCyclomaticComplexity="1" maxCrapScore="2" minCrapScore="2" visitedClasses="0" numClasses="0" visitedMethods="0" numMethods="0" />
              <MetadataToken>100663518</MetadataToken>
              <Name>System.Void Hardware.DataManager/&lt;&gt;c__DisplayClass15_0::.ctor()</Name>
              <SequencePoints />
              <BranchPoints />
              <MethodPoint vc="0" uspid="197" ordinal="0" offset="0" />
            </Method>
            <Method visited="true" cyclomaticComplexity="1" nPathComplexity="0" sequenceCoverage="100" branchCoverage="100" crapScore="1" isConstructor="false" isStatic="false" isGetter="false" isSetter="false">
              <Summary numSequencePoints="1" visitedSequencePoints="1" numBranchPoints="1" visitedBranchPoints="1" sequenceCoverage="100" branchCoverage="100" maxCyclomaticComplexity="1" minCyclomaticComplexity="1" maxCrapScore="1" minCrapScore="1" visitedClasses="0" numClasses="0" visitedMethods="1" numMethods="1" />
              <MetadataToken>100663519</MetadataToken>
              <Name>System.Boolean Hardware.DataManager/&lt;&gt;c__DisplayClass15_0::&lt;SetAvailableTargets_Internal&gt;b__2(System.Collections.Generic.KeyValuePair`2&lt;Hardware.Models.ComputerResource,Hardware.Connectors.ConnectorBase&gt;)</Name>
              <FileRef uid="1" />
              <SequencePoints>
                <SequencePoint vc="1154" uspid="198" ordinal="0" offset="0" sl="120" sc="80" el="120" ec="97" bec="0" bev="0" fileid="1" />
              </SequencePoints>
              <BranchPoints />
              <MethodPoint xsi:type="SequencePoint" vc="1154" uspid="198" ordinal="0" offset="0" sl="120" sc="80" el="120" ec="97" bec="0" bev="0" fileid="1" />
            </Method>
          </Methods>
        </Class>
        <Class>
          <Summary numSequencePoints="10" visitedSequencePoints="10" numBranchPoints="10" visitedBranchPoints="10" sequenceCoverage="100" branchCoverage="100" maxCyclomaticComplexity="1" minCyclomaticComplexity="1" maxCrapScore="2" minCrapScore="1" visitedClasses="1" numClasses="1" visitedMethods="10" numMethods="10" />
          <FullName>Hardware.ServerDTOs.Models.ProcessDTO</FullName>
          <Methods>
            <Method visited="true" cyclomaticComplexity="1" nPathComplexity="0" sequenceCoverage="100" branchCoverage="100" crapScore="1" isConstructor="false" isStatic="false" isGetter="true" isSetter="false">
              <Summary numSequencePoints="1" visitedSequencePoints="1" numBranchPoints="1" visitedBranchPoints="1" sequenceCoverage="100" branchCoverage="100" maxCyclomaticComplexity="1" minCyclomaticComplexity="1" maxCrapScore="1" minCrapScore="1" visitedClasses="0" numClasses="0" visitedMethods="1" numMethods="1" />
              <MetadataToken>100663311</MetadataToken>
              <Name>System.Int32 Hardware.ServerDTOs.Models.ProcessDTO::get_Id()</Name>
              <FileRef uid="6" />
              <SequencePoints>
                <SequencePoint vc="6" uspid="199" ordinal="0" offset="0" sl="11" sc="25" el="11" ec="29" bec="0" bev="0" fileid="6" />
              </SequencePoints>
              <BranchPoints />
              <MethodPoint xsi:type="SequencePoint" vc="6" uspid="199" ordinal="0" offset="0" sl="11" sc="25" el="11" ec="29" bec="0" bev="0" fileid="6" />
            </Method>
            <Method visited="true" cyclomaticComplexity="1" nPathComplexity="0" sequenceCoverage="100" branchCoverage="100" crapScore="1" isConstructor="false" isStatic="false" isGetter="false" isSetter="true">
              <Summary numSequencePoints="1" visitedSequencePoints="1" numBranchPoints="1" visitedBranchPoints="1" sequenceCoverage="100" branchCoverage="100" maxCyclomaticComplexity="1" minCyclomaticComplexity="1" maxCrapScore="1" minCrapScore="1" visitedClasses="0" numClasses="0" visitedMethods="1" numMethods="1" />
              <MetadataToken>100663312</MetadataToken>
              <Name>System.Void Hardware.ServerDTOs.Models.ProcessDTO::set_Id(System.Int32)</Name>
              <FileRef uid="6" />
              <SequencePoints>
                <SequencePoint vc="3" uspid="200" ordinal="0" offset="0" sl="11" sc="30" el="11" ec="34" bec="0" bev="0" fileid="6" />
              </SequencePoints>
              <BranchPoints />
              <MethodPoint xsi:type="SequencePoint" vc="3" uspid="200" ordinal="0" offset="0" sl="11" sc="30" el="11" ec="34" bec="0" bev="0" fileid="6" />
            </Method>
            <Method visited="true" cyclomaticComplexity="1" nPathComplexity="0" sequenceCoverage="100" branchCoverage="100" crapScore="1" isConstructor="false" isStatic="false" isGetter="true" isSetter="false">
              <Summary numSequencePoints="1" visitedSequencePoints="1" numBranchPoints="1" visitedBranchPoints="1" sequenceCoverage="100" branchCoverage="100" maxCyclomaticComplexity="1" minCyclomaticComplexity="1" maxCrapScore="1" minCrapScore="1" visitedClasses="0" numClasses="0" visitedMethods="1" numMethods="1" />
              <MetadataToken>100663313</MetadataToken>
              <Name>System.String Hardware.ServerDTOs.Models.ProcessDTO::get_Name()</Name>
              <FileRef uid="6" />
              <SequencePoints>
                <SequencePoint vc="6" uspid="201" ordinal="0" offset="0" sl="12" sc="30" el="12" ec="34" bec="0" bev="0" fileid="6" />
              </SequencePoints>
              <BranchPoints />
              <MethodPoint xsi:type="SequencePoint" vc="6" uspid="201" ordinal="0" offset="0" sl="12" sc="30" el="12" ec="34" bec="0" bev="0" fileid="6" />
            </Method>
            <Method visited="true" cyclomaticComplexity="1" nPathComplexity="0" sequenceCoverage="100" branchCoverage="100" crapScore="1" isConstructor="false" isStatic="false" isGetter="false" isSetter="true">
[...]
              <Summary numSequencePoints="1" visitedSequencePoints="1" numBranchPoints="1" visitedBranchPoints="1" sequenceCoverage="100" branchCoverage="100" maxCyclomaticComplexity="1" minCyclomaticComplexity="1" maxCrapScore="1" minCrapScore="1" visitedClasses="0" numClasses="0" visitedMethods="1" numMethods="1" />
              <MetadataToken>100663496</MetadataToken>
              <Name>System.Void DesktopAssistant.ViewModels.SettingsDialogViewModel/&lt;&gt;c::&lt;get_StopRemovingWatchdogProcessCommand&gt;b__46_1(DesktopAssistant.ViewModels.ProcessViewModel)</Name>
              <FileRef uid="128" />
              <SequencePoints>
                <SequencePoint vc="3" uspid="1867" ordinal="0" offset="0" sl="252" sc="61" el="252" ec="94" bec="0" bev="0" fileid="128" />
              </SequencePoints>
              <BranchPoints />
              <MethodPoint xsi:type="SequencePoint" vc="3" uspid="1867" ordinal="0" offset="0" sl="252" sc="61" el="252" ec="94" bec="0" bev="0" fileid="128" />
            </Method>
          </Methods>
        </Class>
        <Class skippedDueTo="Filter">
          <FullName>DesktopAssistant.Infrastructure.ContainerResolver</FullName>
          <Methods />
        </Class>
        <Class skippedDueTo="Filter">
          <FullName>DesktopAssistant.Infrastructure.ContainerResolver/&lt;&gt;c__DisplayClass3_0</FullName>
          <Methods />
        </Class>
        <Class skippedDueTo="Filter">
          <FullName>DesktopAssistant.Infrastructure.ContainerResolver/&lt;&gt;c</FullName>
          <Methods />
        </Class>
        <Class>
          <Summary numSequencePoints="13" visitedSequencePoints="13" numBranchPoints="5" visitedBranchPoints="5" sequenceCoverage="100" branchCoverage="100" maxCyclomaticComplexity="2" minCyclomaticComplexity="1" maxCrapScore="2" minCrapScore="1" visitedClasses="1" numClasses="1" visitedMethods="3" numMethods="3" />
          <FullName>DesktopAssistant.Factories.ConnectorFactory</FullName>
          <Methods>
            <Method visited="true" cyclomaticComplexity="1" nPathComplexity="0" sequenceCoverage="100" branchCoverage="100" crapScore="1" isConstructor="true" isStatic="false" isGetter="false" isSetter="false">
              <Summary numSequencePoints="4" visitedSequencePoints="4" numBranchPoints="1" visitedBranchPoints="1" sequenceCoverage="100" branchCoverage="100" maxCyclomaticComplexity="1" minCyclomaticComplexity="1" maxCrapScore="1" minCrapScore="1" visitedClasses="0" numClasses="0" visitedMethods="1" numMethods="1" />
              <MetadataToken>100663467</MetadataToken>
              <Name>System.Void DesktopAssistant.Factories.ConnectorFactory::.ctor(System.Func`2&lt;System.Type,Hardware.Connectors.ConnectorBase&gt;)</Name>
              <FileRef uid="132" />
              <SequencePoints>
                <SequencePoint vc="6" uspid="1868" ordinal="0" offset="0" sl="20" sc="9" el="20" ec="64" bec="0" bev="0" fileid="132" />
                <SequencePoint vc="6" uspid="1869" ordinal="1" offset="7" sl="21" sc="9" el="21" ec="10" bec="0" bev="0" fileid="132" />
                <SequencePoint vc="6" uspid="1870" ordinal="2" offset="8" sl="22" sc="13" el="22" ec="40" bec="0" bev="0" fileid="132" />
                <SequencePoint vc="6" uspid="1871" ordinal="3" offset="15" sl="23" sc="9" el="23" ec="10" bec="0" bev="0" fileid="132" />
              </SequencePoints>
              <BranchPoints />
              <MethodPoint xsi:type="SequencePoint" vc="6" uspid="1868" ordinal="0" offset="0" sl="20" sc="9" el="20" ec="64" bec="0" bev="0" fileid="132" />
            </Method>
            <Method visited="true" cyclomaticComplexity="2" nPathComplexity="2" sequenceCoverage="100" branchCoverage="100" crapScore="2" isConstructor="false" isStatic="false" isGetter="false" isSetter="false">
              <Summary numSequencePoints="7" visitedSequencePoints="7" numBranchPoints="3" visitedBranchPoints="3" sequenceCoverage="100" branchCoverage="100" maxCyclomaticComplexity="2" minCyclomaticComplexity="2" maxCrapScore="2" minCrapScore="2" visitedClasses="0" numClasses="0" visitedMethods="1" numMethods="1" />
              <MetadataToken>100663468</MetadataToken>
              <Name>Hardware.Connectors.ConnectorBase DesktopAssistant.Factories.ConnectorFactory::CreateInstance(System.String)</Name>
              <FileRef uid="132" />
              <SequencePoints>
                <SequencePoint vc="6" uspid="1872" ordinal="0" offset="0" sl="26" sc="9" el="26" ec="10" bec="0" bev="0" fileid="132" />
                <SequencePoint vc="6" uspid="1873" ordinal="1" offset="1" sl="27" sc="13" el="27" ec="85" bec="0" bev="0" fileid="132" />
                <SequencePoint vc="6" uspid="1874" ordinal="2" offset="22" sl="29" sc="13" el="29" ec="119" bec="0" bev="0" fileid="132" />
                <SequencePoint vc="6" uspid="1875" ordinal="3" offset="71" sl="30" sc="13" el="30" ec="39" bec="2" bev="2" fileid="132" />
                <SequencePoint vc="1" uspid="1876" ordinal="4" offset="82" sl="30" sc="40" el="30" ec="154" bec="0" bev="0" fileid="132" />
                <SequencePoint vc="5" uspid="1877" ordinal="5" offset="99" sl="31" sc="13" el="31" ec="55" bec="0" bev="0" fileid="132" />
                <SequencePoint vc="5" uspid="1878" ordinal="6" offset="114" sl="32" sc="9" el="32" ec="10" bec="0" bev="0" fileid="132" />
              </SequencePoints>
              <BranchPoints>
                <BranchPoint vc="1" uspid="1879" ordinal="0" offset="80" sl="30" path="0" offsetend="82" fileid="132" />
                <BranchPoint vc="5" uspid="1880" ordinal="1" offset="80" sl="30" path="1" offsetend="99" fileid="132" />
              </BranchPoints>
              <MethodPoint xsi:type="SequencePoint" vc="6" uspid="1872" ordinal="0" offset="0" sl="26" sc="9" el="26" ec="10" bec="0" bev="0" fileid="132" />
            </Method>
            <Method visited="true" cyclomaticComplexity="1" nPathComplexity="0" sequenceCoverage="100" branchCoverage="100" crapScore="1" isConstructor="true" isStatic="true" isGetter="false" isSetter="false">
              <Summary numSequencePoints="2" visitedSequencePoints="2" numBranchPoints="1" visitedBranchPoints="1" sequenceCoverage="100" branchCoverage="100" maxCyclomaticComplexity="1" minCyclomaticComplexity="1" maxCrapScore="1" minCrapScore="1" visitedClasses="0" numClasses="0" visitedMethods="1" numMethods="1" />
              <MetadataToken>100663469</MetadataToken>
              <Name>System.Void DesktopAssistant.Factories.ConnectorFactory::.cctor()</Name>
              <FileRef uid="132" />
              <SequencePoints>
                <SequencePoint vc="1" uspid="1881" ordinal="0" offset="0" sl="15" sc="9" el="15" ec="76" bec="0" bev="0" fileid="132" />
                <SequencePoint vc="1" uspid="1882" ordinal="1" offset="10" sl="16" sc="9" el="16" ec="63" bec="0" bev="0" fileid="132" />
              </SequencePoints>
              <BranchPoints />
              <MethodPoint xsi:type="SequencePoint" vc="1" uspid="1881" ordinal="0" offset="0" sl="15" sc="9" el="15" ec="76" bec="0" bev="0" fileid="132" />
            </Method>
          </Methods>
        </Class>
        <Class>
          <Summary numSequencePoints="0" visitedSequencePoints="0" numBranchPoints="0" visitedBranchPoints="0" sequenceCoverage="0" branchCoverage="0" maxCyclomaticComplexity="1" minCyclomaticComplexity="1" maxCrapScore="2" minCrapScore="2" visitedClasses="0" numClasses="0" visitedMethods="0" numMethods="0" />
          <FullName>DesktopAssistant.Events.OnWatchdogTargetChangedEvent</FullName>
          <Methods>
            <Method visited="false" cyclomaticComplexity="1" nPathComplexity="0" sequenceCoverage="0" branchCoverage="0" crapScore="2" isConstructor="true" isStatic="false" isGetter="false" isSetter="false">
              <Summary numSequencePoints="0" visitedSequencePoints="0" numBranchPoints="0" visitedBranchPoints="0" sequenceCoverage="0" branchCoverage="0" maxCyclomaticComplexity="1" minCyclomaticComplexity="1" maxCrapScore="2" minCrapScore="2" visitedClasses="0" numClasses="0" visitedMethods="0" numMethods="0" />
              <MetadataToken>100663470</MetadataToken>
              <Name>System.Void DesktopAssistant.Events.OnWatchdogTargetChangedEvent::.ctor()</Name>
              <SequencePoints />
              <BranchPoints />
              <MethodPoint vc="0" uspid="1883" ordinal="0" offset="0" />
            </Method>
          </Methods>
        </Class>
        <Class>
          <Summary numSequencePoints="0" visitedSequencePoints="0" numBranchPoints="0" visitedBranchPoints="0" sequenceCoverage="0" branchCoverage="0" maxCyclomaticComplexity="1" minCyclomaticComplexity="1" maxCrapScore="2" minCrapScore="2" visitedClasses="0" numClasses="0" visitedMethods="0" numMethods="0" />
          <FullName>DesktopAssistant.Events.OnMonitoringTargetsChangedEvent</FullName>
          <Methods>
            <Method visited="false" cyclomaticComplexity="1" nPathComplexity="0" sequenceCoverage="0" branchCoverage="0" crapScore="2" isConstructor="true" isStatic="false" isGetter="false" isSetter="false">
              <Summary numSequencePoints="0" visitedSequencePoints="0" numBranchPoints="0" visitedBranchPoints="0" sequenceCoverage="0" branchCoverage="0" maxCyclomaticComplexity="1" minCyclomaticComplexity="1" maxCrapScore="2" minCrapScore="2" visitedClasses="0" numClasses="0" visitedMethods="0" numMethods="0" />
              <MetadataToken>100663471</MetadataToken>
              <Name>System.Void DesktopAssistant.Events.OnMonitoringTargetsChangedEvent::.ctor()</Name>
              <SequencePoints />
              <BranchPoints />
              <MethodPoint vc="0" uspid="1884" ordinal="0" offset="0" />
            </Method>
          </Methods>
        </Class>
        <Class>
          <Summary numSequencePoints="0" visitedSequencePoints="0" numBranchPoints="0" visitedBranchPoints="0" sequenceCoverage="0" branchCoverage="0" maxCyclomaticComplexity="1" minCyclomaticComplexity="1" maxCrapScore="2" minCrapScore="2" visitedClasses="0" numClasses="0" visitedMethods="0" numMethods="0" />
          <FullName>DesktopAssistant.Events.OnMonitoringTargetSelectedEvent</FullName>
          <Methods>
            <Method visited="false" cyclomaticComplexity="1" nPathComplexity="0" sequenceCoverage="0" branchCoverage="0" crapScore="2" isConstructor="true" isStatic="false" isGetter="false" isSetter="false">
              <Summary numSequencePoints="0" visitedSequencePoints="0" numBranchPoints="0" visitedBranchPoints="0" sequenceCoverage="0" branchCoverage="0" maxCyclomaticComplexity="1" minCyclomaticComplexity="1" maxCrapScore="2" minCrapScore="2" visitedClasses="0" numClasses="0" visitedMethods="0" numMethods="0" />
              <MetadataToken>100663472</MetadataToken>
              <Name>System.Void DesktopAssistant.Events.OnMonitoringTargetSelectedEvent::.ctor()</Name>
              <SequencePoints />
              <BranchPoints />
              <MethodPoint vc="0" uspid="1885" ordinal="0" offset="0" />
            </Method>
          </Methods>
        </Class>
      </Classes>
    </Module>
    <Module skippedDueTo="Filter" hash="C8-2E-64-82-9F-3E-E5-68-28-EC-A3-5B-05-18-0A-CC-70-C1-0D-04">
      <ModulePath>C:\Windows\Microsoft.Net\assembly\GAC_MSIL\System.Configuration\v4.0_4.0.0.0__b03f5f7f11d50a3a\System.Configuration.dll</ModulePath>
      <ModuleTime>2020-06-05T05:04:06Z</ModuleTime>
      <ModuleName>System.Configuration</ModuleName>
      <Classes />
    </Module>
    <Module skippedDueTo="Filter" hash="DC-CC-6B-85-DE-D3-FF-D6-B1-BF-5C-63-F6-46-A9-1A-1D-EF-79-5B">
      <ModulePath>D:\Guillaume\Desktop\Internet Explorer\PROJECTS\C#\ComputerMonitoring\DesktopAssistant.Tests\bin\Debug\Castle.Core.dll</ModulePath>
      <ModuleTime>2019-04-05T05:50:26Z</ModuleTime>
      <ModuleName>Castle.Core</ModuleName>
      <Classes />
    </Module>
    <Module skippedDueTo="Filter" hash="BA-94-4B-50-1E-D5-31-87-F3-25-6E-BA-07-71-E4-9F-22-0D-B8-34">
      <ModulePath>C:\Windows\Microsoft.Net\assembly\GAC_MSIL\System.Xml\v4.0_4.0.0.0__b77a5c561934e089\System.Xml.dll</ModulePath>
      <ModuleTime>2019-03-19T04:46:51.77351Z</ModuleTime>
      <ModuleName>System.Xml</ModuleName>
      <Classes />
    </Module>
    <Module skippedDueTo="Filter" hash="">
      <ModulePath>RefEmit_InMemoryManifestModule</ModulePath>
      <ModuleTime>0001-01-01T00:00:00</ModuleTime>
      <ModuleName>DynamicProxyGenAssembly2</ModuleName>
      <Classes />
    </Module>
    <Module skippedDueTo="Filter" hash="F4-D2-99-67-F6-8C-2C-14-0A-64-3C-1A-D1-D7-3E-E0-29-02-FD-D4">
      <ModulePath>C:\Windows\Microsoft.Net\assembly\GAC_MSIL\System.Reflection\v4.0_4.0.0.0__b03f5f7f11d50a3a\System.Reflection.dll</ModulePath>
      <ModuleTime>2019-03-19T04:46:46.2574461Z</ModuleTime>
      <ModuleName>System.Reflection</ModuleName>
      <Classes />
    </Module>
    <Module skippedDueTo="Filter" hash="61-8E-C2-81-D1-83-0F-4B-EB-A7-B0-B3-A7-FA-0D-6E-88-8C-2A-84">
      <ModulePath>C:\Windows\Microsoft.Net\assembly\GAC_MSIL\System.Net.Http\v4.0_4.0.0.0__b03f5f7f11d50a3a\System.Net.Http.dll</ModulePath>
      <ModuleTime>2019-03-19T04:46:51.7266313Z</ModuleTime>
      <ModuleName>System.Net.Http</ModuleName>
      <Classes />
    </Module>
    <Module skippedDueTo="Filter" hash="D7-38-77-8B-EF-95-FF-38-3E-38-79-B8-09-C8-F7-56-E3-C0-23-46">
      <ModulePath>D:\Guillaume\Desktop\Internet Explorer\PROJECTS\C#\ComputerMonitoring\DesktopAssistant.Tests\bin\Debug\OpenHardwareMonitorLib.dll</ModulePath>
      <ModuleTime>2020-03-13T18:59:32.2908911Z</ModuleTime>
      <ModuleName>OpenHardwareMonitorLib</ModuleName>
      <Classes />
    </Module>
    <Module skippedDueTo="Filter" hash="">
      <ModulePath>RefEmit_InMemoryManifestModule</ModulePath>
      <ModuleTime>0001-01-01T00:00:00</ModuleTime>
      <ModuleName>DynamicProxyGenAssembly2</ModuleName>
      <Classes />
    </Module>
    <Module skippedDueTo="Filter" hash="4D-04-FF-1F-48-91-96-EC-60-7A-BF-2D-AB-98-3C-99-36-19-C8-02">
      <ModulePath>C:\Windows\Microsoft.Net\assembly\GAC_MSIL\System.Linq\v4.0_4.0.0.0__b03f5f7f11d50a3a\System.Linq.dll</ModulePath>
      <ModuleTime>2019-03-19T04:46:46.5855968Z</ModuleTime>
      <ModuleName>System.Linq</ModuleName>
      <Classes />
    </Module>
    <Module skippedDueTo="Filter" hash="">
      <ModulePath>RefEmit_InMemoryManifestModule</ModulePath>
      <ModuleTime>0001-01-01T00:00:00</ModuleTime>
      <ModuleName>Anonymously Hosted DynamicMethods Assembly</ModuleName>
      <Classes />
    </Module>
    <Module skippedDueTo="Filter" hash="E4-D1-8B-D7-79-3C-B4-80-A8-3F-D2-B2-34-ED-5A-C5-10-62-37-F2">
      <ModulePath>C:\Windows\Microsoft.Net\assembly\GAC_MSIL\System.Xml.Linq\v4.0_4.0.0.0__b77a5c561934e089\System.Xml.Linq.dll</ModulePath>
      <ModuleTime>2019-03-19T04:46:43.9447582Z</ModuleTime>
      <ModuleName>System.Xml.Linq</ModuleName>
      <Classes />
    </Module>
    <Module skippedDueTo="Filter" hash="DF-14-5B-E5-1D-C8-57-72-0A-1A-8F-3F-F7-3E-DA-80-AD-09-69-69">
      <ModulePath>C:\Windows\Microsoft.Net\assembly\GAC_MSIL\Microsoft.CSharp\v4.0_4.0.0.0__b03f5f7f11d50a3a\Microsoft.CSharp.dll</ModulePath>
      <ModuleTime>2019-03-19T04:46:49.7108417Z</ModuleTime>
      <ModuleName>Microsoft.CSharp</ModuleName>
      <Classes />
    </Module>
    <Module skippedDueTo="Filter" hash="12-48-14-2E-B4-5E-ED-3B-EB-0D-9A-2D-3B-8B-ED-5F-E2-56-9B-10">
      <ModulePath>D:\Guillaume\Desktop\Internet Explorer\PROJECTS\C#\ComputerMonitoring\DesktopAssistant.Tests\bin\Debug\Newtonsoft.Json.dll</ModulePath>
      <ModuleTime>2019-11-09T05:56:44Z</ModuleTime>
      <ModuleName>Newtonsoft.Json</ModuleName>
      <Classes />
    </Module>
    <Module skippedDueTo="Filter" hash="7B-6F-5A-57-3F-2F-3F-81-A8-4F-75-67-5A-56-90-08-C0-83-72-95">
      <ModulePath>C:\Windows\Microsoft.Net\assembly\GAC_MSIL\System.Dynamic\v4.0_4.0.0.0__b03f5f7f11d50a3a\System.Dynamic.dll</ModulePath>
      <ModuleTime>2019-03-19T04:46:43.6166079Z</ModuleTime>
      <ModuleName>System.Dynamic</ModuleName>
      <Classes />
    </Module>
    <Module skippedDueTo="Filter" hash="98-75-81-8A-52-FA-14-A2-54-69-C2-DF-BC-C9-0F-9B-31-07-80-06">
      <ModulePath>C:\Windows\Microsoft.Net\assembly\GAC_MSIL\System.Runtime.Serialization\v4.0_4.0.0.0__b77a5c561934e089\System.Runtime.Serialization.dll</ModulePath>
      <ModuleTime>2020-03-26T23:11:52Z</ModuleTime>
      <ModuleName>System.Runtime.Serialization</ModuleName>
      <Classes />
    </Module>
    <Module skippedDueTo="Filter" hash="95-38-95-FE-36-13-50-C3-4C-7B-E9-A4-69-13-03-A4-C0-D8-7F-CD">
      <ModulePath>C:\Windows\Microsoft.Net\assembly\GAC_MSIL\System.Numerics\v4.0_4.0.0.0__b77a5c561934e089\System.Numerics.dll</ModulePath>
      <ModuleTime>2019-03-19T04:46:49.1482976Z</ModuleTime>
      <ModuleName>System.Numerics</ModuleName>
      <Classes />
    </Module>
    <Module skippedDueTo="Filter" hash="">
      <ModulePath>RefEmit_InMemoryManifestModule</ModulePath>
      <ModuleTime>0001-01-01T00:00:00</ModuleTime>
      <ModuleName>Microsoft.GeneratedCode</ModuleName>
      <Classes />
    </Module>
    <Module skippedDueTo="Filter" hash="19-30-1F-10-A2-4E-F6-60-AB-61-E7-13-B7-2D-13-5C-13-00-AD-AA">
      <ModulePath>C:\Windows\Microsoft.Net\assembly\GAC_64\System.Data\v4.0_4.0.0.0__b77a5c561934e089\System.Data.dll</ModulePath>
      <ModuleTime>2020-06-05T04:59:42.3126008Z</ModuleTime>
      <ModuleName>System.Data</ModuleName>
      <Classes />
    </Module>
    <Module skippedDueTo="Filter" hash="0D-FF-46-1B-E2-E0-4E-BF-6D-A5-F4-F2-D3-EB-63-9C-C2-E0-A8-B5">
      <ModulePath>D:\Guillaume\Desktop\Internet Explorer\PROJECTS\C#\ComputerMonitoring\DesktopAssistant.Tests\bin\Debug\System.Net.Http.Formatting.dll</ModulePath>
      <ModuleTime>2020-03-13T18:59:32.2239442Z</ModuleTime>
      <ModuleName>System.Net.Http.Formatting</ModuleName>
      <Classes />
    </Module>
    <Module skippedDueTo="Filter" hash="05-45-87-CD-3D-64-68-6D-C6-CE-91-AC-4C-F0-F0-75-AA-76-C5-DE">
      <ModulePath>C:\Windows\Microsoft.Net\assembly\GAC_MSIL\SMDiagnostics\v4.0_4.0.0.0__b77a5c561934e089\SMDiagnostics.dll</ModulePath>
      <ModuleTime>2020-03-26T23:11:52Z</ModuleTime>
      <ModuleName>SMDiagnostics</ModuleName>
      <Classes />
    </Module>
    <Module skippedDueTo="Filter" hash="8A-D0-EB-70-D1-2C-D2-9B-E8-43-00-CF-98-51-73-FE-75-38-93-48">
      <ModulePath>D:\Guillaume\Desktop\Internet Explorer\PROJECTS\C#\ComputerMonitoring\DesktopAssistant.Tests\bin\Debug\NvAPIWrapper.dll</ModulePath>
      <ModuleTime>2020-03-13T18:59:32.2779265Z</ModuleTime>
      <ModuleName>NvAPIWrapper</ModuleName>
      <Classes />
    </Module>
    <Module skippedDueTo="Filter" hash="6C-F1-16-78-19-FF-2C-AF-C2-42-E0-1B-8E-10-60-34-63-87-EA-1A">
      <ModulePath>D:\Guillaume\Desktop\Internet Explorer\PROJECTS\C#\ComputerMonitoring\DesktopAssistant.Tests\bin\Debug\SharpPcap.dll</ModulePath>
      <ModuleTime>2020-03-13T18:59:32.3028613Z</ModuleTime>
      <ModuleName>SharpPcap</ModuleName>
      <Classes />
    </Module>
    <Module skippedDueTo="Filter" hash="6B-DB-9E-A4-D9-AD-57-49-1E-2A-9F-0B-2F-0B-7D-7E-F1-A9-5A-9E">
      <ModulePath>C:\Windows\Microsoft.Net\assembly\GAC_MSIL\netstandard\v4.0_2.0.0.0__cc7b13ffcd2ddd51\netstandard.dll</ModulePath>
      <ModuleTime>2019-03-19T04:46:49.1170451Z</ModuleTime>
      <ModuleName>netstandard</ModuleName>
      <Classes />
    </Module>
    <Module skippedDueTo="Filter" hash="A7-37-8F-7D-6D-1C-B4-BD-4B-1C-42-DB-A0-55-F0-F6-5C-32-42-37">
      <ModulePath>D:\Guillaume\Desktop\Internet Explorer\PROJECTS\C#\ComputerMonitoring\DesktopAssistant.Tests\bin\Debug\PacketDotNet.dll</ModulePath>
      <ModuleTime>2020-03-13T18:59:32.2938848Z</ModuleTime>
      <ModuleName>PacketDotNet</ModuleName>
      <Classes />
    </Module>
  </Modules>
</CoverageSession>