<?xml version="1.0" encoding="utf-8"?>
<CoverageSession xmlns:xsd="http://www.w3.org/2001/XMLSchema" xmlns:xsi="http://www.w3.org/2001/XMLSchema-instance" Version="4.7.922.0">
  <Summary numSequencePoints="1673" visitedSequencePoints="1251" numBranchPoints="772" visitedBranchPoints="549" sequenceCoverage="74.78" branchCoverage="71.11" maxCyclomaticComplexity="13" minCyclomaticComplexity="1" maxCrapScore="30" minCrapScore="1" visitedClasses="73" numClasses="89" visitedMethods="317" numMethods="417" />
  <Modules>
    <Module skippedDueTo="Filter" hash="9A-E6-DA-BB-7D-11-9E-EA-1E-52-33-F2-BE-98-32-8A-A8-E1-55-C1">
      <ModulePath>C:\Windows\Microsoft.Net\assembly\GAC_64\mscorlib\v4.0_4.0.0.0__b77a5c561934e089\mscorlib.dll</ModulePath>
      <ModuleTime>2020-03-26T23:10:19.56535Z</ModuleTime>
      <ModuleName>mscorlib</ModuleName>
      <Classes />
    </Module>
    <Module skippedDueTo="Filter" hash="49-6D-42-03-C6-53-6E-72-1F-76-78-AB-9F-52-DB-CC-3D-43-28-41">
      <ModulePath>C:\Users\Proprio\.nuget\packages\xunit.runner.console\2.4.1\tools\net472\xunit.console.exe</ModulePath>
      <ModuleTime>2018-10-29T08:17:04Z</ModuleTime>
      <ModuleName>xunit.console</ModuleName>
      <Classes />
    </Module>
    <Module skippedDueTo="Filter" hash="6B-4D-36-1F-A8-F2-1F-05-F8-C9-A8-71-E2-90-17-07-CC-68-12-DB">
      <ModulePath>C:\Users\Proprio\.nuget\packages\xunit.runner.console\2.4.1\tools\net472\xunit.abstractions.dll</ModulePath>
      <ModuleTime>2018-10-29T08:17:04Z</ModuleTime>
      <ModuleName>xunit.abstractions</ModuleName>
      <Classes />
    </Module>
    <Module skippedDueTo="Filter" hash="03-8C-28-FF-B1-AD-98-09-DB-C2-77-9C-30-0B-76-C3-52-AE-19-2E">
      <ModulePath>C:\Windows\Microsoft.Net\assembly\GAC_MSIL\System.Core\v4.0_4.0.0.0__b77a5c561934e089\System.Core.dll</ModulePath>
      <ModuleTime>2020-03-26T23:11:52Z</ModuleTime>
      <ModuleName>System.Core</ModuleName>
      <Classes />
    </Module>
    <Module skippedDueTo="Filter" hash="A5-B7-BC-42-9C-AA-2C-7A-42-E2-43-5A-2F-7B-F3-B2-00-B1-CB-E6">
      <ModulePath>C:\Users\Proprio\.nuget\packages\xunit.runner.console\2.4.1\tools\net472\xunit.runner.utility.net452.dll</ModulePath>
      <ModuleTime>2018-10-29T08:17:04Z</ModuleTime>
      <ModuleName>xunit.runner.utility.net452</ModuleName>
      <Classes />
    </Module>
    <Module skippedDueTo="Filter" hash="4A-9D-81-85-DC-CF-74-ED-91-AC-6F-7B-37-3D-3E-0B-36-5C-56-66">
      <ModulePath>C:\Windows\Microsoft.Net\assembly\GAC_MSIL\System\v4.0_4.0.0.0__b77a5c561934e089\System.dll</ModulePath>
      <ModuleTime>2019-07-24T02:58:28Z</ModuleTime>
      <ModuleName>System</ModuleName>
      <Classes />
    </Module>
    <Module skippedDueTo="Filter" hash="E4-D1-8B-D7-79-3C-B4-80-A8-3F-D2-B2-34-ED-5A-C5-10-62-37-F2">
      <ModulePath>C:\Windows\Microsoft.Net\assembly\GAC_MSIL\System.Xml.Linq\v4.0_4.0.0.0__b77a5c561934e089\System.Xml.Linq.dll</ModulePath>
      <ModuleTime>2019-03-19T04:46:43.9447582Z</ModuleTime>
      <ModuleName>System.Xml.Linq</ModuleName>
      <Classes />
    </Module>
    <Module skippedDueTo="Filter" hash="BA-94-4B-50-1E-D5-31-87-F3-25-6E-BA-07-71-E4-9F-22-0D-B8-34">
      <ModulePath>C:\Windows\Microsoft.Net\assembly\GAC_MSIL\System.Xml\v4.0_4.0.0.0__b77a5c561934e089\System.Xml.dll</ModulePath>
      <ModuleTime>2019-03-19T04:46:51.77351Z</ModuleTime>
      <ModuleName>System.Xml</ModuleName>
      <Classes />
    </Module>
    <Module skippedDueTo="Filter" hash="C8-2E-64-82-9F-3E-E5-68-28-EC-A3-5B-05-18-0A-CC-70-C1-0D-04">
      <ModulePath>C:\Windows\Microsoft.Net\assembly\GAC_MSIL\System.Configuration\v4.0_4.0.0.0__b03f5f7f11d50a3a\System.Configuration.dll</ModulePath>
      <ModuleTime>2020-06-05T05:04:06Z</ModuleTime>
      <ModuleName>System.Configuration</ModuleName>
      <Classes />
    </Module>
    <Module skippedDueTo="Filter" hash="92-46-BD-71-5B-AA-F1-B5-B3-9B-4C-F6-6A-4F-91-D5-32-37-5C-74">
      <ModulePath>C:\Users\Proprio\.nuget\packages\xunit.runner.console\2.4.1\tools\net472\xunit.runner.reporters.net452.dll</ModulePath>
      <ModuleTime>2018-10-29T08:17:04Z</ModuleTime>
      <ModuleName>xunit.runner.reporters.net452</ModuleName>
      <Classes />
    </Module>
    <Module skippedDueTo="Filter" hash="61-8E-C2-81-D1-83-0F-4B-EB-A7-B0-B3-A7-FA-0D-6E-88-8C-2A-84">
      <ModulePath>C:\Windows\Microsoft.Net\assembly\GAC_MSIL\System.Net.Http\v4.0_4.0.0.0__b03f5f7f11d50a3a\System.Net.Http.dll</ModulePath>
      <ModuleTime>2019-03-19T04:46:51.7266313Z</ModuleTime>
      <ModuleName>System.Net.Http</ModuleName>
      <Classes />
    </Module>
    <Module skippedDueTo="Filter" hash="04-92-31-F6-AF-DB-82-CE-7F-AD-A9-52-42-0C-26-C5-2A-65-10-FA">
      <ModulePath>C:\Windows\Microsoft.Net\assembly\GAC_64\System.Web\v4.0_4.0.0.0__b03f5f7f11d50a3a\System.Web.dll</ModulePath>
      <ModuleTime>2019-11-23T04:37:24.5053551Z</ModuleTime>
      <ModuleName>System.Web</ModuleName>
      <Classes />
    </Module>
    <Module skippedDueTo="Filter" hash="A5-B7-BC-42-9C-AA-2C-7A-42-E2-43-5A-2F-7B-F3-B2-00-B1-CB-E6">
      <ModulePath>C:\Users\Proprio\AppData\Local\Temp\a3cc5768-4f40-4b61-8474-db1ef1b34aaf\a3cc5768-4f40-4b61-8474-db1ef1b34aaf\assembly\dl3\41df4158\00804bc6_5f6fd401\xunit.runner.utility.net452.dll</ModulePath>
      <ModuleTime>2020-08-16T22:56:52.692855Z</ModuleTime>
      <ModuleName>xunit.runner.utility.net452</ModuleName>
      <Classes />
    </Module>
    <Module skippedDueTo="Filter" hash="03-8C-28-FF-B1-AD-98-09-DB-C2-77-9C-30-0B-76-C3-52-AE-19-2E">
      <ModulePath>C:\Windows\Microsoft.Net\assembly\GAC_MSIL\System.Core\v4.0_4.0.0.0__b77a5c561934e089\System.Core.dll</ModulePath>
      <ModuleTime>2020-03-26T23:11:52Z</ModuleTime>
      <ModuleName>System.Core</ModuleName>
      <Classes />
    </Module>
    <Module skippedDueTo="Filter" hash="4A-9D-81-85-DC-CF-74-ED-91-AC-6F-7B-37-3D-3E-0B-36-5C-56-66">
      <ModulePath>C:\Windows\Microsoft.Net\assembly\GAC_MSIL\System\v4.0_4.0.0.0__b77a5c561934e089\System.dll</ModulePath>
      <ModuleTime>2019-07-24T02:58:28Z</ModuleTime>
      <ModuleName>System</ModuleName>
      <Classes />
    </Module>
    <Module skippedDueTo="Filter" hash="">
      <ModulePath>RefEmit_InMemoryManifestModule</ModulePath>
      <ModuleTime>0001-01-01T00:00:00</ModuleTime>
      <ModuleName>Anonymously Hosted DynamicMethods Assembly</ModuleName>
      <Classes />
    </Module>
    <Module skippedDueTo="Filter" hash="93-BE-80-78-1E-D9-AE-08-FD-7C-6D-A2-C1-EC-0C-28-70-E0-A0-8D">
      <ModulePath>D:\Guillaume\Desktop\Internet Explorer\PROJECTS\C#\ComputerMonitoring\DesktopAssistant.Tests\bin\Debug\DesktopAssistant.Tests.dll</ModulePath>
      <ModuleTime>2020-08-07T16:26:39.8862434Z</ModuleTime>
      <ModuleName>DesktopAssistant.Tests</ModuleName>
      <Classes />
    </Module>
    <Module hash="94-8B-F8-D4-D3-3C-F2-E6-7D-93-4D-C7-23-4F-64-EB-9C-B9-38-04">
      <Summary numSequencePoints="96" visitedSequencePoints="0" numBranchPoints="28" visitedBranchPoints="0" sequenceCoverage="0" branchCoverage="0" maxCyclomaticComplexity="2" minCyclomaticComplexity="1" maxCrapScore="6" minCrapScore="2" visitedClasses="0" numClasses="1" visitedMethods="0" numMethods="24" />
      <ModulePath>D:\Guillaume\Desktop\Internet Explorer\PROJECTS\C#\ComputerMonitoring\DesktopAssistant.Tests\bin\Debug\DesktopAssistant.BL.dll</ModulePath>
      <ModuleTime>2020-08-07T00:43:29.5745713Z</ModuleTime>
      <ModuleName>DesktopAssistant.BL</ModuleName>
      <Files>
        <File uid="1" fullPath="D:\Guillaume\Desktop\Internet Explorer\PROJECTS\C#\ComputerMonitoring\DesktopAssistant.BL\ComputerMonitoringManager.cs" />
      </Files>
      <Classes>
        <Class>
          <Summary numSequencePoints="0" visitedSequencePoints="0" numBranchPoints="0" visitedBranchPoints="0" sequenceCoverage="0" branchCoverage="0" maxCyclomaticComplexity="0" minCyclomaticComplexity="0" maxCrapScore="0" minCrapScore="0" visitedClasses="0" numClasses="0" visitedMethods="0" numMethods="0" />
          <FullName>&lt;Module&gt;</FullName>
          <Methods />
        </Class>
        <Class>
          <Summary numSequencePoints="96" visitedSequencePoints="0" numBranchPoints="28" visitedBranchPoints="0" sequenceCoverage="0" branchCoverage="0" maxCyclomaticComplexity="2" minCyclomaticComplexity="1" maxCrapScore="6" minCrapScore="2" visitedClasses="0" numClasses="1" visitedMethods="0" numMethods="24" />
          <FullName>DesktopAssistant.BL.ComputerMonitoringManager</FullName>
          <Methods>
            <Method visited="false" cyclomaticComplexity="1" nPathComplexity="0" sequenceCoverage="0" branchCoverage="0" crapScore="2" isConstructor="false" isStatic="false" isGetter="true" isSetter="false">
              <Summary numSequencePoints="3" visitedSequencePoints="0" numBranchPoints="1" visitedBranchPoints="0" sequenceCoverage="0" branchCoverage="0" maxCyclomaticComplexity="1" minCyclomaticComplexity="1" maxCrapScore="2" minCrapScore="2" visitedClasses="0" numClasses="0" visitedMethods="0" numMethods="1" />
              <MetadataToken>100663312</MetadataToken>
              <Name>System.Collections.Generic.ICollection`1&lt;DesktopAssistant.BL.Hardware.IHardwareInfo&gt; DesktopAssistant.BL.ComputerMonitoringManager::get_HardwareValues()</Name>
              <FileRef uid="1" />
              <SequencePoints>
                <SequencePoint vc="0" uspid="1" ordinal="0" offset="0" sl="146" sc="17" el="146" ec="18" bec="0" bev="0" fileid="1" />
                <SequencePoint vc="0" uspid="2" ordinal="1" offset="1" sl="146" sc="19" el="146" ec="42" bec="0" bev="0" fileid="1" />
                <SequencePoint vc="0" uspid="3" ordinal="2" offset="10" sl="146" sc="43" el="146" ec="44" bec="0" bev="0" fileid="1" />
              </SequencePoints>
              <BranchPoints />
              <MethodPoint xsi:type="SequencePoint" vc="0" uspid="1" ordinal="0" offset="0" sl="146" sc="17" el="146" ec="18" bec="0" bev="0" fileid="1" />
            </Method>
            <Method visited="false" cyclomaticComplexity="2" nPathComplexity="2" sequenceCoverage="0" branchCoverage="0" crapScore="6" isConstructor="false" isStatic="false" isGetter="false" isSetter="true">
              <Summary numSequencePoints="4" visitedSequencePoints="0" numBranchPoints="3" visitedBranchPoints="0" sequenceCoverage="0" branchCoverage="0" maxCyclomaticComplexity="2" minCyclomaticComplexity="2" maxCrapScore="6" minCrapScore="6" visitedClasses="0" numClasses="0" visitedMethods="0" numMethods="1" />
              <MetadataToken>100663313</MetadataToken>
              <Name>System.Void DesktopAssistant.BL.ComputerMonitoringManager::set_HardwareValues(System.Collections.Generic.ICollection`1&lt;DesktopAssistant.BL.Hardware.IHardwareInfo&gt;)</Name>
              <FileRef uid="1" />
              <SequencePoints>
                <SequencePoint vc="0" uspid="4" ordinal="0" offset="0" sl="148" sc="13" el="148" ec="14" bec="0" bev="0" fileid="1" />
                <SequencePoint vc="0" uspid="5" ordinal="1" offset="1" sl="149" sc="17" el="149" ec="41" bec="0" bev="0" fileid="1" />
                <SequencePoint vc="0" uspid="6" ordinal="2" offset="8" sl="150" sc="17" el="150" ec="51" bec="2" bev="0" fileid="1" />
                <SequencePoint vc="0" uspid="7" ordinal="3" offset="26" sl="151" sc="13" el="151" ec="14" bec="0" bev="0" fileid="1" />
              </SequencePoints>
              <BranchPoints>
                <BranchPoint vc="0" uspid="8" ordinal="0" offset="15" sl="150" path="0" offsetend="17" fileid="1" />
                <BranchPoint vc="0" uspid="9" ordinal="1" offset="15" sl="150" path="1" offsetend="20" fileid="1" />
              </BranchPoints>
              <MethodPoint xsi:type="SequencePoint" vc="0" uspid="4" ordinal="0" offset="0" sl="148" sc="13" el="148" ec="14" bec="0" bev="0" fileid="1" />
            </Method>
            <Method visited="false" cyclomaticComplexity="1" nPathComplexity="0" sequenceCoverage="0" branchCoverage="0" crapScore="2" isConstructor="false" isStatic="false" isGetter="true" isSetter="false">
              <Summary numSequencePoints="3" visitedSequencePoints="0" numBranchPoints="1" visitedBranchPoints="0" sequenceCoverage="0" branchCoverage="0" maxCyclomaticComplexity="1" minCyclomaticComplexity="1" maxCrapScore="2" minCrapScore="2" visitedClasses="0" numClasses="0" visitedMethods="0" numMethods="1" />
              <MetadataToken>100663314</MetadataToken>
              <Name>System.Collections.Generic.IEnumerable`1&lt;DesktopAssistant.BL.ProcessWatch.IProcessWatch&gt; DesktopAssistant.BL.ComputerMonitoringManager::get_ProcessesUnderWatch()</Name>
              <FileRef uid="1" />
              <SequencePoints>
                <SequencePoint vc="0" uspid="10" ordinal="0" offset="0" sl="156" sc="17" el="156" ec="18" bec="0" bev="0" fileid="1" />
                <SequencePoint vc="0" uspid="11" ordinal="1" offset="1" sl="156" sc="19" el="156" ec="47" bec="0" bev="0" fileid="1" />
                <SequencePoint vc="0" uspid="12" ordinal="2" offset="10" sl="156" sc="48" el="156" ec="49" bec="0" bev="0" fileid="1" />
              </SequencePoints>
              <BranchPoints />
              <MethodPoint xsi:type="SequencePoint" vc="0" uspid="10" ordinal="0" offset="0" sl="156" sc="17" el="156" ec="18" bec="0" bev="0" fileid="1" />
            </Method>
            <Method visited="false" cyclomaticComplexity="2" nPathComplexity="2" sequenceCoverage="0" branchCoverage="0" crapScore="6" isConstructor="false" isStatic="false" isGetter="false" isSetter="true">
              <Summary numSequencePoints="4" visitedSequencePoints="0" numBranchPoints="3" visitedBranchPoints="0" sequenceCoverage="0" branchCoverage="0" maxCyclomaticComplexity="2" minCyclomaticComplexity="2" maxCrapScore="6" minCrapScore="6" visitedClasses="0" numClasses="0" visitedMethods="0" numMethods="1" />
              <MetadataToken>100663315</MetadataToken>
              <Name>System.Void DesktopAssistant.BL.ComputerMonitoringManager::set_ProcessesUnderWatch(System.Collections.Generic.IEnumerable`1&lt;DesktopAssistant.BL.ProcessWatch.IProcessWatch&gt;)</Name>
              <FileRef uid="1" />
              <SequencePoints>
                <SequencePoint vc="0" uspid="13" ordinal="0" offset="0" sl="158" sc="13" el="158" ec="14" bec="0" bev="0" fileid="1" />
                <SequencePoint vc="0" uspid="14" ordinal="1" offset="1" sl="159" sc="17" el="159" ec="46" bec="0" bev="0" fileid="1" />
                <SequencePoint vc="0" uspid="15" ordinal="2" offset="8" sl="160" sc="17" el="160" ec="55" bec="2" bev="0" fileid="1" />
                <SequencePoint vc="0" uspid="16" ordinal="3" offset="26" sl="161" sc="13" el="161" ec="14" bec="0" bev="0" fileid="1" />
              </SequencePoints>
              <BranchPoints>
                <BranchPoint vc="0" uspid="17" ordinal="0" offset="15" sl="160" path="0" offsetend="17" fileid="1" />
                <BranchPoint vc="0" uspid="18" ordinal="1" offset="15" sl="160" path="1" offsetend="20" fileid="1" />
              </BranchPoints>
              <MethodPoint xsi:type="SequencePoint" vc="0" uspid="13" ordinal="0" offset="0" sl="158" sc="13" el="158" ec="14" bec="0" bev="0" fileid="1" />
            </Method>
            <Method visited="false" cyclomaticComplexity="1" nPathComplexity="0" sequenceCoverage="0" branchCoverage="0" crapScore="2" isConstructor="true" isStatic="false" isGetter="false" isSetter="false">
              <Summary numSequencePoints="10" visitedSequencePoints="0" numBranchPoints="1" visitedBranchPoints="0" sequenceCoverage="0" branchCoverage="0" maxCyclomaticComplexity="1" minCyclomaticComplexity="1" maxCrapScore="2" minCrapScore="2" visitedClasses="0" numClasses="0" visitedMethods="0" numMethods="1" />
              <MetadataToken>100663297</MetadataToken>
              <Name>System.Void DesktopAssistant.BL.ComputerMonitoringManager::.ctor(Prism.Events.IEventAggregator,DesktopAssistant.BL.Hardware.IHardwareManager,DesktopAssistant.BL.ProcessWatch.IProcessWatcher,DesktopAssistant.BL.Persistence.IRepository,DesktopAssistant.BL.ITimer)</Name>
              <FileRef uid="1" />
              <SequencePoints>
                <SequencePoint vc="0" uspid="19" ordinal="0" offset="0" sl="35" sc="64" el="35" ec="78" bec="0" bev="0" fileid="1" />
                <SequencePoint vc="0" uspid="20" ordinal="1" offset="8" sl="36" sc="9" el="36" ec="10" bec="0" bev="0" fileid="1" />
                <SequencePoint vc="0" uspid="21" ordinal="2" offset="9" sl="37" sc="13" el="37" ec="56" bec="0" bev="0" fileid="1" />
                <SequencePoint vc="0" uspid="22" ordinal="3" offset="17" sl="38" sc="13" el="38" ec="48" bec="0" bev="0" fileid="1" />
                <SequencePoint vc="0" uspid="23" ordinal="4" offset="24" sl="39" sc="13" el="39" ec="63" bec="0" bev="0" fileid="1" />
                <SequencePoint vc="0" uspid="24" ordinal="5" offset="35" sl="40" sc="13" el="40" ec="40" bec="0" bev="0" fileid="1" />
                <SequencePoint vc="0" uspid="25" ordinal="6" offset="42" sl="41" sc="13" el="41" ec="38" bec="0" bev="0" fileid="1" />
                <SequencePoint vc="0" uspid="26" ordinal="7" offset="50" sl="43" sc="13" el="43" ec="43" bec="0" bev="0" fileid="1" />
                <SequencePoint vc="0" uspid="27" ordinal="8" offset="57" sl="44" sc="13" el="44" ec="33" bec="0" bev="0" fileid="1" />
                <SequencePoint vc="0" uspid="28" ordinal="9" offset="64" sl="45" sc="9" el="45" ec="10" bec="0" bev="0" fileid="1" />
              </SequencePoints>
              <BranchPoints />
              <MethodPoint xsi:type="SequencePoint" vc="0" uspid="19" ordinal="0" offset="0" sl="35" sc="64" el="35" ec="78" bec="0" bev="0" fileid="1" />
            </Method>
            <Method visited="false" cyclomaticComplexity="1" nPathComplexity="0" sequenceCoverage="0" branchCoverage="0" crapScore="2" isConstructor="false" isStatic="false" isGetter="false" isSetter="false">
              <Summary numSequencePoints="5" visitedSequencePoints="0" numBranchPoints="1" visitedBranchPoints="0" sequenceCoverage="0" branchCoverage="0" maxCyclomaticComplexity="1" minCyclomaticComplexity="1" maxCrapScore="2" minCrapScore="2" visitedClasses="0" numClasses="0" visitedMethods="0" numMethods="1" />
              <MetadataToken>100663298</MetadataToken>
              <Name>System.Void DesktopAssistant.BL.ComputerMonitoringManager::Start()</Name>
              <FileRef uid="1" />
              <SequencePoints>
                <SequencePoint vc="0" uspid="29" ordinal="0" offset="0" sl="48" sc="9" el="48" ec="10" bec="0" bev="0" fileid="1" />
                <SequencePoint vc="0" uspid="30" ordinal="1" offset="1" sl="49" sc="13" el="49" ec="33" bec="0" bev="0" fileid="1" />
                <SequencePoint vc="0" uspid="31" ordinal="2" offset="8" sl="50" sc="13" el="50" ec="57" bec="0" bev="0" fileid="1" />
                <SequencePoint vc="0" uspid="32" ordinal="3" offset="20" sl="51" sc="13" el="51" ec="33" bec="0" bev="0" fileid="1" />
                <SequencePoint vc="0" uspid="33" ordinal="4" offset="27" sl="52" sc="9" el="52" ec="10" bec="0" bev="0" fileid="1" />
              </SequencePoints>
              <BranchPoints />
              <MethodPoint xsi:type="SequencePoint" vc="0" uspid="29" ordinal="0" offset="0" sl="48" sc="9" el="48" ec="10" bec="0" bev="0" fileid="1" />
            </Method>
            <Method visited="false" cyclomaticComplexity="1" nPathComplexity="0" sequenceCoverage="0" branchCoverage="0" crapScore="2" isConstructor="false" isStatic="false" isGetter="false" isSetter="false">
              <Summary numSequencePoints="3" visitedSequencePoints="0" numBranchPoints="1" visitedBranchPoints="0" sequenceCoverage="0" branchCoverage="0" maxCyclomaticComplexity="1" minCyclomaticComplexity="1" maxCrapScore="2" minCrapScore="2" visitedClasses="0" numClasses="0" visitedMethods="0" numMethods="1" />
              <MetadataToken>100663299</MetadataToken>
              <Name>System.Void DesktopAssistant.BL.ComputerMonitoringManager::RegisterManagerObserver(DesktopAssistant.BL.IManagerObserver)</Name>
              <FileRef uid="1" />
              <SequencePoints>
                <SequencePoint vc="0" uspid="34" ordinal="0" offset="0" sl="55" sc="9" el="55" ec="10" bec="0" bev="0" fileid="1" />
                <SequencePoint vc="0" uspid="35" ordinal="1" offset="1" sl="56" sc="13" el="56" ec="34" bec="0" bev="0" fileid="1" />
                <SequencePoint vc="0" uspid="36" ordinal="2" offset="8" sl="57" sc="9" el="57" ec="10" bec="0" bev="0" fileid="1" />
              </SequencePoints>
              <BranchPoints />
              <MethodPoint xsi:type="SequencePoint" vc="0" uspid="34" ordinal="0" offset="0" sl="55" sc="9" el="55" ec="10" bec="0" bev="0" fileid="1" />
            </Method>
            <Method visited="false" cyclomaticComplexity="1" nPathComplexity="0" sequenceCoverage="0" branchCoverage="0" crapScore="2" isConstructor="false" isStatic="false" isGetter="false" isSetter="false">
              <Summary numSequencePoints="4" visitedSequencePoints="0" numBranchPoints="1" visitedBranchPoints="0" sequenceCoverage="0" branchCoverage="0" maxCyclomaticComplexity="1" minCyclomaticComplexity="1" maxCrapScore="2" minCrapScore="2" visitedClasses="0" numClasses="0" visitedMethods="0" numMethods="1" />
              <MetadataToken>100663300</MetadataToken>
              <Name>System.Void DesktopAssistant.BL.ComputerMonitoringManager::Dispose()</Name>
              <FileRef uid="1" />
              <SequencePoints>
                <SequencePoint vc="0" uspid="37" ordinal="0" offset="0" sl="60" sc="9" el="60" ec="10" bec="0" bev="0" fileid="1" />
                <SequencePoint vc="0" uspid="38" ordinal="1" offset="1" sl="61" sc="13" el="61" ec="46" bec="0" bev="0" fileid="1" />
                <SequencePoint vc="0" uspid="39" ordinal="2" offset="13" sl="62" sc="13" el="62" ec="43" bec="0" bev="0" fileid="1" />
                <SequencePoint vc="0" uspid="40" ordinal="3" offset="25" sl="63" sc="9" el="63" ec="10" bec="0" bev="0" fileid="1" />
              </SequencePoints>
              <BranchPoints />
              <MethodPoint xsi:type="SequencePoint" vc="0" uspid="37" ordinal="0" offset="0" sl="60" sc="9" el="60" ec="10" bec="0" bev="0" fileid="1" />
            </Method>
            <Method visited="false" cyclomaticComplexity="1" nPathComplexity="0" sequenceCoverage="0" branchCoverage="0" crapScore="2" isConstructor="false" isStatic="false" isGetter="false" isSetter="false">
              <Summary numSequencePoints="2" visitedSequencePoints="0" numBranchPoints="1" visitedBranchPoints="0" sequenceCoverage="0" branchCoverage="0" maxCyclomaticComplexity="1" minCyclomaticComplexity="1" maxCrapScore="2" minCrapScore="2" visitedClasses="0" numClasses="0" visitedMethods="0" numMethods="1" />
              <MetadataToken>100663301</MetadataToken>
              <Name>System.Void DesktopAssistant.BL.ComputerMonitoringManager::OnPacketCapture(DesktopAssistant.BL.ProcessWatch.PacketData)</Name>
              <FileRef uid="1" />
              <SequencePoints>
                <SequencePoint vc="0" uspid="41" ordinal="0" offset="0" sl="66" sc="9" el="66" ec="10" bec="0" bev="0" fileid="1" />
                <SequencePoint vc="0" uspid="42" ordinal="1" offset="1" sl="68" sc="9" el="68" ec="10" bec="0" bev="0" fileid="1" />
              </SequencePoints>
              <BranchPoints />
              <MethodPoint xsi:type="SequencePoint" vc="0" uspid="41" ordinal="0" offset="0" sl="66" sc="9" el="66" ec="10" bec="0" bev="0" fileid="1" />
            </Method>
            <Method visited="false" cyclomaticComplexity="1" nPathComplexity="0" sequenceCoverage="0" branchCoverage="0" crapScore="2" isConstructor="false" isStatic="false" isGetter="false" isSetter="false">
              <Summary numSequencePoints="4" visitedSequencePoints="0" numBranchPoints="1" visitedBranchPoints="0" sequenceCoverage="0" branchCoverage="0" maxCyclomaticComplexity="1" minCyclomaticComplexity="1" maxCrapScore="2" minCrapScore="2" visitedClasses="0" numClasses="0" visitedMethods="0" numMethods="1" />
              <MetadataToken>100663302</MetadataToken>
              <Name>System.Void DesktopAssistant.BL.ComputerMonitoringManager::SetInitialMonitoringTargets()</Name>
              <FileRef uid="1" />
              <SequencePoints>
                <SequencePoint vc="0" uspid="43" ordinal="0" offset="0" sl="71" sc="9" el="71" ec="10" bec="0" bev="0" fileid="1" />
                <SequencePoint vc="0" uspid="44" ordinal="1" offset="1" sl="72" sc="13" el="72" ec="97" bec="0" bev="0" fileid="1" />
                <SequencePoint vc="0" uspid="45" ordinal="2" offset="13" sl="73" sc="13" el="73" ec="87" bec="0" bev="0" fileid="1" />
                <SequencePoint vc="0" uspid="46" ordinal="3" offset="37" sl="74" sc="9" el="74" ec="10" bec="0" bev="0" fileid="1" />
              </SequencePoints>
              <BranchPoints />
              <MethodPoint xsi:type="SequencePoint" vc="0" uspid="43" ordinal="0" offset="0" sl="71" sc="9" el="71" ec="10" bec="0" bev="0" fileid="1" />
            </Method>
            <Method visited="false" cyclomaticComplexity="1" nPathComplexity="0" sequenceCoverage="0" branchCoverage="0" crapScore="2" isConstructor="false" isStatic="false" isGetter="false" isSetter="false">
              <Summary numSequencePoints="5" visitedSequencePoints="0" numBranchPoints="1" visitedBranchPoints="0" sequenceCoverage="0" branchCoverage="0" maxCyclomaticComplexity="1" minCyclomaticComplexity="1" maxCrapScore="2" minCrapScore="2" visitedClasses="0" numClasses="0" visitedMethods="0" numMethods="1" />
              <MetadataToken>100663303</MetadataToken>
              <Name>System.Void DesktopAssistant.BL.ComputerMonitoringManager::StartProcessWatch()</Name>
              <FileRef uid="1" />
              <SequencePoints>
                <SequencePoint vc="0" uspid="47" ordinal="0" offset="0" sl="77" sc="9" el="77" ec="10" bec="0" bev="0" fileid="1" />
                <SequencePoint vc="0" uspid="48" ordinal="1" offset="1" sl="78" sc="13" el="78" ec="65" bec="0" bev="0" fileid="1" />
                <SequencePoint vc="0" uspid="49" ordinal="2" offset="14" sl="79" sc="13" el="79" ec="74" bec="0" bev="0" fileid="1" />
                <SequencePoint vc="0" uspid="50" ordinal="3" offset="32" sl="80" sc="13" el="80" ec="44" bec="0" bev="0" fileid="1" />
                <SequencePoint vc="0" uspid="51" ordinal="4" offset="44" sl="81" sc="9" el="81" ec="10" bec="0" bev="0" fileid="1" />
              </SequencePoints>
              <BranchPoints />
              <MethodPoint xsi:type="SequencePoint" vc="0" uspid="47" ordinal="0" offset="0" sl="77" sc="9" el="77" ec="10" bec="0" bev="0" fileid="1" />
            </Method>
            <Method visited="false" cyclomaticComplexity="1" nPathComplexity="0" sequenceCoverage="0" branchCoverage="0" crapScore="2" isConstructor="false" isStatic="false" isGetter="false" isSetter="false">
              <Summary numSequencePoints="3" visitedSequencePoints="0" numBranchPoints="1" visitedBranchPoints="0" sequenceCoverage="0" branchCoverage="0" maxCyclomaticComplexity="1" minCyclomaticComplexity="1" maxCrapScore="2" minCrapScore="2" visitedClasses="0" numClasses="0" visitedMethods="0" numMethods="1" />
              <MetadataToken>100663304</MetadataToken>
              <Name>System.Collections.Generic.List`1&lt;DesktopAssistant.BL.Hardware.MonitoringTarget&gt; DesktopAssistant.BL.ComputerMonitoringManager::GetMonitoringQueue()</Name>
              <FileRef uid="1" />
              <SequencePoints>
                <SequencePoint vc="0" uspid="52" ordinal="0" offset="0" sl="84" sc="9" el="84" ec="10" bec="0" bev="0" fileid="1" />
                <SequencePoint vc="0" uspid="53" ordinal="1" offset="1" sl="85" sc="13" el="85" ec="39" bec="0" bev="0" fileid="1" />
                <SequencePoint vc="0" uspid="54" ordinal="2" offset="10" sl="86" sc="9" el="86" ec="10" bec="0" bev="0" fileid="1" />
              </SequencePoints>
              <BranchPoints />
              <MethodPoint xsi:type="SequencePoint" vc="0" uspid="52" ordinal="0" offset="0" sl="84" sc="9" el="84" ec="10" bec="0" bev="0" fileid="1" />
            </Method>
            <Method visited="false" cyclomaticComplexity="1" nPathComplexity="0" sequenceCoverage="0" branchCoverage="0" crapScore="2" isConstructor="false" isStatic="false" isGetter="false" isSetter="false">
              <Summary numSequencePoints="3" visitedSequencePoints="0" numBranchPoints="1" visitedBranchPoints="0" sequenceCoverage="0" branchCoverage="0" maxCyclomaticComplexity="1" minCyclomaticComplexity="1" maxCrapScore="2" minCrapScore="2" visitedClasses="0" numClasses="0" visitedMethods="0" numMethods="1" />
              <MetadataToken>100663305</MetadataToken>
              <Name>DesktopAssistant.BL.Hardware.IHardwareInfo DesktopAssistant.BL.ComputerMonitoringManager::GetCalculatedValue(DesktopAssistant.BL.Hardware.MonitoringTarget)</Name>
              <FileRef uid="1" />
              <SequencePoints>
                <SequencePoint vc="0" uspid="55" ordinal="0" offset="0" sl="89" sc="9" el="89" ec="10" bec="0" bev="0" fileid="1" />
                <SequencePoint vc="0" uspid="56" ordinal="1" offset="1" sl="90" sc="13" el="90" ec="67" bec="0" bev="0" fileid="1" />
                <SequencePoint vc="0" uspid="57" ordinal="2" offset="16" sl="91" sc="9" el="91" ec="10" bec="0" bev="0" fileid="1" />
              </SequencePoints>
              <BranchPoints />
              <MethodPoint xsi:type="SequencePoint" vc="0" uspid="55" ordinal="0" offset="0" sl="89" sc="9" el="89" ec="10" bec="0" bev="0" fileid="1" />
            </Method>
            <Method visited="false" cyclomaticComplexity="1" nPathComplexity="0" sequenceCoverage="0" branchCoverage="0" crapScore="2" isConstructor="false" isStatic="false" isGetter="false" isSetter="false">
              <Summary numSequencePoints="3" visitedSequencePoints="0" numBranchPoints="1" visitedBranchPoints="0" sequenceCoverage="0" branchCoverage="0" maxCyclomaticComplexity="1" minCyclomaticComplexity="1" maxCrapScore="2" minCrapScore="2" visitedClasses="0" numClasses="0" visitedMethods="0" numMethods="1" />
              <MetadataToken>100663306</MetadataToken>
              <Name>System.Collections.Generic.ICollection`1&lt;DesktopAssistant.BL.Hardware.MonitoringTarget&gt; DesktopAssistant.BL.ComputerMonitoringManager::GetAllTargets()</Name>
              <FileRef uid="1" />
              <SequencePoints>
                <SequencePoint vc="0" uspid="58" ordinal="0" offset="0" sl="94" sc="9" el="94" ec="10" bec="0" bev="0" fileid="1" />
                <SequencePoint vc="0" uspid="59" ordinal="1" offset="1" sl="95" sc="13" el="95" ec="53" bec="0" bev="0" fileid="1" />
                <SequencePoint vc="0" uspid="60" ordinal="2" offset="15" sl="96" sc="9" el="96" ec="10" bec="0" bev="0" fileid="1" />
              </SequencePoints>
              <BranchPoints />
              <MethodPoint xsi:type="SequencePoint" vc="0" uspid="58" ordinal="0" offset="0" sl="94" sc="9" el="94" ec="10" bec="0" bev="0" fileid="1" />
            </Method>
            <Method visited="false" cyclomaticComplexity="1" nPathComplexity="0" sequenceCoverage="0" branchCoverage="0" crapScore="2" isConstructor="false" isStatic="false" isGetter="false" isSetter="false">
              <Summary numSequencePoints="3" visitedSequencePoints="0" numBranchPoints="1" visitedBranchPoints="0" sequenceCoverage="0" branchCoverage="0" maxCyclomaticComplexity="1" minCyclomaticComplexity="1" maxCrapScore="2" minCrapScore="2" visitedClasses="0" numClasses="0" visitedMethods="0" numMethods="1" />
              <MetadataToken>100663307</MetadataToken>
              <Name>System.Void DesktopAssistant.BL.ComputerMonitoringManager::OnCounterCompletionEvent(System.Object,System.Timers.ElapsedEventArgs)</Name>
              <FileRef uid="1" />
              <SequencePoints>
                <SequencePoint vc="0" uspid="61" ordinal="0" offset="0" sl="99" sc="9" el="99" ec="10" bec="0" bev="0" fileid="1" />
                <SequencePoint vc="0" uspid="62" ordinal="1" offset="1" sl="100" sc="13" el="100" ec="33" bec="0" bev="0" fileid="1" />
                <SequencePoint vc="0" uspid="63" ordinal="2" offset="8" sl="101" sc="9" el="101" ec="10" bec="0" bev="0" fileid="1" />
              </SequencePoints>
              <BranchPoints />
              <MethodPoint xsi:type="SequencePoint" vc="0" uspid="61" ordinal="0" offset="0" sl="99" sc="9" el="99" ec="10" bec="0" bev="0" fileid="1" />
            </Method>
            <Method visited="false" cyclomaticComplexity="1" nPathComplexity="0" sequenceCoverage="0" branchCoverage="0" crapScore="2" isConstructor="false" isStatic="false" isGetter="false" isSetter="false">
              <Summary numSequencePoints="11" visitedSequencePoints="0" numBranchPoints="1" visitedBranchPoints="0" sequenceCoverage="0" branchCoverage="0" maxCyclomaticComplexity="1" minCyclomaticComplexity="1" maxCrapScore="2" minCrapScore="2" visitedClasses="0" numClasses="0" visitedMethods="0" numMethods="1" />
              <MetadataToken>100663308</MetadataToken>
              <Name>System.Void DesktopAssistant.BL.ComputerMonitoringManager::RefreshMonitoring()</Name>
              <FileRef uid="1" />
              <SequencePoints>
                <SequencePoint vc="0" uspid="64" ordinal="0" offset="0" sl="104" sc="9" el="104" ec="10" bec="0" bev="0" fileid="1" />
                <SequencePoint vc="0" uspid="65" ordinal="1" offset="1" sl="106" sc="13" el="106" ec="14" bec="0" bev="0" fileid="1" />
                <SequencePoint vc="0" uspid="66" ordinal="2" offset="2" sl="107" sc="17" el="107" ec="115" bec="0" bev="0" fileid="1" />
                <SequencePoint vc="0" uspid="67" ordinal="3" offset="20" sl="108" sc="17" el="108" ec="87" bec="0" bev="0" fileid="1" />
                <SequencePoint vc="0" uspid="68" ordinal="4" offset="33" sl="109" sc="13" el="109" ec="14" bec="0" bev="0" fileid="1" />
                <SequencePoint vc="0" uspid="69" ordinal="5" offset="36" sl="110" sc="13" el="110" ec="32" bec="0" bev="0" fileid="1" />
                <SequencePoint vc="0" uspid="70" ordinal="6" offset="37" sl="111" sc="13" el="111" ec="14" bec="0" bev="0" fileid="1" />
                <SequencePoint vc="0" uspid="71" ordinal="7" offset="38" sl="112" sc="17" el="112" ec="39" bec="0" bev="0" fileid="1" />
                <SequencePoint vc="0" uspid="72" ordinal="8" offset="51" sl="113" sc="17" el="113" ec="38" bec="0" bev="0" fileid="1" />
                <SequencePoint vc="0" uspid="73" ordinal="9" offset="64" sl="114" sc="13" el="114" ec="14" bec="0" bev="0" fileid="1" />
                <SequencePoint vc="0" uspid="74" ordinal="10" offset="67" sl="115" sc="9" el="115" ec="10" bec="0" bev="0" fileid="1" />
              </SequencePoints>
              <BranchPoints />
              <MethodPoint xsi:type="SequencePoint" vc="0" uspid="64" ordinal="0" offset="0" sl="104" sc="9" el="104" ec="10" bec="0" bev="0" fileid="1" />
            </Method>
            <Method visited="false" cyclomaticComplexity="1" nPathComplexity="0" sequenceCoverage="0" branchCoverage="0" crapScore="2" isConstructor="false" isStatic="false" isGetter="false" isSetter="false">
              <Summary numSequencePoints="6" visitedSequencePoints="0" numBranchPoints="1" visitedBranchPoints="0" sequenceCoverage="0" branchCoverage="0" maxCyclomaticComplexity="1" minCyclomaticComplexity="1" maxCrapScore="2" minCrapScore="2" visitedClasses="0" numClasses="0" visitedMethods="0" numMethods="1" />
              <MetadataToken>100663309</MetadataToken>
              <Name>System.Void DesktopAssistant.BL.ComputerMonitoringManager::SetMonitoringCounter(System.Int32)</Name>
              <FileRef uid="1" />
              <SequencePoints>
                <SequencePoint vc="0" uspid="75" ordinal="0" offset="0" sl="118" sc="9" el="118" ec="10" bec="0" bev="0" fileid="1" />
                <SequencePoint vc="0" uspid="76" ordinal="1" offset="1" sl="119" sc="13" el="119" ec="69" bec="0" bev="0" fileid="1" />
                <SequencePoint vc="0" uspid="77" ordinal="2" offset="14" sl="120" sc="13" el="120" ec="75" bec="0" bev="0" fileid="1" />
                <SequencePoint vc="0" uspid="78" ordinal="3" offset="38" sl="121" sc="13" el="121" ec="56" bec="0" bev="0" fileid="1" />
                <SequencePoint vc="0" uspid="79" ordinal="4" offset="51" sl="122" sc="13" el="122" ec="47" bec="0" bev="0" fileid="1" />
                <SequencePoint vc="0" uspid="80" ordinal="5" offset="63" sl="123" sc="9" el="123" ec="10" bec="0" bev="0" fileid="1" />
              </SequencePoints>
              <BranchPoints />
              <MethodPoint xsi:type="SequencePoint" vc="0" uspid="75" ordinal="0" offset="0" sl="118" sc="9" el="118" ec="10" bec="0" bev="0" fileid="1" />
            </Method>
            <Method visited="false" cyclomaticComplexity="1" nPathComplexity="0" sequenceCoverage="0" branchCoverage="0" crapScore="2" isConstructor="false" isStatic="false" isGetter="false" isSetter="false">
              <Summary numSequencePoints="4" visitedSequencePoints="0" numBranchPoints="1" visitedBranchPoints="0" sequenceCoverage="0" branchCoverage="0" maxCyclomaticComplexity="1" minCyclomaticComplexity="1" maxCrapScore="2" minCrapScore="2" visitedClasses="0" numClasses="0" visitedMethods="0" numMethods="1" />
              <MetadataToken>100663310</MetadataToken>
              <Name>System.Void DesktopAssistant.BL.ComputerMonitoringManager::SubscribeToEvents()</Name>
              <FileRef uid="1" />
              <SequencePoints>
                <SequencePoint vc="0" uspid="81" ordinal="0" offset="0" sl="126" sc="9" el="126" ec="10" bec="0" bev="0" fileid="1" />
                <SequencePoint vc="0" uspid="82" ordinal="1" offset="1" sl="127" sc="13" el="127" ec="93" bec="0" bev="0" fileid="1" />
                <SequencePoint vc="0" uspid="83" ordinal="2" offset="30" sl="128" sc="13" el="128" ec="124" bec="0" bev="0" fileid="1" />
                <SequencePoint vc="0" uspid="84" ordinal="3" offset="59" sl="129" sc="9" el="129" ec="10" bec="0" bev="0" fileid="1" />
              </SequencePoints>
              <BranchPoints />
              <MethodPoint xsi:type="SequencePoint" vc="0" uspid="81" ordinal="0" offset="0" sl="126" sc="9" el="126" ec="10" bec="0" bev="0" fileid="1" />
            </Method>
            <Method visited="false" cyclomaticComplexity="1" nPathComplexity="0" sequenceCoverage="0" branchCoverage="0" crapScore="2" isConstructor="false" isStatic="false" isGetter="false" isSetter="false">
              <Summary numSequencePoints="9" visitedSequencePoints="0" numBranchPoints="1" visitedBranchPoints="0" sequenceCoverage="0" branchCoverage="0" maxCyclomaticComplexity="1" minCyclomaticComplexity="1" maxCrapScore="2" minCrapScore="2" visitedClasses="0" numClasses="0" visitedMethods="0" numMethods="1" />
              <MetadataToken>100663311</MetadataToken>
              <Name>System.Void DesktopAssistant.BL.ComputerMonitoringManager::UpdateProcessWatch(System.Collections.Generic.IEnumerable`1&lt;DesktopAssistant.BL.ProcessWatch.IProcessWatch&gt;)</Name>
              <FileRef uid="1" />
              <SequencePoints>
                <SequencePoint vc="0" uspid="85" ordinal="0" offset="0" sl="132" sc="9" el="132" ec="10" bec="0" bev="0" fileid="1" />
                <SequencePoint vc="0" uspid="86" ordinal="1" offset="1" sl="133" sc="13" el="133" ec="101" bec="0" bev="0" fileid="1" />
                <SequencePoint vc="0" uspid="87" ordinal="2" offset="14" sl="134" sc="13" el="134" ec="98" bec="0" bev="0" fileid="1" />
                <SequencePoint vc="0" uspid="88" ordinal="3" offset="27" sl="135" sc="13" el="135" ec="100" bec="0" bev="0" fileid="1" />
                <SequencePoint vc="0" uspid="89" ordinal="4" offset="40" sl="136" sc="13" el="136" ec="115" bec="0" bev="0" fileid="1" />
                <SequencePoint vc="0" uspid="90" ordinal="5" offset="64" sl="137" sc="13" el="137" ec="110" bec="0" bev="0" fileid="1" />
                <SequencePoint vc="0" uspid="91" ordinal="6" offset="88" sl="138" sc="13" el="138" ec="128" bec="0" bev="0" fileid="1" />
                <SequencePoint vc="0" uspid="92" ordinal="7" offset="112" sl="139" sc="13" el="139" ec="74" bec="0" bev="0" fileid="1" />
                <SequencePoint vc="0" uspid="93" ordinal="8" offset="130" sl="140" sc="9" el="140" ec="10" bec="0" bev="0" fileid="1" />
              </SequencePoints>
              <BranchPoints />
              <MethodPoint xsi:type="SequencePoint" vc="0" uspid="85" ordinal="0" offset="0" sl="132" sc="9" el="132" ec="10" bec="0" bev="0" fileid="1" />
            </Method>
            <Method visited="false" cyclomaticComplexity="1" nPathComplexity="0" sequenceCoverage="0" branchCoverage="0" crapScore="2" isConstructor="false" isStatic="false" isGetter="false" isSetter="false">
              <Summary numSequencePoints="1" visitedSequencePoints="0" numBranchPoints="1" visitedBranchPoints="0" sequenceCoverage="0" branchCoverage="0" maxCyclomaticComplexity="1" minCyclomaticComplexity="1" maxCrapScore="2" minCrapScore="2" visitedClasses="0" numClasses="0" visitedMethods="0" numMethods="1" />
              <MetadataToken>100663316</MetadataToken>
              <Name>System.Void DesktopAssistant.BL.ComputerMonitoringManager::&lt;SetInitialMonitoringTargets&gt;b__14_0(DesktopAssistant.BL.Hardware.MonitoringTarget)</Name>
              <FileRef uid="1" />
              <SequencePoints>
                <SequencePoint vc="0" uspid="94" ordinal="0" offset="0" sl="73" sc="55" el="73" ec="85" bec="0" bev="0" fileid="1" />
              </SequencePoints>
              <BranchPoints />
              <MethodPoint xsi:type="SequencePoint" vc="0" uspid="94" ordinal="0" offset="0" sl="73" sc="55" el="73" ec="85" bec="0" bev="0" fileid="1" />
            </Method>
            <Method visited="false" cyclomaticComplexity="1" nPathComplexity="0" sequenceCoverage="0" branchCoverage="0" crapScore="2" isConstructor="false" isStatic="false" isGetter="false" isSetter="false">
              <Summary numSequencePoints="3" visitedSequencePoints="0" numBranchPoints="1" visitedBranchPoints="0" sequenceCoverage="0" branchCoverage="0" maxCyclomaticComplexity="1" minCyclomaticComplexity="1" maxCrapScore="2" minCrapScore="2" visitedClasses="0" numClasses="0" visitedMethods="0" numMethods="1" />
              <MetadataToken>100663317</MetadataToken>
              <Name>System.Void DesktopAssistant.BL.ComputerMonitoringManager::&lt;SubscribeToEvents&gt;b__22_0(System.Collections.Generic.List`1&lt;DesktopAssistant.BL.Hardware.MonitoringTarget&gt;)</Name>
              <FileRef uid="1" />
              <SequencePoints>
                <SequencePoint vc="0" uspid="95" ordinal="0" offset="0" sl="128" sc="89" el="128" ec="90" bec="0" bev="0" fileid="1" />
                <SequencePoint vc="0" uspid="96" ordinal="1" offset="1" sl="128" sc="91" el="128" ec="120" bec="0" bev="0" fileid="1" />
                <SequencePoint vc="0" uspid="97" ordinal="2" offset="8" sl="128" sc="121" el="128" ec="122" bec="0" bev="0" fileid="1" />
              </SequencePoints>
              <BranchPoints />
              <MethodPoint xsi:type="SequencePoint" vc="0" uspid="95" ordinal="0" offset="0" sl="128" sc="89" el="128" ec="90" bec="0" bev="0" fileid="1" />
            </Method>
            <Method visited="false" cyclomaticComplexity="1" nPathComplexity="0" sequenceCoverage="0" branchCoverage="0" crapScore="2" isConstructor="false" isStatic="false" isGetter="false" isSetter="false">
              <Summary numSequencePoints="1" visitedSequencePoints="0" numBranchPoints="1" visitedBranchPoints="0" sequenceCoverage="0" branchCoverage="0" maxCyclomaticComplexity="1" minCyclomaticComplexity="1" maxCrapScore="2" minCrapScore="2" visitedClasses="0" numClasses="0" visitedMethods="0" numMethods="1" />
              <MetadataToken>100663318</MetadataToken>
              <Name>System.Void DesktopAssistant.BL.ComputerMonitoringManager::&lt;UpdateProcessWatch&gt;b__23_0(DesktopAssistant.BL.ProcessWatch.IProcessWatch)</Name>
              <FileRef uid="1" />
              <SequencePoints>
                <SequencePoint vc="0" uspid="98" ordinal="0" offset="0" sl="136" sc="48" el="136" ec="113" bec="0" bev="0" fileid="1" />
              </SequencePoints>
              <BranchPoints />
              <MethodPoint xsi:type="SequencePoint" vc="0" uspid="98" ordinal="0" offset="0" sl="136" sc="48" el="136" ec="113" bec="0" bev="0" fileid="1" />
            </Method>
            <Method visited="false" cyclomaticComplexity="1" nPathComplexity="0" sequenceCoverage="0" branchCoverage="0" crapScore="2" isConstructor="false" isStatic="false" isGetter="false" isSetter="false">
              <Summary numSequencePoints="1" visitedSequencePoints="0" numBranchPoints="1" visitedBranchPoints="0" sequenceCoverage="0" branchCoverage="0" maxCyclomaticComplexity="1" minCyclomaticComplexity="1" maxCrapScore="2" minCrapScore="2" visitedClasses="0" numClasses="0" visitedMethods="0" numMethods="1" />
              <MetadataToken>100663319</MetadataToken>
              <Name>System.Void DesktopAssistant.BL.ComputerMonitoringManager::&lt;UpdateProcessWatch&gt;b__23_1(DesktopAssistant.BL.ProcessWatch.IProcessWatch)</Name>
              <FileRef uid="1" />
              <SequencePoints>
                <SequencePoint vc="0" uspid="99" ordinal="0" offset="0" sl="137" sc="51" el="137" ec="108" bec="0" bev="0" fileid="1" />
              </SequencePoints>
              <BranchPoints />
              <MethodPoint xsi:type="SequencePoint" vc="0" uspid="99" ordinal="0" offset="0" sl="137" sc="51" el="137" ec="108" bec="0" bev="0" fileid="1" />
            </Method>
            <Method visited="false" cyclomaticComplexity="1" nPathComplexity="0" sequenceCoverage="0" branchCoverage="0" crapScore="2" isConstructor="false" isStatic="false" isGetter="false" isSetter="false">
              <Summary numSequencePoints="1" visitedSequencePoints="0" numBranchPoints="1" visitedBranchPoints="0" sequenceCoverage="0" branchCoverage="0" maxCyclomaticComplexity="1" minCyclomaticComplexity="1" maxCrapScore="2" minCrapScore="2" visitedClasses="0" numClasses="0" visitedMethods="0" numMethods="1" />
              <MetadataToken>100663320</MetadataToken>
              <Name>System.Void DesktopAssistant.BL.ComputerMonitoringManager::&lt;UpdateProcessWatch&gt;b__23_2(DesktopAssistant.BL.ProcessWatch.IProcessWatch)</Name>
              <FileRef uid="1" />
              <SequencePoints>
                <SequencePoint vc="0" uspid="100" ordinal="0" offset="0" sl="138" sc="51" el="138" ec="126" bec="0" bev="0" fileid="1" />
              </SequencePoints>
              <BranchPoints />
              <MethodPoint xsi:type="SequencePoint" vc="0" uspid="100" ordinal="0" offset="0" sl="138" sc="51" el="138" ec="126" bec="0" bev="0" fileid="1" />
            </Method>
          </Methods>
        </Class>
        <Class skippedDueTo="Filter">
          <FullName>DesktopAssistant.BL.Wrappers.JobTimer</FullName>
          <Methods />
        </Class>
        <Class>
          <Summary numSequencePoints="0" visitedSequencePoints="0" numBranchPoints="0" visitedBranchPoints="0" sequenceCoverage="0" branchCoverage="0" maxCyclomaticComplexity="1" minCyclomaticComplexity="1" maxCrapScore="2" minCrapScore="2" visitedClasses="0" numClasses="0" visitedMethods="0" numMethods="0" />
          <FullName>DesktopAssistant.BL.ProcessWatch.PacketData</FullName>
          <Methods>
            <Method visited="false" cyclomaticComplexity="1" nPathComplexity="0" sequenceCoverage="0" branchCoverage="0" crapScore="2" isConstructor="true" isStatic="false" isGetter="false" isSetter="false">
              <Summary numSequencePoints="0" visitedSequencePoints="0" numBranchPoints="0" visitedBranchPoints="0" sequenceCoverage="0" branchCoverage="0" maxCyclomaticComplexity="1" minCyclomaticComplexity="1" maxCrapScore="2" minCrapScore="2" visitedClasses="0" numClasses="0" visitedMethods="0" numMethods="0" />
              <MetadataToken>100663361</MetadataToken>
              <Name>System.Void DesktopAssistant.BL.ProcessWatch.PacketData::.ctor()</Name>
              <SequencePoints />
              <BranchPoints />
              <MethodPoint vc="0" uspid="101" ordinal="0" offset="0" />
            </Method>
          </Methods>
        </Class>
        <Class>
          <Summary numSequencePoints="0" visitedSequencePoints="0" numBranchPoints="0" visitedBranchPoints="0" sequenceCoverage="0" branchCoverage="0" maxCyclomaticComplexity="1" minCyclomaticComplexity="1" maxCrapScore="2" minCrapScore="2" visitedClasses="0" numClasses="0" visitedMethods="0" numMethods="0" />
          <FullName>DesktopAssistant.BL.Events.OnWatchdogTargetChangedEvent</FullName>
          <Methods>
            <Method visited="false" cyclomaticComplexity="1" nPathComplexity="0" sequenceCoverage="0" branchCoverage="0" crapScore="2" isConstructor="true" isStatic="false" isGetter="false" isSetter="false">
              <Summary numSequencePoints="0" visitedSequencePoints="0" numBranchPoints="0" visitedBranchPoints="0" sequenceCoverage="0" branchCoverage="0" maxCyclomaticComplexity="1" minCyclomaticComplexity="1" maxCrapScore="2" minCrapScore="2" visitedClasses="0" numClasses="0" visitedMethods="0" numMethods="0" />
              <MetadataToken>100663374</MetadataToken>
              <Name>System.Void DesktopAssistant.BL.Events.OnWatchdogTargetChangedEvent::.ctor()</Name>
              <SequencePoints />
              <BranchPoints />
              <MethodPoint vc="0" uspid="102" ordinal="0" offset="0" />
            </Method>
          </Methods>
        </Class>
        <Class>
          <Summary numSequencePoints="0" visitedSequencePoints="0" numBranchPoints="0" visitedBranchPoints="0" sequenceCoverage="0" branchCoverage="0" maxCyclomaticComplexity="1" minCyclomaticComplexity="1" maxCrapScore="2" minCrapScore="2" visitedClasses="0" numClasses="0" visitedMethods="0" numMethods="0" />
          <FullName>DesktopAssistant.BL.Events.OnMonitoringTargetsChangedEvent</FullName>
          <Methods>
            <Method visited="false" cyclomaticComplexity="1" nPathComplexity="0" sequenceCoverage="0" branchCoverage="0" crapScore="2" isConstructor="true" isStatic="false" isGetter="false" isSetter="false">
              <Summary numSequencePoints="0" visitedSequencePoints="0" numBranchPoints="0" visitedBranchPoints="0" sequenceCoverage="0" branchCoverage="0" maxCyclomaticComplexity="1" minCyclomaticComplexity="1" maxCrapScore="2" minCrapScore="2" visitedClasses="0" numClasses="0" visitedMethods="0" numMethods="0" />
              <MetadataToken>100663375</MetadataToken>
              <Name>System.Void DesktopAssistant.BL.Events.OnMonitoringTargetsChangedEvent::.ctor()</Name>
              <SequencePoints />
              <BranchPoints />
              <MethodPoint vc="0" uspid="103" ordinal="0" offset="0" />
            </Method>
          </Methods>
        </Class>
        <Class>
          <Summary numSequencePoints="0" visitedSequencePoints="0" numBranchPoints="0" visitedBranchPoints="0" sequenceCoverage="0" branchCoverage="0" maxCyclomaticComplexity="1" minCyclomaticComplexity="1" maxCrapScore="2" minCrapScore="2" visitedClasses="0" numClasses="0" visitedMethods="0" numMethods="0" />
          <FullName>DesktopAssistant.BL.Events.OnMonitoringTargetSelectedEvent</FullName>
          <Methods>
            <Method visited="false" cyclomaticComplexity="1" nPathComplexity="0" sequenceCoverage="0" branchCoverage="0" crapScore="2" isConstructor="true" isStatic="false" isGetter="false" isSetter="false">
              <Summary numSequencePoints="0" visitedSequencePoints="0" numBranchPoints="0" visitedBranchPoints="0" sequenceCoverage="0" branchCoverage="0" maxCyclomaticComplexity="1" minCyclomaticComplexity="1" maxCrapScore="2" minCrapScore="2" visitedClasses="0" numClasses="0" visitedMethods="0" numMethods="0" />
              <MetadataToken>100663376</MetadataToken>
              <Name>System.Void DesktopAssistant.BL.Events.OnMonitoringTargetSelectedEvent::.ctor()</Name>
              <SequencePoints />
              <BranchPoints />
              <MethodPoint vc="0" uspid="104" ordinal="0" offset="0" />
            </Method>
          </Methods>
        </Class>
      </Classes>
    </Module>
    <Module hash="50-2C-D6-F7-E3-5A-D8-30-4A-A2-1C-6D-D1-F2-5B-DC-CB-D6-52-66">
      <Summary numSequencePoints="484" visitedSequencePoints="462" numBranchPoints="311" visitedBranchPoints="261" sequenceCoverage="95.45" branchCoverage="83.92" maxCyclomaticComplexity="13" minCyclomaticComplexity="1" maxCrapScore="30" minCrapScore="1" visitedClasses="28" numClasses="29" visitedMethods="142" numMethods="146" />
      <ModulePath>D:\Guillaume\Desktop\Internet Explorer\PROJECTS\C#\ComputerMonitoring\DesktopAssistant.Tests\bin\Debug\Hardware.dll</ModulePath>
      <ModuleTime>2020-08-05T22:11:36.5519585Z</ModuleTime>
      <ModuleName>Hardware</ModuleName>
      <Files>
        <File uid="3" fullPath="D:\Guillaume\Desktop\Internet Explorer\PROJECTS\C#\ComputerMonitoring\Hardware\HardwareManager.cs" />
        <File uid="8" fullPath="D:\Guillaume\Desktop\Internet Explorer\PROJECTS\C#\ComputerMonitoring\Hardware\Models\ServerDTOs\ProcessDTO.cs" />
        <File uid="9" fullPath="D:\Guillaume\Desktop\Internet Explorer\PROJECTS\C#\ComputerMonitoring\Hardware\Models\ServerDTOs\ResourceTypeDTO.cs" />
        <File uid="10" fullPath="D:\Guillaume\Desktop\Internet Explorer\PROJECTS\C#\ComputerMonitoring\Hardware\Models\ServerDTOs\SampleTimeDTO.cs" />
        <File uid="11" fullPath="D:\Guillaume\Desktop\Internet Explorer\PROJECTS\C#\ComputerMonitoring\Hardware\Models\ServerDTOs\ServerResourceDTO.cs" />
        <File uid="12" fullPath="D:\Guillaume\Desktop\Internet Explorer\PROJECTS\C#\ComputerMonitoring\Hardware\Models\ServerDTOs\ServerResourceUnitDTO.cs" />
        <File uid="13" fullPath="D:\Guillaume\Desktop\Internet Explorer\PROJECTS\C#\ComputerMonitoring\Hardware\Helpers\WmiHelper.cs" />
        <File uid="16" fullPath="D:\Guillaume\Desktop\Internet Explorer\PROJECTS\C#\ComputerMonitoring\Hardware\Exceptions\HardwareCommunicationException.cs" />
        <File uid="17" fullPath="D:\Guillaume\Desktop\Internet Explorer\PROJECTS\C#\ComputerMonitoring\Hardware\Exceptions\InvalidConnectorException.cs" />
        <File uid="18" fullPath="D:\Guillaume\Desktop\Internet Explorer\PROJECTS\C#\ComputerMonitoring\Hardware\Connectors\OpenHardware_Connector.cs" />
        <File uid="20" fullPath="D:\Guillaume\Desktop\Internet Explorer\PROJECTS\C#\ComputerMonitoring\Hardware\Connectors\SystemIO_Connector.cs" />
        <File uid="22" fullPath="D:\Guillaume\Desktop\Internet Explorer\PROJECTS\C#\ComputerMonitoring\Hardware\Connectors\ASPNET_API_Connector.cs" />
        <File uid="25" fullPath="D:\Guillaume\Desktop\Internet Explorer\PROJECTS\C#\ComputerMonitoring\Hardware\Connectors\NVDIA_API_Connector.cs" />
        <File uid="27" fullPath="D:\Guillaume\Desktop\Internet Explorer\PROJECTS\C#\ComputerMonitoring\Hardware\Connectors\WMI_Connector.cs" />
        <File uid="28" fullPath="D:\Guillaume\Desktop\Internet Explorer\PROJECTS\C#\ComputerMonitoring\Hardware\Models\HardwareInformation.cs" />
        <File uid="29" fullPath="D:\Guillaume\Desktop\Internet Explorer\PROJECTS\C#\ComputerMonitoring\Hardware\Models\ComputerRessource.cs" />
        <File uid="30" fullPath="D:\Guillaume\Desktop\Internet Explorer\PROJECTS\C#\ComputerMonitoring\Hardware\Models\RessourceCollection.cs" />
        <File uid="31" fullPath="D:\Guillaume\Desktop\Internet Explorer\PROJECTS\C#\ComputerMonitoring\Hardware\Factories\ConnectorFactory.cs" />
      </Files>
      <Classes>
        <Class>
          <Summary numSequencePoints="0" visitedSequencePoints="0" numBranchPoints="0" visitedBranchPoints="0" sequenceCoverage="0" branchCoverage="0" maxCyclomaticComplexity="0" minCyclomaticComplexity="0" maxCrapScore="0" minCrapScore="0" visitedClasses="0" numClasses="0" visitedMethods="0" numMethods="0" />
          <FullName>&lt;Module&gt;</FullName>
          <Methods />
        </Class>
        <Class>
          <Summary numSequencePoints="97" visitedSequencePoints="90" numBranchPoints="63" visitedBranchPoints="48" sequenceCoverage="92.78" branchCoverage="76.19" maxCyclomaticComplexity="7" minCyclomaticComplexity="1" maxCrapScore="10.50" minCrapScore="1" visitedClasses="1" numClasses="1" visitedMethods="11" numMethods="11" />
          <FullName>Hardware.HardwareManager</FullName>
          <Methods>
            <Method visited="true" cyclomaticComplexity="1" nPathComplexity="0" sequenceCoverage="100" branchCoverage="100" crapScore="1" isConstructor="true" isStatic="false" isGetter="false" isSetter="false">
              <Summary numSequencePoints="7" visitedSequencePoints="7" numBranchPoints="1" visitedBranchPoints="1" sequenceCoverage="100" branchCoverage="100" maxCyclomaticComplexity="1" minCyclomaticComplexity="1" maxCrapScore="1" minCrapScore="1" visitedClasses="0" numClasses="0" visitedMethods="1" numMethods="1" />
              <MetadataToken>100663297</MetadataToken>
              <Name>System.Void Hardware.HardwareManager::.ctor(Hardware.IFactory`1&lt;Hardware.Connectors.ConnectorBase&gt;,DesktopAssistant.BL.Persistence.IRepository)</Name>
              <FileRef uid="3" />
              <SequencePoints>
                <SequencePoint vc="6" uspid="105" ordinal="0" offset="0" sl="20" sc="9" el="20" ec="88" bec="0" bev="0" fileid="3" />
                <SequencePoint vc="6" uspid="106" ordinal="1" offset="7" sl="21" sc="9" el="21" ec="10" bec="0" bev="0" fileid="3" />
                <SequencePoint vc="6" uspid="107" ordinal="2" offset="8" sl="22" sc="13" el="22" ec="38" bec="0" bev="0" fileid="3" />
                <SequencePoint vc="6" uspid="108" ordinal="3" offset="15" sl="23" sc="13" el="23" ec="41" bec="0" bev="0" fileid="3" />
                <SequencePoint vc="6" uspid="109" ordinal="4" offset="22" sl="24" sc="13" el="24" ec="36" bec="0" bev="0" fileid="3" />
                <SequencePoint vc="6" uspid="110" ordinal="5" offset="29" sl="25" sc="13" el="25" ec="44" bec="0" bev="0" fileid="3" />
                <SequencePoint vc="6" uspid="111" ordinal="6" offset="36" sl="26" sc="9" el="26" ec="10" bec="0" bev="0" fileid="3" />
              </SequencePoints>
              <BranchPoints />
              <MethodPoint xsi:type="SequencePoint" vc="6" uspid="105" ordinal="0" offset="0" sl="20" sc="9" el="20" ec="88" bec="0" bev="0" fileid="3" />
            </Method>
            <Method visited="true" cyclomaticComplexity="2" nPathComplexity="2" sequenceCoverage="100" branchCoverage="100" crapScore="2" isConstructor="false" isStatic="false" isGetter="false" isSetter="false">
              <Summary numSequencePoints="3" visitedSequencePoints="3" numBranchPoints="3" visitedBranchPoints="3" sequenceCoverage="100" branchCoverage="100" maxCyclomaticComplexity="2" minCyclomaticComplexity="2" maxCrapScore="2" minCrapScore="2" visitedClasses="0" numClasses="0" visitedMethods="1" numMethods="1" />
              <MetadataToken>100663298</MetadataToken>
              <Name>System.Collections.Generic.IEnumerable`1&lt;DesktopAssistant.BL.Hardware.MonitoringTarget&gt; Hardware.HardwareManager::GetInitialTargets()</Name>
              <FileRef uid="3" />
              <SequencePoints>
                <SequencePoint vc="2" uspid="112" ordinal="0" offset="0" sl="29" sc="9" el="29" ec="10" bec="0" bev="0" fileid="3" />
                <SequencePoint vc="2" uspid="113" ordinal="1" offset="1" sl="30" sc="13" el="32" ec="72" bec="2" bev="2" fileid="3" />
                <SequencePoint vc="2" uspid="114" ordinal="2" offset="63" sl="33" sc="9" el="33" ec="10" bec="0" bev="0" fileid="3" />
              </SequencePoints>
              <BranchPoints>
                <BranchPoint vc="1" uspid="115" ordinal="0" offset="30" sl="30" path="0" offsetend="32" fileid="3" />
                <BranchPoint vc="1" uspid="116" ordinal="1" offset="30" sl="30" path="1" offsetend="55" fileid="3" />
              </BranchPoints>
              <MethodPoint xsi:type="SequencePoint" vc="2" uspid="112" ordinal="0" offset="0" sl="29" sc="9" el="29" ec="10" bec="0" bev="0" fileid="3" />
            </Method>
            <Method visited="true" cyclomaticComplexity="2" nPathComplexity="2" sequenceCoverage="100" branchCoverage="100" crapScore="2" isConstructor="false" isStatic="false" isGetter="false" isSetter="false">
              <Summary numSequencePoints="10" visitedSequencePoints="10" numBranchPoints="3" visitedBranchPoints="3" sequenceCoverage="100" branchCoverage="100" maxCyclomaticComplexity="2" minCyclomaticComplexity="2" maxCrapScore="2" minCrapScore="2" visitedClasses="0" numClasses="0" visitedMethods="1" numMethods="1" />
              <MetadataToken>100663299</MetadataToken>
              <Name>DesktopAssistant.BL.Hardware.IHardwareInfo Hardware.HardwareManager::GetCalculatedValue(DesktopAssistant.BL.Hardware.MonitoringTarget)</Name>
              <FileRef uid="3" />
              <SequencePoints>
                <SequencePoint vc="45" uspid="117" ordinal="0" offset="13" sl="36" sc="9" el="36" ec="10" bec="0" bev="0" fileid="3" />
                <SequencePoint vc="45" uspid="118" ordinal="1" offset="14" sl="37" sc="13" el="37" ec="104" bec="0" bev="0" fileid="3" />
                <SequencePoint vc="45" uspid="119" ordinal="2" offset="46" sl="38" sc="13" el="38" ec="54" bec="2" bev="2" fileid="3" />
                <SequencePoint vc="36" uspid="120" ordinal="3" offset="65" sl="38" sc="55" el="38" ec="144" bec="0" bev="0" fileid="3" />
                <SequencePoint vc="45" uspid="121" ordinal="4" offset="96" sl="41" sc="13" el="41" ec="14" bec="0" bev="0" fileid="3" />
                <SequencePoint vc="45" uspid="122" ordinal="5" offset="97" sl="42" sc="17" el="42" ec="70" bec="0" bev="0" fileid="3" />
                <SequencePoint vc="8" uspid="123" ordinal="6" offset="124" sl="44" sc="13" el="44" ec="32" bec="0" bev="0" fileid="3" />
                <SequencePoint vc="8" uspid="124" ordinal="7" offset="126" sl="45" sc="13" el="45" ec="14" bec="0" bev="0" fileid="3" />
                <SequencePoint vc="8" uspid="125" ordinal="8" offset="127" sl="46" sc="17" el="46" ec="70" bec="0" bev="0" fileid="3" />
                <SequencePoint vc="37" uspid="126" ordinal="9" offset="140" sl="49" sc="9" el="49" ec="10" bec="0" bev="0" fileid="3" />
              </SequencePoints>
              <BranchPoints>
                <BranchPoint vc="36" uspid="127" ordinal="0" offset="63" sl="38" path="0" offsetend="65" fileid="3" />
                <BranchPoint vc="9" uspid="128" ordinal="1" offset="63" sl="38" path="1" offsetend="95" fileid="3" />
              </BranchPoints>
              <MethodPoint vc="45" uspid="129" ordinal="0" offset="0" />
            </Method>
            <Method visited="true" cyclomaticComplexity="6" nPathComplexity="32" sequenceCoverage="100" branchCoverage="90.91" crapScore="6" isConstructor="false" isStatic="false" isGetter="false" isSetter="false">
              <Summary numSequencePoints="25" visitedSequencePoints="25" numBranchPoints="11" visitedBranchPoints="10" sequenceCoverage="100" branchCoverage="90.91" maxCyclomaticComplexity="6" minCyclomaticComplexity="6" maxCrapScore="6" minCrapScore="6" visitedClasses="0" numClasses="0" visitedMethods="1" numMethods="1" />
              <MetadataToken>100663300</MetadataToken>
              <Name>System.Collections.Generic.IEnumerable`1&lt;DesktopAssistant.BL.Hardware.IHardwareInfo&gt; Hardware.HardwareManager::GetCalculatedValues(System.Collections.Generic.ICollection`1&lt;DesktopAssistant.BL.Hardware.MonitoringTarget&gt;)</Name>
              <FileRef uid="3" />
              <SequencePoints>
                <SequencePoint vc="2" uspid="130" ordinal="0" offset="13" sl="52" sc="9" el="52" ec="10" bec="0" bev="0" fileid="3" />
                <SequencePoint vc="2" uspid="131" ordinal="1" offset="14" sl="53" sc="13" el="53" ec="67" bec="0" bev="0" fileid="3" />
                <SequencePoint vc="2" uspid="132" ordinal="2" offset="26" sl="54" sc="13" el="54" ec="53" bec="0" bev="0" fileid="3" />
                <SequencePoint vc="2" uspid="133" ordinal="3" offset="32" sl="55" sc="13" el="55" ec="20" bec="0" bev="0" fileid="3" />
                <SequencePoint vc="2" uspid="134" ordinal="4" offset="33" sl="55" sc="36" el="55" ec="44" bec="0" bev="0" fileid="3" />
                <SequencePoint vc="7" uspid="135" ordinal="5" offset="43" sl="55" sc="22" el="55" ec="32" bec="0" bev="0" fileid="3" />
                <SequencePoint vc="7" uspid="136" ordinal="6" offset="52" sl="56" sc="13" el="56" ec="14" bec="0" bev="0" fileid="3" />
                <SequencePoint vc="7" uspid="137" ordinal="7" offset="53" sl="58" sc="17" el="58" ec="18" bec="0" bev="0" fileid="3" />
                <SequencePoint vc="7" uspid="138" ordinal="8" offset="54" sl="59" sc="21" el="59" ec="64" bec="0" bev="0" fileid="3" />
                <SequencePoint vc="6" uspid="139" ordinal="9" offset="69" sl="60" sc="17" el="60" ec="18" bec="0" bev="0" fileid="3" />
                <SequencePoint vc="1" uspid="140" ordinal="10" offset="72" sl="61" sc="17" el="61" ec="36" bec="0" bev="0" fileid="3" />
                <SequencePoint vc="1" uspid="141" ordinal="11" offset="74" sl="62" sc="17" el="62" ec="18" bec="0" bev="0" fileid="3" />
                <SequencePoint vc="1" uspid="142" ordinal="12" offset="75" sl="63" sc="21" el="63" ec="39" bec="2" bev="1" fileid="3" />
                <SequencePoint vc="1" uspid="143" ordinal="13" offset="92" sl="64" sc="25" el="64" ec="48" bec="0" bev="0" fileid="3" />
                <SequencePoint vc="1" uspid="144" ordinal="14" offset="106" sl="65" sc="17" el="65" ec="18" bec="0" bev="0" fileid="3" />
                <SequencePoint vc="7" uspid="145" ordinal="15" offset="109" sl="66" sc="13" el="66" ec="14" bec="0" bev="0" fileid="3" />
                <SequencePoint vc="9" uspid="146" ordinal="16" offset="110" sl="55" sc="33" el="55" ec="35" bec="2" bev="2" fileid="3" />
                <SequencePoint vc="2" uspid="147" ordinal="17" offset="136" sl="68" sc="13" el="71" ec="61" bec="4" bev="4" fileid="3" />
                <SequencePoint vc="2" uspid="148" ordinal="18" offset="237" sl="73" sc="13" el="73" ec="20" bec="0" bev="0" fileid="3" />
                <SequencePoint vc="2" uspid="149" ordinal="19" offset="238" sl="73" sc="39" el="73" ec="53" bec="0" bev="0" fileid="3" />
                <SequencePoint vc="6" uspid="150" ordinal="20" offset="248" sl="73" sc="22" el="73" ec="35" bec="0" bev="0" fileid="3" />
                <SequencePoint vc="6" uspid="151" ordinal="21" offset="257" sl="73" sc="55" el="73" ec="91" bec="0" bev="0" fileid="3" />
                <SequencePoint vc="8" uspid="152" ordinal="22" offset="272" sl="73" sc="36" el="73" ec="38" bec="2" bev="2" fileid="3" />
                <SequencePoint vc="2" uspid="153" ordinal="23" offset="298" sl="74" sc="13" el="74" ec="27" bec="0" bev="0" fileid="3" />
                <SequencePoint vc="2" uspid="154" ordinal="24" offset="303" sl="75" sc="9" el="75" ec="10" bec="0" bev="0" fileid="3" />
              </SequencePoints>
              <BranchPoints>
                <BranchPoint vc="1" uspid="155" ordinal="0" offset="90" sl="63" path="0" offsetend="92" fileid="3" />
                <BranchPoint vc="0" uspid="156" ordinal="1" offset="90" sl="63" path="1" offsetend="106" fileid="3" />
                <BranchPoint vc="2" uspid="157" ordinal="2" offset="117" sl="55" path="0" offsetend="119" fileid="3" />
                <BranchPoint vc="7" uspid="158" ordinal="3" offset="117" sl="55" path="1" offsetend="43" fileid="3" />
                <BranchPoint vc="1" uspid="159" ordinal="4" offset="165" sl="68" path="0" offsetend="167" fileid="3" />
                <BranchPoint vc="1" uspid="160" ordinal="5" offset="165" sl="68" path="1" offsetend="190" fileid="3" />
                <BranchPoint vc="1" uspid="161" ordinal="6" offset="196" sl="68" path="0" offsetend="198" fileid="3" />
                <BranchPoint vc="1" uspid="162" ordinal="7" offset="196" sl="68" path="1" offsetend="221" fileid="3" />
                <BranchPoint vc="2" uspid="163" ordinal="8" offset="279" sl="73" path="0" offsetend="281" fileid="3" />
                <BranchPoint vc="6" uspid="164" ordinal="9" offset="279" sl="73" path="1" offsetend="248" fileid="3" />
              </BranchPoints>
              <MethodPoint vc="2" uspid="165" ordinal="0" offset="0" />
            </Method>
            <Method visited="true" cyclomaticComplexity="4" nPathComplexity="8" sequenceCoverage="80" branchCoverage="28.57" crapScore="4.13" isConstructor="false" isStatic="false" isGetter="false" isSetter="false">
              <Summary numSequencePoints="5" visitedSequencePoints="4" numBranchPoints="7" visitedBranchPoints="2" sequenceCoverage="80" branchCoverage="28.57" maxCyclomaticComplexity="4" minCyclomaticComplexity="4" maxCrapScore="4.13" minCrapScore="4.13" visitedClasses="0" numClasses="0" visitedMethods="1" numMethods="1" />
              <MetadataToken>100663301</MetadataToken>
              <Name>System.Collections.Generic.ICollection`1&lt;DesktopAssistant.BL.Hardware.MonitoringTarget&gt; Hardware.HardwareManager::GetAllTargets()</Name>
              <FileRef uid="3" />
              <SequencePoints>
                <SequencePoint vc="1" uspid="166" ordinal="0" offset="0" sl="78" sc="9" el="78" ec="10" bec="0" bev="0" fileid="3" />
                <SequencePoint vc="1" uspid="167" ordinal="1" offset="1" sl="79" sc="13" el="79" ec="45" bec="2" bev="1" fileid="3" />
                <SequencePoint vc="0" uspid="168" ordinal="2" offset="11" sl="80" sc="17" el="82" ec="65" bec="4" bev="0" fileid="3" />
                <SequencePoint vc="1" uspid="169" ordinal="3" offset="97" sl="84" sc="13" el="84" ec="38" bec="0" bev="0" fileid="3" />
                <SequencePoint vc="1" uspid="170" ordinal="4" offset="106" sl="85" sc="9" el="85" ec="10" bec="0" bev="0" fileid="3" />
              </SequencePoints>
              <BranchPoints>
                <BranchPoint vc="0" uspid="171" ordinal="0" offset="9" sl="79" path="0" offsetend="11" fileid="3" />
                <BranchPoint vc="1" uspid="172" ordinal="1" offset="9" sl="79" path="1" offsetend="97" fileid="3" />
                <BranchPoint vc="0" uspid="173" ordinal="2" offset="23" sl="80" path="0" offsetend="25" fileid="3" />
                <BranchPoint vc="0" uspid="174" ordinal="3" offset="23" sl="80" path="1" offsetend="48" fileid="3" />
                <BranchPoint vc="0" uspid="175" ordinal="4" offset="59" sl="80" path="0" offsetend="61" fileid="3" />
                <BranchPoint vc="0" uspid="176" ordinal="5" offset="59" sl="80" path="1" offsetend="84" fileid="3" />
              </BranchPoints>
              <MethodPoint xsi:type="SequencePoint" vc="1" uspid="166" ordinal="0" offset="0" sl="78" sc="9" el="78" ec="10" bec="0" bev="0" fileid="3" />
            </Method>
            <Method visited="true" cyclomaticComplexity="3" nPathComplexity="4" sequenceCoverage="100" branchCoverage="60" crapScore="3" isConstructor="false" isStatic="false" isGetter="false" isSetter="false">
              <Summary numSequencePoints="3" visitedSequencePoints="3" numBranchPoints="5" visitedBranchPoints="3" sequenceCoverage="100" branchCoverage="60" maxCyclomaticComplexity="3" minCyclomaticComplexity="3" maxCrapScore="3" minCrapScore="3" visitedClasses="0" numClasses="0" visitedMethods="1" numMethods="1" />
              <MetadataToken>100663302</MetadataToken>
              <Name>System.Collections.Generic.ICollection`1&lt;DesktopAssistant.BL.Hardware.MonitoringTarget&gt; Hardware.HardwareManager::GetLocalTargets()</Name>
              <FileRef uid="3" />
              <SequencePoints>
                <SequencePoint vc="1" uspid="177" ordinal="0" offset="0" sl="88" sc="9" el="88" ec="10" bec="0" bev="0" fileid="3" />
                <SequencePoint vc="1" uspid="178" ordinal="1" offset="1" sl="89" sc="13" el="91" ec="61" bec="4" bev="2" fileid="3" />
                <SequencePoint vc="1" uspid="179" ordinal="2" offset="87" sl="92" sc="9" el="92" ec="10" bec="0" bev="0" fileid="3" />
              </SequencePoints>
              <BranchPoints>
                <BranchPoint vc="1" uspid="180" ordinal="0" offset="13" sl="89" path="0" offsetend="15" fileid="3" />
                <BranchPoint vc="0" uspid="181" ordinal="1" offset="13" sl="89" path="1" offsetend="38" fileid="3" />
                <BranchPoint vc="1" uspid="182" ordinal="2" offset="49" sl="89" path="0" offsetend="51" fileid="3" />
                <BranchPoint vc="0" uspid="183" ordinal="3" offset="49" sl="89" path="1" offsetend="74" fileid="3" />
              </BranchPoints>
              <MethodPoint xsi:type="SequencePoint" vc="1" uspid="177" ordinal="0" offset="0" sl="88" sc="9" el="88" ec="10" bec="0" bev="0" fileid="3" />
            </Method>
            <Method visited="true" cyclomaticComplexity="6" nPathComplexity="16" sequenceCoverage="50" branchCoverage="66.67" crapScore="10.50" isConstructor="false" isStatic="false" isGetter="false" isSetter="false">
              <Summary numSequencePoints="12" visitedSequencePoints="6" numBranchPoints="9" visitedBranchPoints="6" sequenceCoverage="50" branchCoverage="66.67" maxCyclomaticComplexity="6" minCyclomaticComplexity="6" maxCrapScore="10.50" minCrapScore="10.50" visitedClasses="0" numClasses="0" visitedMethods="1" numMethods="1" />
              <MetadataToken>100663303</MetadataToken>
              <Name>System.Boolean Hardware.HardwareManager::IsRemoteMonitoringEnabled()</Name>
              <FileRef uid="3" />
              <SequencePoints>
                <SequencePoint vc="7" uspid="184" ordinal="0" offset="0" sl="95" sc="9" el="95" ec="10" bec="0" bev="0" fileid="3" />
                <SequencePoint vc="7" uspid="185" ordinal="1" offset="1" sl="96" sc="13" el="96" ec="20" bec="0" bev="0" fileid="3" />
                <SequencePoint vc="7" uspid="186" ordinal="2" offset="2" sl="96" sc="84" el="96" ec="132" bec="2" bev="2" fileid="3" />
                <SequencePoint vc="0" uspid="187" ordinal="3" offset="52" sl="96" sc="22" el="96" ec="80" bec="0" bev="0" fileid="3" />
                <SequencePoint vc="0" uspid="188" ordinal="4" offset="59" sl="97" sc="13" el="97" ec="14" bec="0" bev="0" fileid="3" />
                <SequencePoint vc="0" uspid="189" ordinal="5" offset="60" sl="98" sc="17" el="98" ec="56" bec="0" bev="0" fileid="3" />
                <SequencePoint vc="0" uspid="190" ordinal="6" offset="73" sl="99" sc="17" el="99" ec="27" bec="2" bev="0" fileid="3" />
                <SequencePoint vc="0" uspid="191" ordinal="7" offset="81" sl="100" sc="21" el="100" ec="34" bec="0" bev="0" fileid="3" />
                <SequencePoint vc="0" uspid="192" ordinal="8" offset="86" sl="101" sc="13" el="101" ec="14" bec="0" bev="0" fileid="3" />
                <SequencePoint vc="7" uspid="193" ordinal="9" offset="87" sl="96" sc="81" el="96" ec="83" bec="2" bev="1" fileid="3" />
                <SequencePoint vc="7" uspid="194" ordinal="10" offset="108" sl="102" sc="13" el="102" ec="67" bec="2" bev="2" fileid="3" />
                <SequencePoint vc="7" uspid="195" ordinal="11" offset="154" sl="103" sc="9" el="103" ec="10" bec="0" bev="0" fileid="3" />
              </SequencePoints>
              <BranchPoints>
                <BranchPoint vc="1" uspid="196" ordinal="0" offset="14" sl="96" path="0" offsetend="16" fileid="3" />
                <BranchPoint vc="6" uspid="197" ordinal="1" offset="14" sl="96" path="1" offsetend="39" fileid="3" />
                <BranchPoint vc="0" uspid="198" ordinal="2" offset="79" sl="99" path="0" offsetend="81" fileid="3" />
                <BranchPoint vc="0" uspid="199" ordinal="3" offset="79" sl="99" path="1" offsetend="86" fileid="3" />
                <BranchPoint vc="7" uspid="200" ordinal="4" offset="93" sl="96" path="0" offsetend="95" fileid="3" />
                <BranchPoint vc="0" uspid="201" ordinal="5" offset="93" sl="96" path="1" offsetend="52" fileid="3" />
                <BranchPoint vc="1" uspid="202" ordinal="6" offset="120" sl="102" path="0" offsetend="122" fileid="3" />
                <BranchPoint vc="6" uspid="203" ordinal="7" offset="120" sl="102" path="1" offsetend="145" fileid="3" />
              </BranchPoints>
              <MethodPoint xsi:type="SequencePoint" vc="7" uspid="184" ordinal="0" offset="0" sl="95" sc="9" el="95" ec="10" bec="0" bev="0" fileid="3" />
            </Method>
            <Method visited="true" cyclomaticComplexity="4" nPathComplexity="8" sequenceCoverage="100" branchCoverage="57.14" crapScore="4" isConstructor="false" isStatic="false" isGetter="false" isSetter="false">
              <Summary numSequencePoints="3" visitedSequencePoints="3" numBranchPoints="7" visitedBranchPoints="4" sequenceCoverage="100" branchCoverage="57.14" maxCyclomaticComplexity="4" minCyclomaticComplexity="4" maxCrapScore="4" minCrapScore="4" visitedClasses="0" numClasses="0" visitedMethods="1" numMethods="1" />
              <MetadataToken>100663304</MetadataToken>
              <Name>System.Collections.Generic.IDictionary`2&lt;Hardware.Models.ComputerResource,Hardware.Connectors.ConnectorBase&gt; Hardware.HardwareManager::GetAvailableTargets_Internal()</Name>
              <FileRef uid="3" />
              <SequencePoints>
                <SequencePoint vc="1" uspid="204" ordinal="0" offset="0" sl="106" sc="9" el="106" ec="10" bec="0" bev="0" fileid="3" />
                <SequencePoint vc="1" uspid="205" ordinal="1" offset="1" sl="107" sc="13" el="109" ec="39" bec="6" bev="3" fileid="3" />
                <SequencePoint vc="1" uspid="206" ordinal="2" offset="113" sl="110" sc="9" el="110" ec="10" bec="0" bev="0" fileid="3" />
              </SequencePoints>
              <BranchPoints>
                <BranchPoint vc="1" uspid="207" ordinal="0" offset="13" sl="107" path="0" offsetend="15" fileid="3" />
                <BranchPoint vc="0" uspid="208" ordinal="1" offset="13" sl="107" path="1" offsetend="38" fileid="3" />
                <BranchPoint vc="1" uspid="209" ordinal="2" offset="49" sl="107" path="0" offsetend="51" fileid="3" />
                <BranchPoint vc="0" uspid="210" ordinal="3" offset="49" sl="107" path="1" offsetend="74" fileid="3" />
                <BranchPoint vc="1" uspid="211" ordinal="4" offset="80" sl="107" path="0" offsetend="82" fileid="3" />
                <BranchPoint vc="0" uspid="212" ordinal="5" offset="80" sl="107" path="1" offsetend="105" fileid="3" />
              </BranchPoints>
              <MethodPoint xsi:type="SequencePoint" vc="1" uspid="204" ordinal="0" offset="0" sl="106" sc="9" el="106" ec="10" bec="0" bev="0" fileid="3" />
            </Method>
            <Method visited="true" cyclomaticComplexity="7" nPathComplexity="32" sequenceCoverage="100" branchCoverage="90.91" crapScore="7" isConstructor="false" isStatic="false" isGetter="false" isSetter="false">
              <Summary numSequencePoints="18" visitedSequencePoints="18" numBranchPoints="11" visitedBranchPoints="10" sequenceCoverage="100" branchCoverage="90.91" maxCyclomaticComplexity="7" minCyclomaticComplexity="7" maxCrapScore="7" minCrapScore="7" visitedClasses="0" numClasses="0" visitedMethods="1" numMethods="1" />
              <MetadataToken>100663305</MetadataToken>
              <Name>System.Void Hardware.HardwareManager::SetAvailableTargets_Internal()</Name>
              <FileRef uid="3" />
              <SequencePoints>
[...]
              <Summary numSequencePoints="1" visitedSequencePoints="0" numBranchPoints="1" visitedBranchPoints="0" sequenceCoverage="0" branchCoverage="0" maxCyclomaticComplexity="1" minCyclomaticComplexity="1" maxCrapScore="2" minCrapScore="2" visitedClasses="0" numClasses="0" visitedMethods="0" numMethods="1" />
              <MetadataToken>100663335</MetadataToken>
              <Name>System.Void ProcessMonitoring.Models.ProcessWatch::set_Data(System.Byte)</Name>
              <FileRef uid="170" />
              <SequencePoints>
                <SequencePoint vc="0" uspid="2130" ordinal="0" offset="0" sl="55" sc="33" el="55" ec="37" bec="0" bev="0" fileid="170" />
              </SequencePoints>
              <BranchPoints />
              <MethodPoint xsi:type="SequencePoint" vc="0" uspid="2130" ordinal="0" offset="0" sl="55" sc="33" el="55" ec="37" bec="0" bev="0" fileid="170" />
            </Method>
            <Method visited="true" cyclomaticComplexity="1" nPathComplexity="0" sequenceCoverage="100" branchCoverage="100" crapScore="1" isConstructor="false" isStatic="false" isGetter="true" isSetter="false">
              <Summary numSequencePoints="1" visitedSequencePoints="1" numBranchPoints="1" visitedBranchPoints="1" sequenceCoverage="100" branchCoverage="100" maxCyclomaticComplexity="1" minCyclomaticComplexity="1" maxCrapScore="1" minCrapScore="1" visitedClasses="0" numClasses="0" visitedMethods="1" numMethods="1" />
              <MetadataToken>100663336</MetadataToken>
              <Name>System.Collections.Generic.IEnumerable`1&lt;System.Int32&gt; ProcessMonitoring.Models.ProcessWatch::get_Ports()</Name>
              <FileRef uid="170" />
              <SequencePoints>
                <SequencePoint vc="4" uspid="2131" ordinal="0" offset="0" sl="56" sc="41" el="56" ec="45" bec="0" bev="0" fileid="170" />
              </SequencePoints>
              <BranchPoints />
              <MethodPoint xsi:type="SequencePoint" vc="4" uspid="2131" ordinal="0" offset="0" sl="56" sc="41" el="56" ec="45" bec="0" bev="0" fileid="170" />
            </Method>
            <Method visited="true" cyclomaticComplexity="1" nPathComplexity="0" sequenceCoverage="100" branchCoverage="100" crapScore="1" isConstructor="false" isStatic="false" isGetter="false" isSetter="true">
              <Summary numSequencePoints="1" visitedSequencePoints="1" numBranchPoints="1" visitedBranchPoints="1" sequenceCoverage="100" branchCoverage="100" maxCyclomaticComplexity="1" minCyclomaticComplexity="1" maxCrapScore="1" minCrapScore="1" visitedClasses="0" numClasses="0" visitedMethods="1" numMethods="1" />
              <MetadataToken>100663337</MetadataToken>
              <Name>System.Void ProcessMonitoring.Models.ProcessWatch::set_Ports(System.Collections.Generic.IEnumerable`1&lt;System.Int32&gt;)</Name>
              <FileRef uid="170" />
              <SequencePoints>
                <SequencePoint vc="4" uspid="2132" ordinal="0" offset="0" sl="56" sc="46" el="56" ec="50" bec="0" bev="0" fileid="170" />
              </SequencePoints>
              <BranchPoints />
              <MethodPoint xsi:type="SequencePoint" vc="4" uspid="2132" ordinal="0" offset="0" sl="56" sc="46" el="56" ec="50" bec="0" bev="0" fileid="170" />
            </Method>
            <Method visited="true" cyclomaticComplexity="1" nPathComplexity="0" sequenceCoverage="100" branchCoverage="100" crapScore="1" isConstructor="true" isStatic="false" isGetter="false" isSetter="false">
              <Summary numSequencePoints="7" visitedSequencePoints="7" numBranchPoints="1" visitedBranchPoints="1" sequenceCoverage="100" branchCoverage="100" maxCyclomaticComplexity="1" minCyclomaticComplexity="1" maxCrapScore="1" minCrapScore="1" visitedClasses="0" numClasses="0" visitedMethods="1" numMethods="1" />
              <MetadataToken>100663325</MetadataToken>
              <Name>System.Void ProcessMonitoring.Models.ProcessWatch::.ctor(System.String,System.Boolean,System.Diagnostics.Process)</Name>
              <FileRef uid="170" />
              <SequencePoints>
                <SequencePoint vc="21" uspid="2133" ordinal="0" offset="0" sl="17" sc="9" el="17" ec="100" bec="0" bev="0" fileid="170" />
                <SequencePoint vc="21" uspid="2134" ordinal="1" offset="7" sl="18" sc="9" el="18" ec="10" bec="0" bev="0" fileid="170" />
                <SequencePoint vc="21" uspid="2135" ordinal="2" offset="8" sl="19" sc="13" el="19" ec="39" bec="0" bev="0" fileid="170" />
                <SequencePoint vc="21" uspid="2136" ordinal="3" offset="15" sl="20" sc="13" el="20" ec="47" bec="0" bev="0" fileid="170" />
                <SequencePoint vc="21" uspid="2137" ordinal="4" offset="23" sl="21" sc="13" el="21" ec="31" bec="0" bev="0" fileid="170" />
                <SequencePoint vc="21" uspid="2138" ordinal="5" offset="31" sl="22" sc="13" el="22" ec="41" bec="0" bev="0" fileid="170" />
                <SequencePoint vc="21" uspid="2139" ordinal="6" offset="42" sl="23" sc="9" el="23" ec="10" bec="0" bev="0" fileid="170" />
              </SequencePoints>
              <BranchPoints />
              <MethodPoint xsi:type="SequencePoint" vc="21" uspid="2133" ordinal="0" offset="0" sl="17" sc="9" el="17" ec="100" bec="0" bev="0" fileid="170" />
            </Method>
            <Method visited="true" cyclomaticComplexity="1" nPathComplexity="0" sequenceCoverage="100" branchCoverage="100" crapScore="1" isConstructor="false" isStatic="false" isGetter="false" isSetter="false">
              <Summary numSequencePoints="3" visitedSequencePoints="3" numBranchPoints="1" visitedBranchPoints="1" sequenceCoverage="100" branchCoverage="100" maxCyclomaticComplexity="1" minCyclomaticComplexity="1" maxCrapScore="1" minCrapScore="1" visitedClasses="0" numClasses="0" visitedMethods="1" numMethods="1" />
              <MetadataToken>100663326</MetadataToken>
              <Name>System.Void ProcessMonitoring.Models.ProcessWatch::RegisterReporter(DesktopAssistant.BL.ProcessWatch.IProcessReporter)</Name>
              <FileRef uid="170" />
              <SequencePoints>
                <SequencePoint vc="1" uspid="2140" ordinal="0" offset="0" sl="26" sc="9" el="26" ec="10" bec="0" bev="0" fileid="170" />
                <SequencePoint vc="1" uspid="2141" ordinal="1" offset="1" sl="27" sc="13" el="27" ec="34" bec="0" bev="0" fileid="170" />
                <SequencePoint vc="1" uspid="2142" ordinal="2" offset="8" sl="28" sc="9" el="28" ec="10" bec="0" bev="0" fileid="170" />
              </SequencePoints>
              <BranchPoints />
              <MethodPoint xsi:type="SequencePoint" vc="1" uspid="2140" ordinal="0" offset="0" sl="26" sc="9" el="26" ec="10" bec="0" bev="0" fileid="170" />
            </Method>
          </Methods>
        </Class>
        <Class>
          <Summary numSequencePoints="2" visitedSequencePoints="2" numBranchPoints="2" visitedBranchPoints="2" sequenceCoverage="100" branchCoverage="100" maxCyclomaticComplexity="1" minCyclomaticComplexity="1" maxCrapScore="2" minCrapScore="1" visitedClasses="1" numClasses="1" visitedMethods="2" numMethods="2" />
          <FullName>ProcessMonitoring.Models.WatchdogInitialization</FullName>
          <Methods>
            <Method visited="true" cyclomaticComplexity="1" nPathComplexity="0" sequenceCoverage="100" branchCoverage="100" crapScore="1" isConstructor="false" isStatic="false" isGetter="true" isSetter="false">
              <Summary numSequencePoints="1" visitedSequencePoints="1" numBranchPoints="1" visitedBranchPoints="1" sequenceCoverage="100" branchCoverage="100" maxCyclomaticComplexity="1" minCyclomaticComplexity="1" maxCrapScore="1" minCrapScore="1" visitedClasses="0" numClasses="0" visitedMethods="1" numMethods="1" />
              <MetadataToken>100663338</MetadataToken>
              <Name>System.Collections.Generic.List`1&lt;System.String&gt; ProcessMonitoring.Models.WatchdogInitialization::get_InitialProcess2WatchNames()</Name>
              <FileRef uid="171" />
              <SequencePoints>
                <SequencePoint vc="10" uspid="2143" ordinal="0" offset="0" sl="14" sc="57" el="14" ec="61" bec="0" bev="0" fileid="171" />
              </SequencePoints>
              <BranchPoints />
              <MethodPoint xsi:type="SequencePoint" vc="10" uspid="2143" ordinal="0" offset="0" sl="14" sc="57" el="14" ec="61" bec="0" bev="0" fileid="171" />
            </Method>
            <Method visited="true" cyclomaticComplexity="1" nPathComplexity="0" sequenceCoverage="100" branchCoverage="100" crapScore="1" isConstructor="false" isStatic="false" isGetter="false" isSetter="true">
              <Summary numSequencePoints="1" visitedSequencePoints="1" numBranchPoints="1" visitedBranchPoints="1" sequenceCoverage="100" branchCoverage="100" maxCyclomaticComplexity="1" minCyclomaticComplexity="1" maxCrapScore="1" minCrapScore="1" visitedClasses="0" numClasses="0" visitedMethods="1" numMethods="1" />
              <MetadataToken>100663339</MetadataToken>
              <Name>System.Void ProcessMonitoring.Models.WatchdogInitialization::set_InitialProcess2WatchNames(System.Collections.Generic.List`1&lt;System.String&gt;)</Name>
              <FileRef uid="171" />
              <SequencePoints>
                <SequencePoint vc="9" uspid="2144" ordinal="0" offset="0" sl="14" sc="62" el="14" ec="66" bec="0" bev="0" fileid="171" />
              </SequencePoints>
              <BranchPoints />
              <MethodPoint xsi:type="SequencePoint" vc="9" uspid="2144" ordinal="0" offset="0" sl="14" sc="62" el="14" ec="66" bec="0" bev="0" fileid="171" />
            </Method>
            <Method visited="false" cyclomaticComplexity="1" nPathComplexity="0" sequenceCoverage="0" branchCoverage="0" crapScore="2" isConstructor="true" isStatic="false" isGetter="false" isSetter="false">
              <Summary numSequencePoints="0" visitedSequencePoints="0" numBranchPoints="0" visitedBranchPoints="0" sequenceCoverage="0" branchCoverage="0" maxCyclomaticComplexity="1" minCyclomaticComplexity="1" maxCrapScore="2" minCrapScore="2" visitedClasses="0" numClasses="0" visitedMethods="0" numMethods="0" />
              <MetadataToken>100663340</MetadataToken>
              <Name>System.Void ProcessMonitoring.Models.WatchdogInitialization::.ctor()</Name>
              <SequencePoints />
              <BranchPoints />
              <MethodPoint vc="0" uspid="2145" ordinal="0" offset="0" />
            </Method>
          </Methods>
        </Class>
      </Classes>
    </Module>
    <Module skippedDueTo="Filter" hash="BA-94-4B-50-1E-D5-31-87-F3-25-6E-BA-07-71-E4-9F-22-0D-B8-34">
      <ModulePath>C:\Windows\Microsoft.Net\assembly\GAC_MSIL\System.Xml\v4.0_4.0.0.0__b77a5c561934e089\System.Xml.dll</ModulePath>
      <ModuleTime>2019-03-19T04:46:51.77351Z</ModuleTime>
      <ModuleName>System.Xml</ModuleName>
      <Classes />
    </Module>
    <Module skippedDueTo="Filter" hash="67-E3-D1-AF-D2-7F-B5-70-93-8F-DD-92-2F-86-B4-81-37-C8-1C-3A">
      <ModulePath>D:\Guillaume\Desktop\Internet Explorer\PROJECTS\C#\ComputerMonitoring\DesktopAssistant.Tests\bin\Debug\Castle.Core.dll</ModulePath>
      <ModuleTime>2020-05-06T15:02:02Z</ModuleTime>
      <ModuleName>Castle.Core</ModuleName>
      <Classes />
    </Module>
    <Module skippedDueTo="Filter" hash="">
      <ModulePath>RefEmit_InMemoryManifestModule</ModulePath>
      <ModuleTime>0001-01-01T00:00:00</ModuleTime>
      <ModuleName>Anonymously Hosted DynamicMethods Assembly</ModuleName>
      <Classes />
    </Module>
    <Module skippedDueTo="Filter" hash="">
      <ModulePath>RefEmit_InMemoryManifestModule</ModulePath>
      <ModuleTime>0001-01-01T00:00:00</ModuleTime>
      <ModuleName>DynamicProxyGenAssembly2</ModuleName>
      <Classes />
    </Module>
    <Module skippedDueTo="Filter" hash="">
      <ModulePath>RefEmit_InMemoryManifestModule</ModulePath>
      <ModuleTime>0001-01-01T00:00:00</ModuleTime>
      <ModuleName>Microsoft.GeneratedCode</ModuleName>
      <Classes />
    </Module>
    <Module skippedDueTo="Filter" hash="4D-04-FF-1F-48-91-96-EC-60-7A-BF-2D-AB-98-3C-99-36-19-C8-02">
      <ModulePath>C:\Windows\Microsoft.Net\assembly\GAC_MSIL\System.Linq\v4.0_4.0.0.0__b03f5f7f11d50a3a\System.Linq.dll</ModulePath>
      <ModuleTime>2019-03-19T04:46:46.5855968Z</ModuleTime>
      <ModuleName>System.Linq</ModuleName>
      <Classes />
    </Module>
    <Module skippedDueTo="Filter" hash="FF-D1-C5-C7-2D-52-76-1B-13-CF-CD-23-22-CF-5F-48-45-EF-E9-01">
      <ModulePath>C:\Windows\Microsoft.Net\assembly\GAC_MSIL\System.Management\v4.0_4.0.0.0__b03f5f7f11d50a3a\System.Management.dll</ModulePath>
      <ModuleTime>2019-03-19T04:46:43.5072239Z</ModuleTime>
      <ModuleName>System.Management</ModuleName>
      <Classes />
    </Module>
    <Module skippedDueTo="Filter" hash="61-8E-C2-81-D1-83-0F-4B-EB-A7-B0-B3-A7-FA-0D-6E-88-8C-2A-84">
      <ModulePath>C:\Windows\Microsoft.Net\assembly\GAC_MSIL\System.Net.Http\v4.0_4.0.0.0__b03f5f7f11d50a3a\System.Net.Http.dll</ModulePath>
      <ModuleTime>2019-03-19T04:46:51.7266313Z</ModuleTime>
      <ModuleName>System.Net.Http</ModuleName>
      <Classes />
    </Module>
    <Module skippedDueTo="Filter" hash="D7-38-77-8B-EF-95-FF-38-3E-38-79-B8-09-C8-F7-56-E3-C0-23-46">
      <ModulePath>D:\Guillaume\Desktop\Internet Explorer\PROJECTS\C#\ComputerMonitoring\DesktopAssistant.Tests\bin\Debug\OpenHardwareMonitorLib.dll</ModulePath>
      <ModuleTime>2020-03-13T18:59:32.2908911Z</ModuleTime>
      <ModuleName>OpenHardwareMonitorLib</ModuleName>
      <Classes />
    </Module>
    <Module skippedDueTo="Filter" hash="8A-D0-EB-70-D1-2C-D2-9B-E8-43-00-CF-98-51-73-FE-75-38-93-48">
      <ModulePath>D:\Guillaume\Desktop\Internet Explorer\PROJECTS\C#\ComputerMonitoring\DesktopAssistant.Tests\bin\Debug\NvAPIWrapper.dll</ModulePath>
      <ModuleTime>2020-03-13T18:59:32.2779265Z</ModuleTime>
      <ModuleName>NvAPIWrapper</ModuleName>
      <Classes />
    </Module>
    <Module skippedDueTo="Filter" hash="">
      <ModulePath>RefEmit_InMemoryManifestModule</ModulePath>
      <ModuleTime>0001-01-01T00:00:00</ModuleTime>
      <ModuleName>Microsoft.GeneratedCode</ModuleName>
      <Classes />
    </Module>
    <Module skippedDueTo="Filter" hash="DF-14-5B-E5-1D-C8-57-72-0A-1A-8F-3F-F7-3E-DA-80-AD-09-69-69">
      <ModulePath>C:\Windows\Microsoft.Net\assembly\GAC_MSIL\Microsoft.CSharp\v4.0_4.0.0.0__b03f5f7f11d50a3a\Microsoft.CSharp.dll</ModulePath>
      <ModuleTime>2019-03-19T04:46:49.7108417Z</ModuleTime>
      <ModuleName>Microsoft.CSharp</ModuleName>
      <Classes />
    </Module>
    <Module skippedDueTo="Filter" hash="12-48-14-2E-B4-5E-ED-3B-EB-0D-9A-2D-3B-8B-ED-5F-E2-56-9B-10">
      <ModulePath>D:\Guillaume\Desktop\Internet Explorer\PROJECTS\C#\ComputerMonitoring\DesktopAssistant.Tests\bin\Debug\Newtonsoft.Json.dll</ModulePath>
      <ModuleTime>2019-11-09T05:56:44Z</ModuleTime>
      <ModuleName>Newtonsoft.Json</ModuleName>
      <Classes />
    </Module>
    <Module skippedDueTo="Filter" hash="">
      <ModulePath>RefEmit_InMemoryManifestModule</ModulePath>
      <ModuleTime>0001-01-01T00:00:00</ModuleTime>
      <ModuleName>Microsoft.GeneratedCode</ModuleName>
      <Classes />
    </Module>
    <Module skippedDueTo="Filter" hash="98-75-81-8A-52-FA-14-A2-54-69-C2-DF-BC-C9-0F-9B-31-07-80-06">
      <ModulePath>C:\Windows\Microsoft.Net\assembly\GAC_MSIL\System.Runtime.Serialization\v4.0_4.0.0.0__b77a5c561934e089\System.Runtime.Serialization.dll</ModulePath>
      <ModuleTime>2020-03-26T23:11:52Z</ModuleTime>
      <ModuleName>System.Runtime.Serialization</ModuleName>
      <Classes />
    </Module>
    <Module skippedDueTo="Filter" hash="95-38-95-FE-36-13-50-C3-4C-7B-E9-A4-69-13-03-A4-C0-D8-7F-CD">
      <ModulePath>C:\Windows\Microsoft.Net\assembly\GAC_MSIL\System.Numerics\v4.0_4.0.0.0__b77a5c561934e089\System.Numerics.dll</ModulePath>
      <ModuleTime>2019-03-19T04:46:49.1482976Z</ModuleTime>
      <ModuleName>System.Numerics</ModuleName>
      <Classes />
    </Module>
    <Module skippedDueTo="Filter" hash="7B-6F-5A-57-3F-2F-3F-81-A8-4F-75-67-5A-56-90-08-C0-83-72-95">
      <ModulePath>C:\Windows\Microsoft.Net\assembly\GAC_MSIL\System.Dynamic\v4.0_4.0.0.0__b03f5f7f11d50a3a\System.Dynamic.dll</ModulePath>
      <ModuleTime>2019-03-19T04:46:43.6166079Z</ModuleTime>
      <ModuleName>System.Dynamic</ModuleName>
      <Classes />
    </Module>
    <Module skippedDueTo="Filter" hash="">
      <ModulePath>RefEmit_InMemoryManifestModule</ModulePath>
      <ModuleTime>0001-01-01T00:00:00</ModuleTime>
      <ModuleName>Microsoft.GeneratedCode</ModuleName>
      <Classes />
    </Module>
    <Module skippedDueTo="Filter" hash="E4-D1-8B-D7-79-3C-B4-80-A8-3F-D2-B2-34-ED-5A-C5-10-62-37-F2">
      <ModulePath>C:\Windows\Microsoft.Net\assembly\GAC_MSIL\System.Xml.Linq\v4.0_4.0.0.0__b77a5c561934e089\System.Xml.Linq.dll</ModulePath>
      <ModuleTime>2019-03-19T04:46:43.9447582Z</ModuleTime>
      <ModuleName>System.Xml.Linq</ModuleName>
      <Classes />
    </Module>
    <Module skippedDueTo="Filter" hash="19-30-1F-10-A2-4E-F6-60-AB-61-E7-13-B7-2D-13-5C-13-00-AD-AA">
      <ModulePath>C:\Windows\Microsoft.Net\assembly\GAC_64\System.Data\v4.0_4.0.0.0__b77a5c561934e089\System.Data.dll</ModulePath>
      <ModuleTime>2020-06-05T04:59:42.3126008Z</ModuleTime>
      <ModuleName>System.Data</ModuleName>
      <Classes />
    </Module>
    <Module skippedDueTo="Filter" hash="97-63-40-C9-76-61-0F-0D-98-32-A3-F1-EB-92-F3-FB-85-6A-0A-95">
      <ModulePath>D:\Guillaume\Desktop\Internet Explorer\PROJECTS\C#\ComputerMonitoring\DesktopAssistant.Tests\bin\Debug\Prism.dll</ModulePath>
      <ModuleTime>2020-05-06T03:07:32Z</ModuleTime>
      <ModuleName>Prism</ModuleName>
      <Classes />
    </Module>
    <Module skippedDueTo="Filter" hash="">
      <ModulePath>RefEmit_InMemoryManifestModule</ModulePath>
      <ModuleTime>0001-01-01T00:00:00</ModuleTime>
      <ModuleName>DynamicProxyGenAssembly2</ModuleName>
      <Classes />
    </Module>
    <Module skippedDueTo="Filter" hash="6C-F1-16-78-19-FF-2C-AF-C2-42-E0-1B-8E-10-60-34-63-87-EA-1A">
      <ModulePath>D:\Guillaume\Desktop\Internet Explorer\PROJECTS\C#\ComputerMonitoring\DesktopAssistant.Tests\bin\Debug\SharpPcap.dll</ModulePath>
      <ModuleTime>2020-03-13T18:59:32.3028613Z</ModuleTime>
      <ModuleName>SharpPcap</ModuleName>
      <Classes />
    </Module>
    <Module skippedDueTo="Filter" hash="0D-FF-46-1B-E2-E0-4E-BF-6D-A5-F4-F2-D3-EB-63-9C-C2-E0-A8-B5">
      <ModulePath>D:\Guillaume\Desktop\Internet Explorer\PROJECTS\C#\ComputerMonitoring\DesktopAssistant.Tests\bin\Debug\System.Net.Http.Formatting.dll</ModulePath>
      <ModuleTime>2020-03-13T18:59:32.2239442Z</ModuleTime>
      <ModuleName>System.Net.Http.Formatting</ModuleName>
      <Classes />
    </Module>
    <Module skippedDueTo="Filter" hash="6B-DB-9E-A4-D9-AD-57-49-1E-2A-9F-0B-2F-0B-7D-7E-F1-A9-5A-9E">
      <ModulePath>C:\Windows\Microsoft.Net\assembly\GAC_MSIL\netstandard\v4.0_2.0.0.0__cc7b13ffcd2ddd51\netstandard.dll</ModulePath>
      <ModuleTime>2019-03-19T04:46:49.1170451Z</ModuleTime>
      <ModuleName>netstandard</ModuleName>
      <Classes />
    </Module>
    <Module skippedDueTo="Filter" hash="05-45-87-CD-3D-64-68-6D-C6-CE-91-AC-4C-F0-F0-75-AA-76-C5-DE">
      <ModulePath>C:\Windows\Microsoft.Net\assembly\GAC_MSIL\SMDiagnostics\v4.0_4.0.0.0__b77a5c561934e089\SMDiagnostics.dll</ModulePath>
      <ModuleTime>2020-03-26T23:11:52Z</ModuleTime>
      <ModuleName>SMDiagnostics</ModuleName>
      <Classes />
    </Module>
    <Module skippedDueTo="Filter" hash="A7-37-8F-7D-6D-1C-B4-BD-4B-1C-42-DB-A0-55-F0-F6-5C-32-42-37">
      <ModulePath>D:\Guillaume\Desktop\Internet Explorer\PROJECTS\C#\ComputerMonitoring\DesktopAssistant.Tests\bin\Debug\PacketDotNet.dll</ModulePath>
      <ModuleTime>2020-03-13T18:59:32.2938848Z</ModuleTime>
      <ModuleName>PacketDotNet</ModuleName>
      <Classes />
    </Module>
  </Modules>
</CoverageSession>