<?xml version="1.0" encoding="utf-8"?>
<CoverageSession xmlns:xsd="http://www.w3.org/2001/XMLSchema" xmlns:xsi="http://www.w3.org/2001/XMLSchema-instance" Version="4.7.922.0">
  <Summary numSequencePoints="854" visitedSequencePoints="491" numBranchPoints="501" visitedBranchPoints="259" sequenceCoverage="57.49" branchCoverage="51.70" maxCyclomaticComplexity="13" minCyclomaticComplexity="1" maxCrapScore="132" minCrapScore="1" visitedClasses="33" numClasses="58" visitedMethods="117" numMethods="221" />
  <Modules>
    <Module skippedDueTo="Filter" hash="A5-5F-5C-34-6C-6F-A2-8D-5F-48-3B-97-31-8E-BE-ED-64-C5-34-93">
      <ModulePath>C:\Windows\Microsoft.Net\assembly\GAC_64\mscorlib\v4.0_4.0.0.0__b77a5c561934e089\mscorlib.dll</ModulePath>
      <ModuleTime>2019-12-07T06:00:37.9046237Z</ModuleTime>
      <ModuleName>mscorlib</ModuleName>
      <Classes />
    </Module>
    <Module skippedDueTo="Filter" hash="49-6D-42-03-C6-53-6E-72-1F-76-78-AB-9F-52-DB-CC-3D-43-28-41">
      <ModulePath>D:\Guillaume\Desktop\Internet Explorer\PROJECTS\C#\ComputerMonitoring\ComputerRessourcesMonitoring\packages\xunit.runner.console.2.4.1\tools\net472\xunit.console.exe</ModulePath>
      <ModuleTime>2018-10-29T08:17:04Z</ModuleTime>
      <ModuleName>xunit.console</ModuleName>
      <Classes />
    </Module>
    <Module skippedDueTo="Filter" hash="6B-4D-36-1F-A8-F2-1F-05-F8-C9-A8-71-E2-90-17-07-CC-68-12-DB">
      <ModulePath>D:\Guillaume\Desktop\Internet Explorer\PROJECTS\C#\ComputerMonitoring\ComputerRessourcesMonitoring\packages\xunit.runner.console.2.4.1\tools\net472\xunit.abstractions.dll</ModulePath>
      <ModuleTime>2018-10-29T08:17:04Z</ModuleTime>
      <ModuleName>xunit.abstractions</ModuleName>
      <Classes />
    </Module>
    <Module skippedDueTo="Filter" hash="CC-DB-8A-78-1D-14-03-CA-9E-57-77-AD-02-B0-11-1E-9D-D0-F8-EB">
      <ModulePath>C:\Windows\Microsoft.Net\assembly\GAC_MSIL\System.Core\v4.0_4.0.0.0__b77a5c561934e089\System.Core.dll</ModulePath>
      <ModuleTime>2019-12-07T06:03:04Z</ModuleTime>
      <ModuleName>System.Core</ModuleName>
      <Classes />
    </Module>
    <Module skippedDueTo="Filter" hash="A5-B7-BC-42-9C-AA-2C-7A-42-E2-43-5A-2F-7B-F3-B2-00-B1-CB-E6">
      <ModulePath>D:\Guillaume\Desktop\Internet Explorer\PROJECTS\C#\ComputerMonitoring\ComputerRessourcesMonitoring\packages\xunit.runner.console.2.4.1\tools\net472\xunit.runner.utility.net452.dll</ModulePath>
      <ModuleTime>2018-10-29T08:17:04Z</ModuleTime>
      <ModuleName>xunit.runner.utility.net452</ModuleName>
      <Classes />
    </Module>
    <Module skippedDueTo="Filter" hash="4A-9D-81-85-DC-CF-74-ED-91-AC-6F-7B-37-3D-3E-0B-36-5C-56-66">
      <ModulePath>C:\Windows\Microsoft.Net\assembly\GAC_MSIL\System\v4.0_4.0.0.0__b77a5c561934e089\System.dll</ModulePath>
      <ModuleTime>2019-07-24T02:58:28Z</ModuleTime>
      <ModuleName>System</ModuleName>
      <Classes />
    </Module>
    <Module skippedDueTo="Filter" hash="E4-D1-8B-D7-79-3C-B4-80-A8-3F-D2-B2-34-ED-5A-C5-10-62-37-F2">
      <ModulePath>C:\Windows\Microsoft.Net\assembly\GAC_MSIL\System.Xml.Linq\v4.0_4.0.0.0__b77a5c561934e089\System.Xml.Linq.dll</ModulePath>
      <ModuleTime>2019-03-19T04:46:43.9447582Z</ModuleTime>
      <ModuleName>System.Xml.Linq</ModuleName>
      <Classes />
    </Module>
    <Module skippedDueTo="Filter" hash="BA-94-4B-50-1E-D5-31-87-F3-25-6E-BA-07-71-E4-9F-22-0D-B8-34">
      <ModulePath>C:\Windows\Microsoft.Net\assembly\GAC_MSIL\System.Xml\v4.0_4.0.0.0__b77a5c561934e089\System.Xml.dll</ModulePath>
      <ModuleTime>2019-03-19T04:46:51.77351Z</ModuleTime>
      <ModuleName>System.Xml</ModuleName>
      <Classes />
    </Module>
    <Module skippedDueTo="Filter" hash="DF-C9-61-37-67-FC-86-B5-19-6B-51-39-78-82-42-F2-94-44-FD-2F">
      <ModulePath>C:\Windows\Microsoft.Net\assembly\GAC_MSIL\System.Configuration\v4.0_4.0.0.0__b03f5f7f11d50a3a\System.Configuration.dll</ModulePath>
      <ModuleTime>2019-03-19T04:46:46.1168105Z</ModuleTime>
      <ModuleName>System.Configuration</ModuleName>
      <Classes />
    </Module>
    <Module skippedDueTo="Filter" hash="92-46-BD-71-5B-AA-F1-B5-B3-9B-4C-F6-6A-4F-91-D5-32-37-5C-74">
      <ModulePath>D:\Guillaume\Desktop\Internet Explorer\PROJECTS\C#\ComputerMonitoring\ComputerRessourcesMonitoring\packages\xunit.runner.console.2.4.1\tools\net472\xunit.runner.reporters.net452.dll</ModulePath>
      <ModuleTime>2018-10-29T08:17:04Z</ModuleTime>
      <ModuleName>xunit.runner.reporters.net452</ModuleName>
      <Classes />
    </Module>
    <Module skippedDueTo="Filter" hash="61-8E-C2-81-D1-83-0F-4B-EB-A7-B0-B3-A7-FA-0D-6E-88-8C-2A-84">
      <ModulePath>C:\Windows\Microsoft.Net\assembly\GAC_MSIL\System.Net.Http\v4.0_4.0.0.0__b03f5f7f11d50a3a\System.Net.Http.dll</ModulePath>
      <ModuleTime>2019-03-19T04:46:51.7266313Z</ModuleTime>
      <ModuleName>System.Net.Http</ModuleName>
      <Classes />
    </Module>
    <Module skippedDueTo="Filter" hash="04-92-31-F6-AF-DB-82-CE-7F-AD-A9-52-42-0C-26-C5-2A-65-10-FA">
      <ModulePath>C:\Windows\Microsoft.Net\assembly\GAC_64\System.Web\v4.0_4.0.0.0__b03f5f7f11d50a3a\System.Web.dll</ModulePath>
      <ModuleTime>2019-11-23T04:37:24.5053551Z</ModuleTime>
      <ModuleName>System.Web</ModuleName>
      <Classes />
    </Module>
    <Module skippedDueTo="Filter" hash="A5-B7-BC-42-9C-AA-2C-7A-42-E2-43-5A-2F-7B-F3-B2-00-B1-CB-E6">
      <ModulePath>C:\Users\Proprio\AppData\Local\Temp\e05055e3-e1f4-4b5e-bf1d-8b67e987dfdd\e05055e3-e1f4-4b5e-bf1d-8b67e987dfdd\assembly\dl3\81952028\00804bc6_5f6fd401\xunit.runner.utility.net452.dll</ModulePath>
      <ModuleTime>2020-04-02T01:48:14.4718384Z</ModuleTime>
      <ModuleName>xunit.runner.utility.net452</ModuleName>
      <Classes />
    </Module>
    <Module skippedDueTo="Filter" hash="CC-DB-8A-78-1D-14-03-CA-9E-57-77-AD-02-B0-11-1E-9D-D0-F8-EB">
      <ModulePath>C:\Windows\Microsoft.Net\assembly\GAC_MSIL\System.Core\v4.0_4.0.0.0__b77a5c561934e089\System.Core.dll</ModulePath>
      <ModuleTime>2019-12-07T06:03:04Z</ModuleTime>
      <ModuleName>System.Core</ModuleName>
      <Classes />
    </Module>
    <Module skippedDueTo="Filter" hash="4A-9D-81-85-DC-CF-74-ED-91-AC-6F-7B-37-3D-3E-0B-36-5C-56-66">
      <ModulePath>C:\Windows\Microsoft.Net\assembly\GAC_MSIL\System\v4.0_4.0.0.0__b77a5c561934e089\System.dll</ModulePath>
      <ModuleTime>2019-07-24T02:58:28Z</ModuleTime>
      <ModuleName>System</ModuleName>
      <Classes />
    </Module>
    <Module skippedDueTo="Filter" hash="">
      <ModulePath>RefEmit_InMemoryManifestModule</ModulePath>
      <ModuleTime>0001-01-01T00:00:00</ModuleTime>
      <ModuleName>Anonymously Hosted DynamicMethods Assembly</ModuleName>
      <Classes />
    </Module>
    <Module skippedDueTo="Filter" hash="25-15-E2-C3-B2-68-F0-D6-D2-B1-D0-11-A8-1F-A4-CB-B7-0F-56-B6">
      <ModulePath>D:\Guillaume\Desktop\Internet Explorer\PROJECTS\C#\ComputerMonitoring\ComputerMonitoringTests\bin\Debug\ComputerMonitoringTests.dll</ModulePath>
      <ModuleTime>2020-04-02T01:47:24.7984685Z</ModuleTime>
      <ModuleName>ComputerMonitoringTests</ModuleName>
      <Classes />
    </Module>
    <Module hash="7C-5D-51-A0-93-99-73-15-A3-4D-E1-FC-64-30-EC-80-A6-0B-81-04">
      <Summary numSequencePoints="532" visitedSequencePoints="315" numBranchPoints="361" visitedBranchPoints="189" sequenceCoverage="59.21" branchCoverage="52.35" maxCyclomaticComplexity="13" minCyclomaticComplexity="1" maxCrapScore="132" minCrapScore="1" visitedClasses="18" numClasses="31" visitedMethods="81" numMethods="151" />
      <ModulePath>D:\Guillaume\Desktop\Internet Explorer\PROJECTS\C#\ComputerMonitoring\ComputerMonitoringTests\bin\Debug\HardwareManipulation.dll</ModulePath>
      <ModuleTime>2020-04-02T01:47:22.6050188Z</ModuleTime>
      <ModuleName>HardwareManipulation</ModuleName>
      <Files>
        <File uid="1" fullPath="D:\Guillaume\Desktop\Internet Explorer\PROJECTS\C#\ComputerMonitoring\HardwareManipulation\DataManager.cs" />
        <File uid="6" fullPath="D:\Guillaume\Desktop\Internet Explorer\PROJECTS\C#\ComputerMonitoring\HardwareManipulation\Exceptions\InvalidConnectorException.cs" />
        <File uid="7" fullPath="D:\Guillaume\Desktop\Internet Explorer\PROJECTS\C#\ComputerMonitoring\HardwareManipulation\Models\ServerDTOs\ProcessDTO.cs" />
        <File uid="8" fullPath="D:\Guillaume\Desktop\Internet Explorer\PROJECTS\C#\ComputerMonitoring\HardwareManipulation\Models\ServerDTOs\ResourceTypeDTO.cs" />
        <File uid="9" fullPath="D:\Guillaume\Desktop\Internet Explorer\PROJECTS\C#\ComputerMonitoring\HardwareManipulation\Models\ServerDTOs\SampleTimeDTO.cs" />
        <File uid="10" fullPath="D:\Guillaume\Desktop\Internet Explorer\PROJECTS\C#\ComputerMonitoring\HardwareManipulation\Models\ServerDTOs\ServerResourceDTO.cs" />
        <File uid="11" fullPath="D:\Guillaume\Desktop\Internet Explorer\PROJECTS\C#\ComputerMonitoring\HardwareManipulation\Models\ServerDTOs\ServerResourceUnitDTO.cs" />
        <File uid="12" fullPath="D:\Guillaume\Desktop\Internet Explorer\PROJECTS\C#\ComputerMonitoring\HardwareManipulation\Models\ComputerRessource.cs" />
        <File uid="13" fullPath="D:\Guillaume\Desktop\Internet Explorer\PROJECTS\C#\ComputerMonitoring\HardwareManipulation\Models\HardwareInformation.cs" />
        <File uid="14" fullPath="D:\Guillaume\Desktop\Internet Explorer\PROJECTS\C#\ComputerMonitoring\HardwareManipulation\Models\RessourceCollection.cs" />
        <File uid="15" fullPath="D:\Guillaume\Desktop\Internet Explorer\PROJECTS\C#\ComputerMonitoring\HardwareManipulation\Helpers\WmiHelper.cs" />
        <File uid="17" fullPath="D:\Guillaume\Desktop\Internet Explorer\PROJECTS\C#\ComputerMonitoring\HardwareManipulation\Factories\ConnectorFactory.cs" />
        <File uid="18" fullPath="D:\Guillaume\Desktop\Internet Explorer\PROJECTS\C#\ComputerMonitoring\HardwareManipulation\Exceptions\HardwareCommunicationException.cs" />
        <File uid="19" fullPath="D:\Guillaume\Desktop\Internet Explorer\PROJECTS\C#\ComputerMonitoring\HardwareManipulation\Connectors\OpenHardware_Connector.cs" />
        <File uid="21" fullPath="D:\Guillaume\Desktop\Internet Explorer\PROJECTS\C#\ComputerMonitoring\HardwareManipulation\Connectors\SystemIO_Connector.cs" />
        <File uid="23" fullPath="D:\Guillaume\Desktop\Internet Explorer\PROJECTS\C#\ComputerMonitoring\HardwareManipulation\Connectors\ASPNET_API_Connector.cs" />
        <File uid="28" fullPath="D:\Guillaume\Desktop\Internet Explorer\PROJECTS\C#\ComputerMonitoring\HardwareManipulation\Connectors\NVDIA_API_Connector.cs" />
        <File uid="30" fullPath="D:\Guillaume\Desktop\Internet Explorer\PROJECTS\C#\ComputerMonitoring\HardwareManipulation\Connectors\WMI_Connector.cs" />
      </Files>
      <Classes>
        <Class>
          <Summary numSequencePoints="0" visitedSequencePoints="0" numBranchPoints="0" visitedBranchPoints="0" sequenceCoverage="0" branchCoverage="0" maxCyclomaticComplexity="0" minCyclomaticComplexity="0" maxCrapScore="0" minCrapScore="0" visitedClasses="0" numClasses="0" visitedMethods="0" numMethods="0" />
          <FullName>&lt;Module&gt;</FullName>
          <Methods />
        </Class>
        <Class>
          <Summary numSequencePoints="102" visitedSequencePoints="95" numBranchPoints="57" visitedBranchPoints="49" sequenceCoverage="93.14" branchCoverage="85.96" maxCyclomaticComplexity="7" minCyclomaticComplexity="1" maxCrapScore="7" minCrapScore="1" visitedClasses="1" numClasses="1" visitedMethods="12" numMethods="13" />
          <FullName>HardwareManipulation.DataManager</FullName>
          <Methods>
            <Method visited="false" cyclomaticComplexity="1" nPathComplexity="0" sequenceCoverage="0" branchCoverage="0" crapScore="2" isConstructor="true" isStatic="false" isGetter="false" isSetter="false">
              <Summary numSequencePoints="7" visitedSequencePoints="0" numBranchPoints="1" visitedBranchPoints="0" sequenceCoverage="0" branchCoverage="0" maxCyclomaticComplexity="1" minCyclomaticComplexity="1" maxCrapScore="2" minCrapScore="2" visitedClasses="0" numClasses="0" visitedMethods="0" numMethods="1" />
              <MetadataToken>100663297</MetadataToken>
              <Name>System.Void HardwareManipulation.DataManager::.ctor(HardwareManipulation.IFactory,Common.Helpers.XmlHelper)</Name>
              <FileRef uid="1" />
              <SequencePoints>
                <SequencePoint vc="0" uspid="1" ordinal="0" offset="0" sl="23" sc="9" el="23" ec="66" bec="0" bev="0" fileid="1" />
                <SequencePoint vc="0" uspid="2" ordinal="1" offset="7" sl="24" sc="9" el="24" ec="10" bec="0" bev="0" fileid="1" />
                <SequencePoint vc="0" uspid="3" ordinal="2" offset="8" sl="25" sc="13" el="25" ec="41" bec="0" bev="0" fileid="1" />
                <SequencePoint vc="0" uspid="4" ordinal="3" offset="15" sl="26" sc="13" el="26" ec="46" bec="0" bev="0" fileid="1" />
                <SequencePoint vc="0" uspid="5" ordinal="4" offset="22" sl="27" sc="13" el="27" ec="52" bec="0" bev="0" fileid="1" />
                <SequencePoint vc="0" uspid="6" ordinal="5" offset="34" sl="28" sc="13" el="28" ec="44" bec="0" bev="0" fileid="1" />
                <SequencePoint vc="0" uspid="7" ordinal="6" offset="41" sl="29" sc="9" el="29" ec="10" bec="0" bev="0" fileid="1" />
              </SequencePoints>
              <BranchPoints />
              <MethodPoint xsi:type="SequencePoint" vc="0" uspid="1" ordinal="0" offset="0" sl="23" sc="9" el="23" ec="66" bec="0" bev="0" fileid="1" />
            </Method>
            <Method visited="true" cyclomaticComplexity="1" nPathComplexity="0" sequenceCoverage="100" branchCoverage="100" crapScore="1" isConstructor="true" isStatic="false" isGetter="false" isSetter="false">
              <Summary numSequencePoints="7" visitedSequencePoints="7" numBranchPoints="1" visitedBranchPoints="1" sequenceCoverage="100" branchCoverage="100" maxCyclomaticComplexity="1" minCyclomaticComplexity="1" maxCrapScore="1" minCrapScore="1" visitedClasses="0" numClasses="0" visitedMethods="1" numMethods="1" />
              <MetadataToken>100663298</MetadataToken>
              <Name>System.Void HardwareManipulation.DataManager::.ctor(System.String,HardwareManipulation.IFactory,Common.Helpers.XmlHelper)</Name>
              <FileRef uid="1" />
              <SequencePoints>
                <SequencePoint vc="9" uspid="8" ordinal="0" offset="0" sl="31" sc="9" el="31" ec="94" bec="0" bev="0" fileid="1" />
                <SequencePoint vc="9" uspid="9" ordinal="1" offset="7" sl="32" sc="9" el="32" ec="10" bec="0" bev="0" fileid="1" />
                <SequencePoint vc="9" uspid="10" ordinal="2" offset="8" sl="33" sc="13" el="33" ec="41" bec="0" bev="0" fileid="1" />
                <SequencePoint vc="9" uspid="11" ordinal="3" offset="15" sl="34" sc="13" el="34" ec="46" bec="0" bev="0" fileid="1" />
                <SequencePoint vc="9" uspid="12" ordinal="4" offset="22" sl="35" sc="13" el="35" ec="55" bec="0" bev="0" fileid="1" />
                <SequencePoint vc="9" uspid="13" ordinal="5" offset="30" sl="36" sc="13" el="36" ec="44" bec="0" bev="0" fileid="1" />
                <SequencePoint vc="9" uspid="14" ordinal="6" offset="37" sl="37" sc="9" el="37" ec="10" bec="0" bev="0" fileid="1" />
              </SequencePoints>
              <BranchPoints />
              <MethodPoint xsi:type="SequencePoint" vc="9" uspid="8" ordinal="0" offset="0" sl="31" sc="9" el="31" ec="94" bec="0" bev="0" fileid="1" />
            </Method>
            <Method visited="true" cyclomaticComplexity="2" nPathComplexity="2" sequenceCoverage="100" branchCoverage="100" crapScore="2" isConstructor="false" isStatic="false" isGetter="false" isSetter="false">
              <Summary numSequencePoints="6" visitedSequencePoints="6" numBranchPoints="3" visitedBranchPoints="3" sequenceCoverage="100" branchCoverage="100" maxCyclomaticComplexity="2" minCyclomaticComplexity="2" maxCrapScore="2" minCrapScore="2" visitedClasses="0" numClasses="0" visitedMethods="1" numMethods="1" />
              <MetadataToken>100663299</MetadataToken>
              <Name>HardwareAccess.Models.HardwareInformation HardwareManipulation.DataManager::GetCalculatedValue(HardwareAccess.Enums.MonitoringTarget)</Name>
              <FileRef uid="1" />
              <SequencePoints>
                <SequencePoint vc="99" uspid="15" ordinal="0" offset="13" sl="40" sc="9" el="40" ec="10" bec="0" bev="0" fileid="1" />
                <SequencePoint vc="99" uspid="16" ordinal="1" offset="14" sl="41" sc="13" el="41" ec="104" bec="0" bev="0" fileid="1" />
                <SequencePoint vc="99" uspid="17" ordinal="2" offset="46" sl="42" sc="13" el="42" ec="54" bec="2" bev="2" fileid="1" />
                <SequencePoint vc="96" uspid="18" ordinal="3" offset="65" sl="42" sc="55" el="42" ec="159" bec="0" bev="0" fileid="1" />
                <SequencePoint vc="98" uspid="19" ordinal="4" offset="95" sl="43" sc="13" el="43" ec="66" bec="0" bev="0" fileid="1" />
                <SequencePoint vc="88" uspid="20" ordinal="5" offset="122" sl="44" sc="9" el="44" ec="10" bec="0" bev="0" fileid="1" />
              </SequencePoints>
              <BranchPoints>
                <BranchPoint vc="96" uspid="21" ordinal="0" offset="63" sl="42" path="0" offsetend="65" fileid="1" />
                <BranchPoint vc="3" uspid="22" ordinal="1" offset="63" sl="42" path="1" offsetend="95" fileid="1" />
              </BranchPoints>
              <MethodPoint vc="99" uspid="23" ordinal="0" offset="0" />
            </Method>
            <Method visited="true" cyclomaticComplexity="6" nPathComplexity="8" sequenceCoverage="100" branchCoverage="57.14" crapScore="6" isConstructor="false" isStatic="false" isGetter="false" isSetter="false">
              <Summary numSequencePoints="26" visitedSequencePoints="26" numBranchPoints="7" visitedBranchPoints="4" sequenceCoverage="100" branchCoverage="57.14" maxCyclomaticComplexity="6" minCyclomaticComplexity="6" maxCrapScore="6" minCrapScore="6" visitedClasses="0" numClasses="0" visitedMethods="1" numMethods="1" />
              <MetadataToken>100663300</MetadataToken>
              <Name>System.Collections.Generic.IEnumerable`1&lt;HardwareAccess.Models.HardwareInformation&gt; HardwareManipulation.DataManager::GetCalculatedValues(System.Collections.Generic.ICollection`1&lt;HardwareAccess.Enums.MonitoringTarget&gt;)</Name>
              <FileRef uid="1" />
              <SequencePoints>
                <SequencePoint vc="1" uspid="24" ordinal="0" offset="13" sl="47" sc="9" el="47" ec="10" bec="0" bev="0" fileid="1" />
                <SequencePoint vc="1" uspid="25" ordinal="1" offset="14" sl="48" sc="13" el="48" ec="67" bec="0" bev="0" fileid="1" />
                <SequencePoint vc="1" uspid="26" ordinal="2" offset="26" sl="49" sc="13" el="49" ec="59" bec="0" bev="0" fileid="1" />
                <SequencePoint vc="1" uspid="27" ordinal="3" offset="32" sl="50" sc="13" el="50" ec="20" bec="0" bev="0" fileid="1" />
                <SequencePoint vc="1" uspid="28" ordinal="4" offset="33" sl="50" sc="36" el="50" ec="44" bec="0" bev="0" fileid="1" />
                <SequencePoint vc="2" uspid="29" ordinal="5" offset="46" sl="50" sc="22" el="50" ec="32" bec="0" bev="0" fileid="1" />
                <SequencePoint vc="2" uspid="30" ordinal="6" offset="55" sl="51" sc="13" el="51" ec="14" bec="0" bev="0" fileid="1" />
                <SequencePoint vc="2" uspid="31" ordinal="7" offset="56" sl="53" sc="17" el="53" ec="18" bec="0" bev="0" fileid="1" />
                <SequencePoint vc="2" uspid="32" ordinal="8" offset="57" sl="54" sc="21" el="54" ec="64" bec="0" bev="0" fileid="1" />
                <SequencePoint vc="1" uspid="33" ordinal="9" offset="72" sl="55" sc="17" el="55" ec="18" bec="0" bev="0" fileid="1" />
                <SequencePoint vc="1" uspid="34" ordinal="10" offset="75" sl="56" sc="17" el="56" ec="36" bec="0" bev="0" fileid="1" />
                <SequencePoint vc="1" uspid="35" ordinal="11" offset="77" sl="57" sc="17" el="57" ec="18" bec="0" bev="0" fileid="1" />
                <SequencePoint vc="1" uspid="36" ordinal="12" offset="78" sl="58" sc="21" el="58" ec="143" bec="0" bev="0" fileid="1" />
                <SequencePoint vc="1" uspid="37" ordinal="13" offset="145" sl="59" sc="21" el="59" ec="46" bec="2" bev="1" fileid="1" />
                <SequencePoint vc="1" uspid="38" ordinal="14" offset="168" sl="60" sc="25" el="60" ec="48" bec="0" bev="0" fileid="1" />
                <SequencePoint vc="1" uspid="39" ordinal="15" offset="182" sl="61" sc="17" el="61" ec="18" bec="0" bev="0" fileid="1" />
                <SequencePoint vc="2" uspid="40" ordinal="16" offset="185" sl="62" sc="13" el="62" ec="14" bec="0" bev="0" fileid="1" />
                <SequencePoint vc="3" uspid="41" ordinal="17" offset="186" sl="50" sc="33" el="50" ec="35" bec="0" bev="0" fileid="1" />
                <SequencePoint vc="1" uspid="42" ordinal="18" offset="215" sl="64" sc="13" el="67" ec="61" bec="4" bev="2" fileid="1" />
                <SequencePoint vc="1" uspid="43" ordinal="19" offset="316" sl="69" sc="13" el="69" ec="20" bec="0" bev="0" fileid="1" />
                <SequencePoint vc="1" uspid="44" ordinal="20" offset="317" sl="69" sc="39" el="69" ec="53" bec="0" bev="0" fileid="1" />
                <SequencePoint vc="3" uspid="45" ordinal="21" offset="327" sl="69" sc="22" el="69" ec="35" bec="0" bev="0" fileid="1" />
                <SequencePoint vc="3" uspid="46" ordinal="22" offset="336" sl="69" sc="55" el="69" ec="91" bec="0" bev="0" fileid="1" />
                <SequencePoint vc="4" uspid="47" ordinal="23" offset="351" sl="69" sc="36" el="69" ec="38" bec="0" bev="0" fileid="1" />
                <SequencePoint vc="1" uspid="48" ordinal="24" offset="377" sl="70" sc="13" el="70" ec="27" bec="0" bev="0" fileid="1" />
                <SequencePoint vc="1" uspid="49" ordinal="25" offset="382" sl="71" sc="9" el="71" ec="10" bec="0" bev="0" fileid="1" />
              </SequencePoints>
              <BranchPoints>
                <BranchPoint vc="1" uspid="50" ordinal="0" offset="166" sl="59" path="0" offsetend="168" fileid="1" />
                <BranchPoint vc="0" uspid="51" ordinal="1" offset="166" sl="59" path="1" offsetend="182" fileid="1" />
                <BranchPoint vc="1" uspid="54" ordinal="4" offset="244" sl="64" path="0" offsetend="246" fileid="1" />
                <BranchPoint vc="0" uspid="55" ordinal="5" offset="244" sl="64" path="1" offsetend="269" fileid="1" />
                <BranchPoint vc="1" uspid="56" ordinal="6" offset="275" sl="64" path="0" offsetend="277" fileid="1" />
                <BranchPoint vc="0" uspid="57" ordinal="7" offset="275" sl="64" path="1" offsetend="300" fileid="1" />
              </BranchPoints>
              <MethodPoint vc="1" uspid="60" ordinal="0" offset="0" />
            </Method>
            <Method visited="true" cyclomaticComplexity="3" nPathComplexity="4" sequenceCoverage="100" branchCoverage="60" crapScore="3" isConstructor="false" isStatic="false" isGetter="false" isSetter="false">
              <Summary numSequencePoints="3" visitedSequencePoints="3" numBranchPoints="5" visitedBranchPoints="3" sequenceCoverage="100" branchCoverage="60" maxCyclomaticComplexity="3" minCyclomaticComplexity="3" maxCrapScore="3" minCrapScore="3" visitedClasses="0" numClasses="0" visitedMethods="1" numMethods="1" />
              <MetadataToken>100663301</MetadataToken>
              <Name>System.Collections.Generic.IEnumerable`1&lt;HardwareAccess.Enums.MonitoringTarget&gt; HardwareManipulation.DataManager::GetAllTargets()</Name>
              <FileRef uid="1" />
              <SequencePoints>
                <SequencePoint vc="1" uspid="61" ordinal="0" offset="0" sl="74" sc="9" el="74" ec="10" bec="0" bev="0" fileid="1" />
                <SequencePoint vc="1" uspid="62" ordinal="1" offset="1" sl="75" sc="13" el="75" ec="140" bec="4" bev="2" fileid="1" />
                <SequencePoint vc="1" uspid="63" ordinal="2" offset="82" sl="76" sc="9" el="76" ec="10" bec="0" bev="0" fileid="1" />
              </SequencePoints>
              <BranchPoints>
                <BranchPoint vc="1" uspid="64" ordinal="0" offset="13" sl="75" path="0" offsetend="15" fileid="1" />
                <BranchPoint vc="0" uspid="65" ordinal="1" offset="13" sl="75" path="1" offsetend="38" fileid="1" />
                <BranchPoint vc="1" uspid="66" ordinal="2" offset="49" sl="75" path="0" offsetend="51" fileid="1" />
                <BranchPoint vc="0" uspid="67" ordinal="3" offset="49" sl="75" path="1" offsetend="74" fileid="1" />
              </BranchPoints>
              <MethodPoint xsi:type="SequencePoint" vc="1" uspid="61" ordinal="0" offset="0" sl="74" sc="9" el="74" ec="10" bec="0" bev="0" fileid="1" />
            </Method>
            <Method visited="true" cyclomaticComplexity="2" nPathComplexity="2" sequenceCoverage="100" branchCoverage="100" crapScore="2" isConstructor="false" isStatic="false" isGetter="false" isSetter="false">
              <Summary numSequencePoints="3" visitedSequencePoints="3" numBranchPoints="3" visitedBranchPoints="3" sequenceCoverage="100" branchCoverage="100" maxCyclomaticComplexity="2" minCyclomaticComplexity="2" maxCrapScore="2" minCrapScore="2" visitedClasses="0" numClasses="0" visitedMethods="1" numMethods="1" />
              <MetadataToken>100663302</MetadataToken>
              <Name>System.Collections.Generic.IEnumerable`1&lt;HardwareAccess.Enums.MonitoringTarget&gt; HardwareManipulation.DataManager::GetInitialTargets()</Name>
              <FileRef uid="1" />
              <SequencePoints>
                <SequencePoint vc="2" uspid="68" ordinal="0" offset="0" sl="79" sc="9" el="79" ec="10" bec="0" bev="0" fileid="1" />
                <SequencePoint vc="2" uspid="69" ordinal="1" offset="1" sl="80" sc="13" el="82" ec="72" bec="2" bev="2" fileid="1" />
                <SequencePoint vc="2" uspid="70" ordinal="2" offset="63" sl="83" sc="9" el="83" ec="10" bec="0" bev="0" fileid="1" />
              </SequencePoints>
              <BranchPoints>
                <BranchPoint vc="1" uspid="71" ordinal="0" offset="30" sl="80" path="0" offsetend="32" fileid="1" />
                <BranchPoint vc="1" uspid="72" ordinal="1" offset="30" sl="80" path="1" offsetend="55" fileid="1" />
              </BranchPoints>
              <MethodPoint xsi:type="SequencePoint" vc="2" uspid="68" ordinal="0" offset="0" sl="79" sc="9" el="79" ec="10" bec="0" bev="0" fileid="1" />
            </Method>
            <Method visited="true" cyclomaticComplexity="3" nPathComplexity="4" sequenceCoverage="100" branchCoverage="60" crapScore="3" isConstructor="false" isStatic="false" isGetter="false" isSetter="false">
              <Summary numSequencePoints="3" visitedSequencePoints="3" numBranchPoints="5" visitedBranchPoints="3" sequenceCoverage="100" branchCoverage="60" maxCyclomaticComplexity="3" minCyclomaticComplexity="3" maxCrapScore="3" minCrapScore="3" visitedClasses="0" numClasses="0" visitedMethods="1" numMethods="1" />
              <MetadataToken>100663303</MetadataToken>
              <Name>System.Collections.Generic.IEnumerable`1&lt;HardwareAccess.Enums.MonitoringTarget&gt; HardwareManipulation.DataManager::GetLocalTargets()</Name>
              <FileRef uid="1" />
              <SequencePoints>
                <SequencePoint vc="1" uspid="73" ordinal="0" offset="0" sl="86" sc="9" el="86" ec="10" bec="0" bev="0" fileid="1" />
                <SequencePoint vc="1" uspid="74" ordinal="1" offset="1" sl="87" sc="13" el="88" ec="85" bec="4" bev="2" fileid="1" />
                <SequencePoint vc="1" uspid="75" ordinal="2" offset="82" sl="89" sc="9" el="89" ec="10" bec="0" bev="0" fileid="1" />
              </SequencePoints>
              <BranchPoints>
                <BranchPoint vc="1" uspid="76" ordinal="0" offset="13" sl="87" path="0" offsetend="15" fileid="1" />
                <BranchPoint vc="0" uspid="77" ordinal="1" offset="13" sl="87" path="1" offsetend="38" fileid="1" />
                <BranchPoint vc="1" uspid="78" ordinal="2" offset="49" sl="87" path="0" offsetend="51" fileid="1" />
                <BranchPoint vc="0" uspid="79" ordinal="3" offset="49" sl="87" path="1" offsetend="74" fileid="1" />
              </BranchPoints>
              <MethodPoint xsi:type="SequencePoint" vc="1" uspid="73" ordinal="0" offset="0" sl="86" sc="9" el="86" ec="10" bec="0" bev="0" fileid="1" />
            </Method>
            <Method visited="true" cyclomaticComplexity="3" nPathComplexity="4" sequenceCoverage="100" branchCoverage="100" crapScore="3" isConstructor="false" isStatic="false" isGetter="false" isSetter="false">
              <Summary numSequencePoints="3" visitedSequencePoints="3" numBranchPoints="5" visitedBranchPoints="5" sequenceCoverage="100" branchCoverage="100" maxCyclomaticComplexity="3" minCyclomaticComplexity="3" maxCrapScore="3" minCrapScore="3" visitedClasses="0" numClasses="0" visitedMethods="1" numMethods="1" />
              <MetadataToken>100663304</MetadataToken>
              <Name>System.Collections.Generic.IEnumerable`1&lt;HardwareAccess.Enums.MonitoringTarget&gt; HardwareManipulation.DataManager::GetRemoteTargets()</Name>
              <FileRef uid="1" />
              <SequencePoints>
                <SequencePoint vc="3" uspid="80" ordinal="0" offset="0" sl="92" sc="9" el="92" ec="10" bec="0" bev="0" fileid="1" />
                <SequencePoint vc="3" uspid="81" ordinal="1" offset="1" sl="93" sc="13" el="94" ec="85" bec="4" bev="4" fileid="1" />
                <SequencePoint vc="3" uspid="82" ordinal="2" offset="82" sl="95" sc="9" el="95" ec="10" bec="0" bev="0" fileid="1" />
              </SequencePoints>
              <BranchPoints>
                <BranchPoint vc="1" uspid="83" ordinal="0" offset="13" sl="93" path="0" offsetend="15" fileid="1" />
                <BranchPoint vc="2" uspid="84" ordinal="1" offset="13" sl="93" path="1" offsetend="38" fileid="1" />
                <BranchPoint vc="1" uspid="85" ordinal="2" offset="49" sl="93" path="0" offsetend="51" fileid="1" />
                <BranchPoint vc="2" uspid="86" ordinal="3" offset="49" sl="93" path="1" offsetend="74" fileid="1" />
              </BranchPoints>
              <MethodPoint xsi:type="SequencePoint" vc="3" uspid="80" ordinal="0" offset="0" sl="92" sc="9" el="92" ec="10" bec="0" bev="0" fileid="1" />
            </Method>
            <Method visited="true" cyclomaticComplexity="6" nPathComplexity="8" sequenceCoverage="100" branchCoverage="100" crapScore="6" isConstructor="false" isStatic="false" isGetter="false" isSetter="false">
              <Summary numSequencePoints="12" visitedSequencePoints="12" numBranchPoints="7" visitedBranchPoints="7" sequenceCoverage="100" branchCoverage="100" maxCyclomaticComplexity="6" minCyclomaticComplexity="6" maxCrapScore="6" minCrapScore="6" visitedClasses="0" numClasses="0" visitedMethods="1" numMethods="1" />
              <MetadataToken>100663305</MetadataToken>
              <Name>System.Boolean HardwareManipulation.DataManager::IsRemoteMonitoringEnabled()</Name>
              <FileRef uid="1" />
              <SequencePoints>
                <SequencePoint vc="11" uspid="87" ordinal="0" offset="0" sl="98" sc="9" el="98" ec="10" bec="0" bev="0" fileid="1" />
                <SequencePoint vc="11" uspid="88" ordinal="1" offset="1" sl="99" sc="13" el="99" ec="20" bec="0" bev="0" fileid="1" />
                <SequencePoint vc="11" uspid="89" ordinal="2" offset="2" sl="99" sc="84" el="99" ec="132" bec="2" bev="2" fileid="1" />
                <SequencePoint vc="10" uspid="90" ordinal="3" offset="52" sl="99" sc="22" el="99" ec="80" bec="0" bev="0" fileid="1" />
                <SequencePoint vc="10" uspid="91" ordinal="4" offset="59" sl="100" sc="13" el="100" ec="14" bec="0" bev="0" fileid="1" />
                <SequencePoint vc="10" uspid="92" ordinal="5" offset="60" sl="101" sc="17" el="101" ec="56" bec="0" bev="0" fileid="1" />
                <SequencePoint vc="10" uspid="93" ordinal="6" offset="73" sl="102" sc="17" el="102" ec="27" bec="2" bev="2" fileid="1" />
                <SequencePoint vc="4" uspid="94" ordinal="7" offset="81" sl="102" sc="28" el="102" ec="41" bec="0" bev="0" fileid="1" />
                <SequencePoint vc="6" uspid="95" ordinal="8" offset="86" sl="103" sc="13" el="103" ec="14" bec="0" bev="0" fileid="1" />
                <SequencePoint vc="17" uspid="96" ordinal="9" offset="87" sl="99" sc="81" el="99" ec="83" bec="0" bev="0" fileid="1" />
                <SequencePoint vc="7" uspid="97" ordinal="10" offset="108" sl="104" sc="13" el="104" ec="67" bec="2" bev="2" fileid="1" />
                <SequencePoint vc="11" uspid="98" ordinal="11" offset="154" sl="105" sc="9" el="105" ec="10" bec="0" bev="0" fileid="1" />
              </SequencePoints>
              <BranchPoints>
                <BranchPoint vc="1" uspid="99" ordinal="0" offset="14" sl="99" path="0" offsetend="16" fileid="1" />
                <BranchPoint vc="10" uspid="100" ordinal="1" offset="14" sl="99" path="1" offsetend="39" fileid="1" />
                <BranchPoint vc="4" uspid="101" ordinal="2" offset="79" sl="102" path="0" offsetend="81" fileid="1" />
                <BranchPoint vc="6" uspid="102" ordinal="3" offset="79" sl="102" path="1" offsetend="86" fileid="1" />
                <BranchPoint vc="1" uspid="105" ordinal="6" offset="120" sl="104" path="0" offsetend="122" fileid="1" />
                <BranchPoint vc="6" uspid="106" ordinal="7" offset="120" sl="104" path="1" offsetend="145" fileid="1" />
              </BranchPoints>
              <MethodPoint xsi:type="SequencePoint" vc="11" uspid="87" ordinal="0" offset="0" sl="98" sc="9" el="98" ec="10" bec="0" bev="0" fileid="1" />
            </Method>
            <Method visited="true" cyclomaticComplexity="4" nPathComplexity="8" sequenceCoverage="100" branchCoverage="100" crapScore="4" isConstructor="false" isStatic="false" isGetter="false" isSetter="false">
              <Summary numSequencePoints="3" visitedSequencePoints="3" numBranchPoints="7" visitedBranchPoints="7" sequenceCoverage="100" branchCoverage="100" maxCyclomaticComplexity="4" minCyclomaticComplexity="4" maxCrapScore="4" minCrapScore="4" visitedClasses="0" numClasses="0" visitedMethods="1" numMethods="1" />
              <MetadataToken>100663306</MetadataToken>
              <Name>System.Collections.Generic.IDictionary`2&lt;HardwareAccess.Models.ComputerResource,HardwareAccess.Connectors.ConnectorBase&gt; HardwareManipulation.DataManager::GetAvailableTargets_Internal()</Name>
              <FileRef uid="1" />
              <SequencePoints>
                <SequencePoint vc="5" uspid="107" ordinal="0" offset="0" sl="110" sc="9" el="110" ec="10" bec="0" bev="0" fileid="1" />
                <SequencePoint vc="5" uspid="108" ordinal="1" offset="1" sl="111" sc="13" el="111" ec="125" bec="6" bev="6" fileid="1" />
                <SequencePoint vc="5" uspid="109" ordinal="2" offset="113" sl="112" sc="9" el="112" ec="10" bec="0" bev="0" fileid="1" />
              </SequencePoints>
              <BranchPoints>
                <BranchPoint vc="1" uspid="110" ordinal="0" offset="13" sl="111" path="0" offsetend="15" fileid="1" />
                <BranchPoint vc="4" uspid="111" ordinal="1" offset="13" sl="111" path="1" offsetend="38" fileid="1" />
                <BranchPoint vc="1" uspid="112" ordinal="2" offset="49" sl="111" path="0" offsetend="51" fileid="1" />
                <BranchPoint vc="4" uspid="113" ordinal="3" offset="49" sl="111" path="1" offsetend="74" fileid="1" />
                <BranchPoint vc="1" uspid="114" ordinal="4" offset="80" sl="111" path="0" offsetend="82" fileid="1" />
                <BranchPoint vc="4" uspid="115" ordinal="5" offset="80" sl="111" path="1" offsetend="105" fileid="1" />
              </BranchPoints>
              <MethodPoint xsi:type="SequencePoint" vc="5" uspid="107" ordinal="0" offset="0" sl="110" sc="9" el="110" ec="10" bec="0" bev="0" fileid="1" />
            </Method>
            <Method visited="true" cyclomaticComplexity="7" nPathComplexity="16" sequenceCoverage="100" branchCoverage="100" crapScore="7" isConstructor="false" isStatic="false" isGetter="false" isSetter="false">
              <Summary numSequencePoints="18" visitedSequencePoints="18" numBranchPoints="9" visitedBranchPoints="9" sequenceCoverage="100" branchCoverage="100" maxCyclomaticComplexity="7" minCyclomaticComplexity="7" maxCrapScore="7" minCrapScore="7" visitedClasses="0" numClasses="0" visitedMethods="1" numMethods="1" />
              <MetadataToken>100663307</MetadataToken>
              <Name>System.Void HardwareManipulation.DataManager::SetAvailableTargets_Internal()</Name>
              <FileRef uid="1" />
              <SequencePoints>
                <SequencePoint vc="9" uspid="116" ordinal="0" offset="0" sl="115" sc="9" el="115" ec="10" bec="0" bev="0" fileid="1" />
                <SequencePoint vc="9" uspid="117" ordinal="1" offset="1" sl="117" sc="13" el="117" ec="171" bec="6" bev="6" fileid="1" />
                <SequencePoint vc="9" uspid="118" ordinal="2" offset="111" sl="119" sc="13" el="119" ec="20" bec="0" bev="0" fileid="1" />
                <SequencePoint vc="9" uspid="119" ordinal="3" offset="112" sl="119" sc="36" el="119" ec="43" bec="0" bev="0" fileid="1" />
                <SequencePoint vc="96" uspid="120" ordinal="4" offset="127" sl="119" sc="22" el="119" ec="32" bec="0" bev="0" fileid="1" />
                <SequencePoint vc="96" uspid="121" ordinal="5" offset="139" sl="120" sc="13" el="120" ec="14" bec="0" bev="0" fileid="1" />
                <SequencePoint vc="96" uspid="122" ordinal="6" offset="140" sl="122" sc="17" el="122" ec="18" bec="0" bev="0" fileid="1" />
                <SequencePoint vc="96" uspid="123" ordinal="7" offset="141" sl="123" sc="21" el="123" ec="75" bec="0" bev="0" fileid="1" />
                <SequencePoint vc="86" uspid="124" ordinal="8" offset="159" sl="124" sc="21" el="124" ec="43" bec="2" bev="2" fileid="1" />
                <SequencePoint vc="51" uspid="125" ordinal="9" offset="169" sl="124" sc="44" el="124" ec="104" bec="0" bev="0" fileid="1" />
                <SequencePoint vc="35" uspid="126" ordinal="10" offset="186" sl="125" sc="17" el="125" ec="18" bec="0" bev="0" fileid="1" />
                <SequencePoint vc="61" uspid="127" ordinal="11" offset="189" sl="126" sc="17" el="126" ec="36" bec="0" bev="0" fileid="1" />
                <SequencePoint vc="61" uspid="128" ordinal="12" offset="191" sl="126" sc="37" el="126" ec="38" bec="0" bev="0" fileid="1" />
                <SequencePoint vc="61" uspid="129" ordinal="13" offset="192" sl="126" sc="39" el="126" ec="117" bec="0" bev="0" fileid="1" />
                <SequencePoint vc="61" uspid="130" ordinal="14" offset="232" sl="126" sc="118" el="126" ec="119" bec="0" bev="0" fileid="1" />
                <SequencePoint vc="96" uspid="131" ordinal="15" offset="235" sl="127" sc="13" el="127" ec="14" bec="0" bev="0" fileid="1" />
                <SequencePoint vc="105" uspid="132" ordinal="16" offset="236" sl="119" sc="33" el="119" ec="35" bec="0" bev="0" fileid="1" />
                <SequencePoint vc="9" uspid="133" ordinal="17" offset="257" sl="128" sc="9" el="128" ec="10" bec="0" bev="0" fileid="1" />
              </SequencePoints>
              <BranchPoints>
                <BranchPoint vc="4" uspid="134" ordinal="0" offset="7" sl="117" path="0" offsetend="9" fileid="1" />
                <BranchPoint vc="5" uspid="135" ordinal="1" offset="7" sl="117" path="1" offsetend="94" fileid="1" />
                <BranchPoint vc="1" uspid="136" ordinal="2" offset="21" sl="117" path="0" offsetend="23" fileid="1" />
                <BranchPoint vc="3" uspid="137" ordinal="3" offset="21" sl="117" path="1" offsetend="46" fileid="1" />
                <BranchPoint vc="1" uspid="138" ordinal="4" offset="57" sl="117" path="0" offsetend="59" fileid="1" />
                <BranchPoint vc="3" uspid="139" ordinal="5" offset="57" sl="117" path="1" offsetend="82" fileid="1" />
                <BranchPoint vc="51" uspid="140" ordinal="6" offset="167" sl="124" path="0" offsetend="169" fileid="1" />
                <BranchPoint vc="35" uspid="141" ordinal="7" offset="167" sl="124" path="1" offsetend="186" fileid="1" />
              </BranchPoints>
              <MethodPoint xsi:type="SequencePoint" vc="9" uspid="116" ordinal="0" offset="0" sl="115" sc="9" el="115" ec="10" bec="0" bev="0" fileid="1" />
            </Method>
            <Method visited="true" cyclomaticComplexity="2" nPathComplexity="0" sequenceCoverage="100" branchCoverage="100" crapScore="2" isConstructor="false" isStatic="false" isGetter="false" isSetter="false">
              <Summary numSequencePoints="10" visitedSequencePoints="10" numBranchPoints="1" visitedBranchPoints="1" sequenceCoverage="100" branchCoverage="100" maxCyclomaticComplexity="2" minCyclomaticComplexity="2" maxCrapScore="2" minCrapScore="2" visitedClasses="0" numClasses="0" visitedMethods="1" numMethods="1" />
              <MetadataToken>100663308</MetadataToken>
              <Name>System.Void HardwareManipulation.DataManager::SetMonitoringTargets(System.String)</Name>
              <FileRef uid="1" />
              <SequencePoints>
                <SequencePoint vc="9" uspid="144" ordinal="0" offset="0" sl="131" sc="9" el="131" ec="10" bec="0" bev="0" fileid="1" />
                <SequencePoint vc="9" uspid="145" ordinal="1" offset="1" sl="132" sc="13" el="132" ec="83" bec="0" bev="0" fileid="1" />
                <SequencePoint vc="9" uspid="146" ordinal="2" offset="12" sl="133" sc="13" el="133" ec="110" bec="0" bev="0" fileid="1" />
                <SequencePoint vc="9" uspid="147" ordinal="3" offset="25" sl="134" sc="13" el="134" ec="20" bec="0" bev="0" fileid="1" />
                <SequencePoint vc="9" uspid="148" ordinal="4" offset="26" sl="134" sc="39" el="134" ec="69" bec="0" bev="0" fileid="1" />
                <SequencePoint vc="105" uspid="149" ordinal="5" offset="40" sl="134" sc="22" el="134" ec="35" bec="0" bev="0" fileid="1" />
                <SequencePoint vc="105" uspid="150" ordinal="6" offset="48" sl="134" sc="71" el="134" ec="110" bec="0" bev="0" fileid="1" />
                <SequencePoint vc="114" uspid="151" ordinal="7" offset="62" sl="134" sc="36" el="134" ec="38" bec="0" bev="0" fileid="1" />
                <SequencePoint vc="9" uspid="152" ordinal="8" offset="88" sl="135" sc="13" el="135" ec="76" bec="0" bev="0" fileid="1" />
                <SequencePoint vc="9" uspid="153" ordinal="9" offset="100" sl="136" sc="9" el="136" ec="10" bec="0" bev="0" fileid="1" />
              </SequencePoints>
              <BranchPoints />
              <MethodPoint xsi:type="SequencePoint" vc="9" uspid="144" ordinal="0" offset="0" sl="131" sc="9" el="131" ec="10" bec="0" bev="0" fileid="1" />
            </Method>
            <Method visited="true" cyclomaticComplexity="2" nPathComplexity="2" sequenceCoverage="100" branchCoverage="100" crapScore="2" isConstructor="false" isStatic="false" isGetter="false" isSetter="false">
              <Summary numSequencePoints="1" visitedSequencePoints="1" numBranchPoints="3" visitedBranchPoints="3" sequenceCoverage="100" branchCoverage="100" maxCyclomaticComplexity="2" minCyclomaticComplexity="2" maxCrapScore="2" minCrapScore="2" visitedClasses="0" numClasses="0" visitedMethods="1" numMethods="1" />
              <MetadataToken>100663309</MetadataToken>
              <Name>System.Boolean HardwareManipulation.DataManager::&lt;GetInitialTargets&gt;b__10_0(System.Collections.Generic.KeyValuePair`2&lt;HardwareAccess.Models.ComputerResource,HardwareAccess.Connectors.ConnectorBase&gt;)</Name>
              <FileRef uid="1" />
              <SequencePoints>
                <SequencePoint vc="60" uspid="156" ordinal="0" offset="0" sl="80" sc="51" el="81" ec="95" bec="2" bev="2" fileid="1" />
              </SequencePoints>
              <BranchPoints>
                <BranchPoint vc="10" uspid="157" ordinal="0" offset="23" sl="80" path="0" offsetend="25" fileid="1" />
                <BranchPoint vc="50" uspid="158" ordinal="1" offset="23" sl="80" path="1" offsetend="42" fileid="1" />
              </BranchPoints>
              <MethodPoint xsi:type="SequencePoint" vc="60" uspid="156" ordinal="0" offset="0" sl="80" sc="51" el="81" ec="95" bec="2" bev="2" fileid="1" />
            </Method>
          </Methods>
        </Class>
        <Class>
          <Summary numSequencePoints="1" visitedSequencePoints="1" numBranchPoints="1" visitedBranchPoints="1" sequenceCoverage="100" branchCoverage="100" maxCyclomaticComplexity="1" minCyclomaticComplexity="1" maxCrapScore="2" minCrapScore="1" visitedClasses="1" numClasses="1" visitedMethods="1" numMethods="1" />
          <FullName>HardwareManipulation.DataManager/&lt;&gt;c__DisplayClass7_0</FullName>
          <Methods>
            <Method visited="false" cyclomaticComplexity="1" nPathComplexity="0" sequenceCoverage="0" branchCoverage="0" crapScore="2" isConstructor="true" isStatic="false" isGetter="false" isSetter="false">
              <Summary numSequencePoints="0" visitedSequencePoints="0" numBranchPoints="0" visitedBranchPoints="0" sequenceCoverage="0" branchCoverage="0" maxCyclomaticComplexity="1" minCyclomaticComplexity="1" maxCrapScore="2" minCrapScore="2" visitedClasses="0" numClasses="0" visitedMethods="0" numMethods="0" />
              <MetadataToken>100663432</MetadataToken>
              <Name>System.Void HardwareManipulation.DataManager/&lt;&gt;c__DisplayClass7_0::.ctor()</Name>
              <SequencePoints />
              <BranchPoints />
              <MethodPoint vc="0" uspid="159" ordinal="0" offset="0" />
            </Method>
            <Method visited="true" cyclomaticComplexity="1" nPathComplexity="0" sequenceCoverage="100" branchCoverage="100" crapScore="1" isConstructor="false" isStatic="false" isGetter="false" isSetter="false">
              <Summary numSequencePoints="1" visitedSequencePoints="1" numBranchPoints="1" visitedBranchPoints="1" sequenceCoverage="100" branchCoverage="100" maxCyclomaticComplexity="1" minCyclomaticComplexity="1" maxCrapScore="1" minCrapScore="1" visitedClasses="0" numClasses="0" visitedMethods="1" numMethods="1" />
              <MetadataToken>100663433</MetadataToken>
              <Name>System.Boolean HardwareManipulation.DataManager/&lt;&gt;c__DisplayClass7_0::&lt;GetCalculatedValue&gt;b__0(System.Collections.Generic.KeyValuePair`2&lt;HardwareAccess.Models.ComputerResource,HardwareAccess.Connectors.ConnectorBase&gt;)</Name>
              <FileRef uid="1" />
              <SequencePoints>
                <SequencePoint vc="1707" uspid="160" ordinal="0" offset="0" sl="41" sc="70" el="41" ec="98" bec="0" bev="0" fileid="1" />
              </SequencePoints>
              <BranchPoints />
              <MethodPoint xsi:type="SequencePoint" vc="1707" uspid="160" ordinal="0" offset="0" sl="41" sc="70" el="41" ec="98" bec="0" bev="0" fileid="1" />
            </Method>
          </Methods>
        </Class>
        <Class>
          <Summary numSequencePoints="1" visitedSequencePoints="1" numBranchPoints="3" visitedBranchPoints="2" sequenceCoverage="100" branchCoverage="66.67" maxCyclomaticComplexity="2" minCyclomaticComplexity="1" maxCrapScore="2" minCrapScore="2" visitedClasses="1" numClasses="1" visitedMethods="1" numMethods="1" />
          <FullName>HardwareManipulation.DataManager/&lt;&gt;c__DisplayClass8_0</FullName>
          <Methods>
            <Method visited="false" cyclomaticComplexity="1" nPathComplexity="0" sequenceCoverage="0" branchCoverage="0" crapScore="2" isConstructor="true" isStatic="false" isGetter="false" isSetter="false">
              <Summary numSequencePoints="0" visitedSequencePoints="0" numBranchPoints="0" visitedBranchPoints="0" sequenceCoverage="0" branchCoverage="0" maxCyclomaticComplexity="1" minCyclomaticComplexity="1" maxCrapScore="2" minCrapScore="2" visitedClasses="0" numClasses="0" visitedMethods="0" numMethods="0" />
              <MetadataToken>100663434</MetadataToken>
              <Name>System.Void HardwareManipulation.DataManager/&lt;&gt;c__DisplayClass8_0::.ctor()</Name>
              <SequencePoints />
              <BranchPoints />
              <MethodPoint vc="0" uspid="161" ordinal="0" offset="0" />
            </Method>
            <Method visited="true" cyclomaticComplexity="2" nPathComplexity="2" sequenceCoverage="100" branchCoverage="66.67" crapScore="2" isConstructor="false" isStatic="false" isGetter="false" isSetter="false">
              <Summary numSequencePoints="1" visitedSequencePoints="1" numBranchPoints="3" visitedBranchPoints="2" sequenceCoverage="100" branchCoverage="66.67" maxCyclomaticComplexity="2" minCyclomaticComplexity="2" maxCrapScore="2" minCrapScore="2" visitedClasses="0" numClasses="0" visitedMethods="1" numMethods="1" />
              <MetadataToken>100663435</MetadataToken>
              <Name>System.Boolean HardwareManipulation.DataManager/&lt;&gt;c__DisplayClass8_0::&lt;GetCalculatedValues&gt;b__0(System.Collections.Generic.KeyValuePair`2&lt;HardwareAccess.Models.ComputerResource,HardwareAccess.Connectors.ConnectorBase&gt;)</Name>
              <FileRef uid="1" />
              <SequencePoints>
                <SequencePoint vc="4" uspid="162" ordinal="0" offset="0" sl="64" sc="65" el="64" ec="123" bec="2" bev="1" fileid="1" />
              </SequencePoints>
              <BranchPoints>
                <BranchPoint vc="4" uspid="163" ordinal="0" offset="7" sl="64" path="0" offsetend="9" fileid="1" />
                <BranchPoint vc="0" uspid="164" ordinal="1" offset="7" sl="64" path="1" offsetend="37" fileid="1" />
              </BranchPoints>
              <MethodPoint xsi:type="SequencePoint" vc="4" uspid="162" ordinal="0" offset="0" sl="64" sc="65" el="64" ec="123" bec="2" bev="1" fileid="1" />
            </Method>
          </Methods>
        </Class>
        <Class>
          <Summary numSequencePoints="16" visitedSequencePoints="16" numBranchPoints="32" visitedBranchPoints="26" sequenceCoverage="100" branchCoverage="81.25" maxCyclomaticComplexity="6" minCyclomaticComplexity="1" maxCrapScore="6" minCrapScore="1" visitedClasses="1" numClasses="1" visitedMethods="16" numMethods="16" />
          <FullName>HardwareManipulation.DataManager/&lt;&gt;c</FullName>
          <Methods>
            <Method visited="false" cyclomaticComplexity="1" nPathComplexity="0" sequenceCoverage="0" branchCoverage="0" crapScore="2" isConstructor="true" isStatic="true" isGetter="false" isSetter="false">
              <Summary numSequencePoints="0" visitedSequencePoints="0" numBranchPoints="0" visitedBranchPoints="0" sequenceCoverage="0" branchCoverage="0" maxCyclomaticComplexity="1" minCyclomaticComplexity="1" maxCrapScore="2" minCrapScore="2" visitedClasses="0" numClasses="0" visitedMethods="0" numMethods="0" />
              <MetadataToken>100663436</MetadataToken>
              <Name>System.Void HardwareManipulation.DataManager/&lt;&gt;c::.cctor()</Name>
              <SequencePoints />
              <BranchPoints />
              <MethodPoint vc="0" uspid="165" ordinal="0" offset="0" />
            </Method>
            <Method visited="false" cyclomaticComplexity="1" nPathComplexity="0" sequenceCoverage="0" branchCoverage="0" crapScore="2" isConstructor="true" isStatic="false" isGetter="false" isSetter="false">
              <Summary numSequencePoints="0" visitedSequencePoints="0" numBranchPoints="0" visitedBranchPoints="0" sequenceCoverage="0" branchCoverage="0" maxCyclomaticComplexity="1" minCyclomaticComplexity="1" maxCrapScore="2" minCrapScore="2" visitedClasses="0" numClasses="0" visitedMethods="0" numMethods="0" />
              <MetadataToken>100663437</MetadataToken>
              <Name>System.Void HardwareManipulation.DataManager/&lt;&gt;c::.ctor()</Name>
              <SequencePoints />
              <BranchPoints />
              <MethodPoint vc="0" uspid="166" ordinal="0" offset="0" />
            </Method>
            <Method visited="true" cyclomaticComplexity="1" nPathComplexity="0" sequenceCoverage="100" branchCoverage="100" crapScore="1" isConstructor="false" isStatic="false" isGetter="false" isSetter="false">
              <Summary numSequencePoints="1" visitedSequencePoints="1" numBranchPoints="1" visitedBranchPoints="1" sequenceCoverage="100" branchCoverage="100" maxCyclomaticComplexity="1" minCyclomaticComplexity="1" maxCrapScore="1" minCrapScore="1" visitedClasses="0" numClasses="0" visitedMethods="1" numMethods="1" />
              <MetadataToken>100663438</MetadataToken>
              <Name>HardwareAccess.Models.ComputerResource HardwareManipulation.DataManager/&lt;&gt;c::&lt;GetCalculatedValues&gt;b__8_1(System.Collections.Generic.KeyValuePair`2&lt;HardwareAccess.Models.ComputerResource,HardwareAccess.Connectors.ConnectorBase&gt;)</Name>
              <FileRef uid="1" />
              <SequencePoints>
                <SequencePoint vc="3" uspid="167" ordinal="0" offset="0" sl="65" sc="72" el="65" ec="79" bec="0" bev="0" fileid="1" />
              </SequencePoints>
              <BranchPoints />
              <MethodPoint xsi:type="SequencePoint" vc="3" uspid="167" ordinal="0" offset="0" sl="65" sc="72" el="65" ec="79" bec="0" bev="0" fileid="1" />
            </Method>
            <Method visited="true" cyclomaticComplexity="1" nPathComplexity="0" sequenceCoverage="100" branchCoverage="100" crapScore="1" isConstructor="false" isStatic="false" isGetter="false" isSetter="false">
              <Summary numSequencePoints="1" visitedSequencePoints="1" numBranchPoints="1" visitedBranchPoints="1" sequenceCoverage="100" branchCoverage="100" maxCyclomaticComplexity="1" minCyclomaticComplexity="1" maxCrapScore="1" minCrapScore="1" visitedClasses="0" numClasses="0" visitedMethods="1" numMethods="1" />
              <MetadataToken>100663439</MetadataToken>
              <Name>HardwareAccess.Connectors.ConnectorBase HardwareManipulation.DataManager/&lt;&gt;c::&lt;GetCalculatedValues&gt;b__8_2(System.Collections.Generic.KeyValuePair`2&lt;HardwareAccess.Models.ComputerResource,HardwareAccess.Connectors.ConnectorBase&gt;)</Name>
              <FileRef uid="1" />
              <SequencePoints>
                <SequencePoint vc="3" uspid="168" ordinal="0" offset="0" sl="65" sc="88" el="65" ec="97" bec="0" bev="0" fileid="1" />
              </SequencePoints>
              <BranchPoints />
              <MethodPoint xsi:type="SequencePoint" vc="3" uspid="168" ordinal="0" offset="0" sl="65" sc="88" el="65" ec="97" bec="0" bev="0" fileid="1" />
            </Method>
            <Method visited="true" cyclomaticComplexity="5" nPathComplexity="4" sequenceCoverage="100" branchCoverage="60" crapScore="5" isConstructor="false" isStatic="false" isGetter="false" isSetter="false">
              <Summary numSequencePoints="1" visitedSequencePoints="1" numBranchPoints="5" visitedBranchPoints="3" sequenceCoverage="100" branchCoverage="60" maxCyclomaticComplexity="5" minCyclomaticComplexity="5" maxCrapScore="5" minCrapScore="5" visitedClasses="0" numClasses="0" visitedMethods="1" numMethods="1" />
              <MetadataToken>100663440</MetadataToken>
              <Name>System.Boolean HardwareManipulation.DataManager/&lt;&gt;c::&lt;GetAllTargets&gt;b__9_0(System.Collections.Generic.KeyValuePair`2&lt;HardwareAccess.Models.ComputerResource,HardwareAccess.Connectors.ConnectorBase&gt;)</Name>
              <FileRef uid="1" />
              <SequencePoints>
                <SequencePoint vc="4" uspid="169" ordinal="0" offset="0" sl="75" sc="64" el="75" ec="104" bec="4" bev="2" fileid="1" />
              </SequencePoints>
              <BranchPoints>
                <BranchPoint vc="4" uspid="170" ordinal="0" offset="20" sl="75" path="0" offsetend="22" fileid="1" />
                <BranchPoint vc="0" uspid="171" ordinal="1" offset="20" sl="75" path="1" offsetend="33" fileid="1" />
                <BranchPoint vc="4" uspid="172" ordinal="2" offset="56" sl="75" path="0" offsetend="58" fileid="1" />
                <BranchPoint vc="0" uspid="173" ordinal="3" offset="56" sl="75" path="1" offsetend="61" fileid="1" />
              </BranchPoints>
              <MethodPoint xsi:type="SequencePoint" vc="4" uspid="169" ordinal="0" offset="0" sl="75" sc="64" el="75" ec="104" bec="4" bev="2" fileid="1" />
            </Method>
            <Method visited="true" cyclomaticComplexity="1" nPathComplexity="0" sequenceCoverage="100" branchCoverage="100" crapScore="1" isConstructor="false" isStatic="false" isGetter="false" isSetter="false">
              <Summary numSequencePoints="1" visitedSequencePoints="1" numBranchPoints="1" visitedBranchPoints="1" sequenceCoverage="100" branchCoverage="100" maxCyclomaticComplexity="1" minCyclomaticComplexity="1" maxCrapScore="1" minCrapScore="1" visitedClasses="0" numClasses="0" visitedMethods="1" numMethods="1" />
              <MetadataToken>100663441</MetadataToken>
              <Name>HardwareAccess.Enums.MonitoringTarget HardwareManipulation.DataManager/&lt;&gt;c::&lt;GetAllTargets&gt;b__9_1(System.Collections.Generic.KeyValuePair`2&lt;HardwareAccess.Models.ComputerResource,HardwareAccess.Connectors.ConnectorBase&gt;)</Name>
              <FileRef uid="1" />
              <SequencePoints>
                <SequencePoint vc="4" uspid="174" ordinal="0" offset="0" sl="75" sc="120" el="75" ec="138" bec="0" bev="0" fileid="1" />
              </SequencePoints>
              <BranchPoints />
              <MethodPoint xsi:type="SequencePoint" vc="4" uspid="174" ordinal="0" offset="0" sl="75" sc="120" el="75" ec="138" bec="0" bev="0" fileid="1" />
            </Method>
            <Method visited="true" cyclomaticComplexity="1" nPathComplexity="0" sequenceCoverage="100" branchCoverage="100" crapScore="1" isConstructor="false" isStatic="false" isGetter="false" isSetter="false">
              <Summary numSequencePoints="1" visitedSequencePoints="1" numBranchPoints="1" visitedBranchPoints="1" sequenceCoverage="100" branchCoverage="100" maxCyclomaticComplexity="1" minCyclomaticComplexity="1" maxCrapScore="1" minCrapScore="1" visitedClasses="0" numClasses="0" visitedMethods="1" numMethods="1" />
              <MetadataToken>100663442</MetadataToken>
              <Name>HardwareAccess.Enums.MonitoringTarget HardwareManipulation.DataManager/&lt;&gt;c::&lt;GetInitialTargets&gt;b__10_1(System.Collections.Generic.KeyValuePair`2&lt;HardwareAccess.Models.ComputerResource,HardwareAccess.Connectors.ConnectorBase&gt;)</Name>
              <FileRef uid="1" />
              <SequencePoints>
                <SequencePoint vc="8" uspid="175" ordinal="0" offset="0" sl="82" sc="52" el="82" ec="70" bec="0" bev="0" fileid="1" />
              </SequencePoints>
              <BranchPoints />
              <MethodPoint xsi:type="SequencePoint" vc="8" uspid="175" ordinal="0" offset="0" sl="82" sc="52" el="82" ec="70" bec="0" bev="0" fileid="1" />
            </Method>
            <Method visited="true" cyclomaticComplexity="6" nPathComplexity="8" sequenceCoverage="100" branchCoverage="71.43" crapScore="6" isConstructor="false" isStatic="false" isGetter="false" isSetter="false">
              <Summary numSequencePoints="1" visitedSequencePoints="1" numBranchPoints="7" visitedBranchPoints="5" sequenceCoverage="100" branchCoverage="71.43" maxCyclomaticComplexity="6" minCyclomaticComplexity="6" maxCrapScore="6" minCrapScore="6" visitedClasses="0" numClasses="0" visitedMethods="1" numMethods="1" />
              <MetadataToken>100663443</MetadataToken>
              <Name>System.Boolean HardwareManipulation.DataManager/&lt;&gt;c::&lt;GetLocalTargets&gt;b__11_0(System.Collections.Generic.KeyValuePair`2&lt;HardwareAccess.Models.ComputerResource,HardwareAccess.Connectors.ConnectorBase&gt;)</Name>
              <FileRef uid="1" />
              <SequencePoints>
                <SequencePoint vc="5" uspid="176" ordinal="0" offset="0" sl="87" sc="64" el="87" ec="125" bec="6" bev="4" fileid="1" />
              </SequencePoints>
              <BranchPoints>
                <BranchPoint vc="3" uspid="177" ordinal="0" offset="12" sl="87" path="0" offsetend="14" fileid="1" />
                <BranchPoint vc="2" uspid="178" ordinal="1" offset="12" sl="87" path="1" offsetend="84" fileid="1" />
                <BranchPoint vc="0" uspid="179" ordinal="2" offset="34" sl="87" path="0" offsetend="36" fileid="1" />
                <BranchPoint vc="3" uspid="180" ordinal="3" offset="34" sl="87" path="1" offsetend="47" fileid="1" />
                <BranchPoint vc="0" uspid="181" ordinal="4" offset="70" sl="87" path="0" offsetend="72" fileid="1" />
                <BranchPoint vc="3" uspid="182" ordinal="5" offset="70" sl="87" path="1" offsetend="75" fileid="1" />
              </BranchPoints>
              <MethodPoint xsi:type="SequencePoint" vc="5" uspid="176" ordinal="0" offset="0" sl="87" sc="64" el="87" ec="125" bec="6" bev="4" fileid="1" />
            </Method>
            <Method visited="true" cyclomaticComplexity="1" nPathComplexity="0" sequenceCoverage="100" branchCoverage="100" crapScore="1" isConstructor="false" isStatic="false" isGetter="false" isSetter="false">
              <Summary numSequencePoints="1" visitedSequencePoints="1" numBranchPoints="1" visitedBranchPoints="1" sequenceCoverage="100" branchCoverage="100" maxCyclomaticComplexity="1" minCyclomaticComplexity="1" maxCrapScore="1" minCrapScore="1" visitedClasses="0" numClasses="0" visitedMethods="1" numMethods="1" />
              <MetadataToken>100663444</MetadataToken>
              <Name>HardwareAccess.Enums.MonitoringTarget HardwareManipulation.DataManager/&lt;&gt;c::&lt;GetLocalTargets&gt;b__11_1(System.Collections.Generic.KeyValuePair`2&lt;HardwareAccess.Models.ComputerResource,HardwareAccess.Connectors.ConnectorBase&gt;)</Name>
              <FileRef uid="1" />
              <SequencePoints>
                <SequencePoint vc="3" uspid="183" ordinal="0" offset="0" sl="88" sc="65" el="88" ec="83" bec="0" bev="0" fileid="1" />
              </SequencePoints>
              <BranchPoints />
              <MethodPoint xsi:type="SequencePoint" vc="3" uspid="183" ordinal="0" offset="0" sl="88" sc="65" el="88" ec="83" bec="0" bev="0" fileid="1" />
            </Method>
            <Method visited="true" cyclomaticComplexity="6" nPathComplexity="8" sequenceCoverage="100" branchCoverage="71.43" crapScore="6" isConstructor="false" isStatic="false" isGetter="false" isSetter="false">
              <Summary numSequencePoints="1" visitedSequencePoints="1" numBranchPoints="7" visitedBranchPoints="5" sequenceCoverage="100" branchCoverage="71.43" maxCyclomaticComplexity="6" minCyclomaticComplexity="6" maxCrapScore="6" minCrapScore="6" visitedClasses="0" numClasses="0" visitedMethods="1" numMethods="1" />
              <MetadataToken>100663445</MetadataToken>
              <Name>System.Boolean HardwareManipulation.DataManager/&lt;&gt;c::&lt;GetRemoteTargets&gt;b__12_0(System.Collections.Generic.KeyValuePair`2&lt;HardwareAccess.Models.ComputerResource,HardwareAccess.Connectors.ConnectorBase&gt;)</Name>
              <FileRef uid="1" />
              <SequencePoints>
                <SequencePoint vc="8" uspid="184" ordinal="0" offset="0" sl="93" sc="64" el="93" ec="124" bec="6" bev="4" fileid="1" />
              </SequencePoints>
              <BranchPoints>
                <BranchPoint vc="3" uspid="185" ordinal="0" offset="12" sl="93" path="0" offsetend="14" fileid="1" />
                <BranchPoint vc="5" uspid="186" ordinal="1" offset="12" sl="93" path="1" offsetend="84" fileid="1" />
                <BranchPoint vc="0" uspid="187" ordinal="2" offset="34" sl="93" path="0" offsetend="36" fileid="1" />
                <BranchPoint vc="3" uspid="188" ordinal="3" offset="34" sl="93" path="1" offsetend="47" fileid="1" />
                <BranchPoint vc="0" uspid="189" ordinal="4" offset="70" sl="93" path="0" offsetend="72" fileid="1" />
                <BranchPoint vc="3" uspid="190" ordinal="5" offset="70" sl="93" path="1" offsetend="75" fileid="1" />
              </BranchPoints>
              <MethodPoint xsi:type="SequencePoint" vc="8" uspid="184" ordinal="0" offset="0" sl="93" sc="64" el="93" ec="124" bec="6" bev="4" fileid="1" />
            </Method>
            <Method visited="true" cyclomaticComplexity="1" nPathComplexity="0" sequenceCoverage="100" branchCoverage="100" crapScore="1" isConstructor="false" isStatic="false" isGetter="false" isSetter="false">
              <Summary numSequencePoints="1" visitedSequencePoints="1" numBranchPoints="1" visitedBranchPoints="1" sequenceCoverage="100" branchCoverage="100" maxCyclomaticComplexity="1" minCyclomaticComplexity="1" maxCrapScore="1" minCrapScore="1" visitedClasses="0" numClasses="0" visitedMethods="1" numMethods="1" />
              <MetadataToken>100663446</MetadataToken>
              <Name>HardwareAccess.Enums.MonitoringTarget HardwareManipulation.DataManager/&lt;&gt;c::&lt;GetRemoteTargets&gt;b__12_1(System.Collections.Generic.KeyValuePair`2&lt;HardwareAccess.Models.ComputerResource,HardwareAccess.Connectors.ConnectorBase&gt;)</Name>
              <FileRef uid="1" />
              <SequencePoints>
                <SequencePoint vc="3" uspid="191" ordinal="0" offset="0" sl="94" sc="65" el="94" ec="83" bec="0" bev="0" fileid="1" />
              </SequencePoints>
              <BranchPoints />
              <MethodPoint xsi:type="SequencePoint" vc="3" uspid="191" ordinal="0" offset="0" sl="94" sc="65" el="94" ec="83" bec="0" bev="0" fileid="1" />
            </Method>
            <Method visited="true" cyclomaticComplexity="1" nPathComplexity="0" sequenceCoverage="100" branchCoverage="100" crapScore="1" isConstructor="false" isStatic="false" isGetter="false" isSetter="false">
              <Summary numSequencePoints="1" visitedSequencePoints="1" numBranchPoints="1" visitedBranchPoints="1" sequenceCoverage="100" branchCoverage="100" maxCyclomaticComplexity="1" minCyclomaticComplexity="1" maxCrapScore="1" minCrapScore="1" visitedClasses="0" numClasses="0" visitedMethods="1" numMethods="1" />
              <MetadataToken>100663447</MetadataToken>
              <Name>System.Boolean HardwareManipulation.DataManager/&lt;&gt;c::&lt;IsRemoteMonitoringEnabled&gt;b__13_1(System.Collections.Generic.KeyValuePair`2&lt;HardwareAccess.Models.ComputerResource,HardwareAccess.Connectors.ConnectorBase&gt;)</Name>
              <FileRef uid="1" />
              <SequencePoints>
                <SequencePoint vc="119" uspid="192" ordinal="0" offset="0" sl="99" sc="115" el="99" ec="131" bec="0" bev="0" fileid="1" />
              </SequencePoints>
              <BranchPoints />
              <MethodPoint xsi:type="SequencePoint" vc="119" uspid="192" ordinal="0" offset="0" sl="99" sc="115" el="99" ec="131" bec="0" bev="0" fileid="1" />
            </Method>
            <Method visited="true" cyclomaticComplexity="1" nPathComplexity="0" sequenceCoverage="100" branchCoverage="100" crapScore="1" isConstructor="false" isStatic="false" isGetter="false" isSetter="false">
              <Summary numSequencePoints="1" visitedSequencePoints="1" numBranchPoints="1" visitedBranchPoints="1" sequenceCoverage="100" branchCoverage="100" maxCyclomaticComplexity="1" minCyclomaticComplexity="1" maxCrapScore="1" minCrapScore="1" visitedClasses="0" numClasses="0" visitedMethods="1" numMethods="1" />
              <MetadataToken>100663448</MetadataToken>
              <Name>System.Boolean HardwareManipulation.DataManager/&lt;&gt;c::&lt;IsRemoteMonitoringEnabled&gt;b__13_0(System.Collections.Generic.KeyValuePair`2&lt;HardwareAccess.Models.ComputerResource,HardwareAccess.Connectors.ConnectorBase&gt;)</Name>
              <FileRef uid="1" />
              <SequencePoints>
                <SequencePoint vc="25" uspid="193" ordinal="0" offset="0" sl="104" sc="49" el="104" ec="65" bec="0" bev="0" fileid="1" />
              </SequencePoints>
              <BranchPoints />
              <MethodPoint xsi:type="SequencePoint" vc="25" uspid="193" ordinal="0" offset="0" sl="104" sc="49" el="104" ec="65" bec="0" bev="0" fileid="1" />
            </Method>
            <Method visited="true" cyclomaticComplexity="1" nPathComplexity="0" sequenceCoverage="100" branchCoverage="100" crapScore="1" isConstructor="false" isStatic="false" isGetter="false" isSetter="false">
              <Summary numSequencePoints="1" visitedSequencePoints="1" numBranchPoints="1" visitedBranchPoints="1" sequenceCoverage="100" branchCoverage="100" maxCyclomaticComplexity="1" minCyclomaticComplexity="1" maxCrapScore="1" minCrapScore="1" visitedClasses="0" numClasses="0" visitedMethods="1" numMethods="1" />
              <MetadataToken>100663449</MetadataToken>
              <Name>System.Boolean HardwareManipulation.DataManager/&lt;&gt;c::&lt;GetAvailableTargets_Internal&gt;b__14_0(System.Collections.Generic.KeyValuePair`2&lt;HardwareAccess.Models.ComputerResource,HardwareAccess.Connectors.ConnectorBase&gt;)</Name>
              <FileRef uid="1" />
              <SequencePoints>
                <SequencePoint vc="53" uspid="194" ordinal="0" offset="0" sl="111" sc="51" el="111" ec="76" bec="0" bev="0" fileid="1" />
              </SequencePoints>
              <BranchPoints />
              <MethodPoint xsi:type="SequencePoint" vc="53" uspid="194" ordinal="0" offset="0" sl="111" sc="51" el="111" ec="76" bec="0" bev="0" fileid="1" />
            </Method>
            <Method visited="true" cyclomaticComplexity="1" nPathComplexity="0" sequenceCoverage="100" branchCoverage="100" crapScore="1" isConstructor="false" isStatic="false" isGetter="false" isSetter="false">
              <Summary numSequencePoints="1" visitedSequencePoints="1" numBranchPoints="1" visitedBranchPoints="1" sequenceCoverage="100" branchCoverage="100" maxCyclomaticComplexity="1" minCyclomaticComplexity="1" maxCrapScore="1" minCrapScore="1" visitedClasses="0" numClasses="0" visitedMethods="1" numMethods="1" />
              <MetadataToken>100663450</MetadataToken>
              <Name>HardwareAccess.Models.ComputerResource HardwareManipulation.DataManager/&lt;&gt;c::&lt;GetAvailableTargets_Internal&gt;b__14_1(System.Collections.Generic.KeyValuePair`2&lt;HardwareAccess.Models.ComputerResource,HardwareAccess.Connectors.ConnectorBase&gt;)</Name>
              <FileRef uid="1" />
              <SequencePoints>
                <SequencePoint vc="14" uspid="195" ordinal="0" offset="0" sl="111" sc="98" el="111" ec="105" bec="0" bev="0" fileid="1" />
              </SequencePoints>
              <BranchPoints />
              <MethodPoint xsi:type="SequencePoint" vc="14" uspid="195" ordinal="0" offset="0" sl="111" sc="98" el="111" ec="105" bec="0" bev="0" fileid="1" />
            </Method>
            <Method visited="true" cyclomaticComplexity="1" nPathComplexity="0" sequenceCoverage="100" branchCoverage="100" crapScore="1" isConstructor="false" isStatic="false" isGetter="false" isSetter="false">
              <Summary numSequencePoints="1" visitedSequencePoints="1" numBranchPoints="1" visitedBranchPoints="1" sequenceCoverage="100" branchCoverage="100" maxCyclomaticComplexity="1" minCyclomaticComplexity="1" maxCrapScore="1" minCrapScore="1" visitedClasses="0" numClasses="0" visitedMethods="1" numMethods="1" />
              <MetadataToken>100663451</MetadataToken>
              <Name>HardwareAccess.Connectors.ConnectorBase HardwareManipulation.DataManager/&lt;&gt;c::&lt;GetAvailableTargets_Internal&gt;b__14_2(System.Collections.Generic.KeyValuePair`2&lt;HardwareAccess.Models.ComputerResource,HardwareAccess.Connectors.ConnectorBase&gt;)</Name>
              <FileRef uid="1" />
              <SequencePoints>
                <SequencePoint vc="14" uspid="196" ordinal="0" offset="0" sl="111" sc="114" el="111" ec="123" bec="0" bev="0" fileid="1" />
              </SequencePoints>
              <BranchPoints />
              <MethodPoint xsi:type="SequencePoint" vc="14" uspid="196" ordinal="0" offset="0" sl="111" sc="114" el="111" ec="123" bec="0" bev="0" fileid="1" />
            </Method>
            <Method visited="true" cyclomaticComplexity="1" nPathComplexity="0" sequenceCoverage="100" branchCoverage="100" crapScore="1" isConstructor="false" isStatic="false" isGetter="false" isSetter="false">
              <Summary numSequencePoints="1" visitedSequencePoints="1" numBranchPoints="1" visitedBranchPoints="1" sequenceCoverage="100" branchCoverage="100" maxCyclomaticComplexity="1" minCyclomaticComplexity="1" maxCrapScore="1" minCrapScore="1" visitedClasses="0" numClasses="0" visitedMethods="1" numMethods="1" />
              <MetadataToken>100663452</MetadataToken>
              <Name>System.Boolean HardwareManipulation.DataManager/&lt;&gt;c::&lt;SetAvailableTargets_Internal&gt;b__15_0(System.Collections.Generic.KeyValuePair`2&lt;HardwareAccess.Models.ComputerResource,HardwareAccess.Connectors.ConnectorBase&gt;)</Name>
              <FileRef uid="1" />
              <SequencePoints>
                <SequencePoint vc="85" uspid="197" ordinal="0" offset="0" sl="117" sc="120" el="117" ec="137" bec="0" bev="0" fileid="1" />
              </SequencePoints>
              <BranchPoints />
              <MethodPoint xsi:type="SequencePoint" vc="85" uspid="197" ordinal="0" offset="0" sl="117" sc="120" el="117" ec="137" bec="0" bev="0" fileid="1" />
            </Method>
            <Method visited="true" cyclomaticComplexity="1" nPathComplexity="0" sequenceCoverage="100" branchCoverage="100" crapScore="1" isConstructor="false" isStatic="false" isGetter="false" isSetter="false">
              <Summary numSequencePoints="1" visitedSequencePoints="1" numBranchPoints="1" visitedBranchPoints="1" sequenceCoverage="100" branchCoverage="100" maxCyclomaticComplexity="1" minCyclomaticComplexity="1" maxCrapScore="1" minCrapScore="1" visitedClasses="0" numClasses="0" visitedMethods="1" numMethods="1" />
              <MetadataToken>100663453</MetadataToken>
              <Name>HardwareAccess.Models.ComputerResource HardwareManipulation.DataManager/&lt;&gt;c::&lt;SetAvailableTargets_Internal&gt;b__15_1(System.Collections.Generic.KeyValuePair`2&lt;HardwareAccess.Models.ComputerResource,HardwareAccess.Connectors.ConnectorBase&gt;)</Name>
              <FileRef uid="1" />
              <SequencePoints>
                <SequencePoint vc="76" uspid="198" ordinal="0" offset="0" sl="117" sc="153" el="117" ec="160" bec="0" bev="0" fileid="1" />
              </SequencePoints>
              <BranchPoints />
              <MethodPoint xsi:type="SequencePoint" vc="76" uspid="198" ordinal="0" offset="0" sl="117" sc="153" el="117" ec="160" bec="0" bev="0" fileid="1" />
            </Method>
          </Methods>
        </Class>
        <Class>
          <Summary numSequencePoints="1" visitedSequencePoints="1" numBranchPoints="1" visitedBranchPoints="1" sequenceCoverage="100" branchCoverage="100" maxCyclomaticComplexity="1" minCyclomaticComplexity="1" maxCrapScore="2" minCrapScore="1" visitedClasses="1" numClasses="1" visitedMethods="1" numMethods="1" />
          <FullName>HardwareManipulation.DataManager/&lt;&gt;c__DisplayClass15_0</FullName>
          <Methods>
            <Method visited="false" cyclomaticComplexity="1" nPathComplexity="0" sequenceCoverage="0" branchCoverage="0" crapScore="2" isConstructor="true" isStatic="false" isGetter="false" isSetter="false">
              <Summary numSequencePoints="0" visitedSequencePoints="0" numBranchPoints="0" visitedBranchPoints="0" sequenceCoverage="0" branchCoverage="0" maxCyclomaticComplexity="1" minCyclomaticComplexity="1" maxCrapScore="2" minCrapScore="2" visitedClasses="0" numClasses="0" visitedMethods="0" numMethods="0" />
              <MetadataToken>100663454</MetadataToken>
              <Name>System.Void HardwareManipulation.DataManager/&lt;&gt;c__DisplayClass15_0::.ctor()</Name>
              <SequencePoints />
              <BranchPoints />
              <MethodPoint vc="0" uspid="199" ordinal="0" offset="0" />
            </Method>
            <Method visited="true" cyclomaticComplexity="1" nPathComplexity="0" sequenceCoverage="100" branchCoverage="100" crapScore="1" isConstructor="false" isStatic="false" isGetter="false" isSetter="false">
              <Summary numSequencePoints="1" visitedSequencePoints="1" numBranchPoints="1" visitedBranchPoints="1" sequenceCoverage="100" branchCoverage="100" maxCyclomaticComplexity="1" minCyclomaticComplexity="1" maxCrapScore="1" minCrapScore="1" visitedClasses="0" numClasses="0" visitedMethods="1" numMethods="1" />
              <MetadataToken>100663455</MetadataToken>
              <Name>System.Boolean HardwareManipulation.DataManager/&lt;&gt;c__DisplayClass15_0::&lt;SetAvailableTargets_Internal&gt;b__2(System.Collections.Generic.KeyValuePair`2&lt;HardwareAccess.Models.ComputerResource,HardwareAccess.Connectors.ConnectorBase&gt;)</Name>
              <FileRef uid="1" />
              <SequencePoints>
                <SequencePoint vc="1198" uspid="200" ordinal="0" offset="0" sl="126" sc="80" el="126" ec="97" bec="0" bev="0" fileid="1" />
              </SequencePoints>
              <BranchPoints />
              <MethodPoint xsi:type="SequencePoint" vc="1198" uspid="200" ordinal="0" offset="0" sl="126" sc="80" el="126" ec="97" bec="0" bev="0" fileid="1" />
            </Method>
          </Methods>
        </Class>
        <Class>
          <Summary numSequencePoints="3" visitedSequencePoints="3" numBranchPoints="1" visitedBranchPoints="1" sequenceCoverage="100" branchCoverage="100" maxCyclomaticComplexity="1" minCyclomaticComplexity="1" maxCrapScore="1" minCrapScore="1" visitedClasses="1" numClasses="1" visitedMethods="1" numMethods="1" />
          <FullName>HardwareManipulation.Exceptions.InvalidConnectorException</FullName>
          <Methods>
            <Method visited="true" cyclomaticComplexity="1" nPathComplexity="0" sequenceCoverage="100" branchCoverage="100" crapScore="1" isConstructor="true" isStatic="false" isGetter="false" isSetter="false">
              <Summary numSequencePoints="3" visitedSequencePoints="3" numBranchPoints="1" visitedBranchPoints="1" sequenceCoverage="100" branchCoverage="100" maxCyclomaticComplexity="1" minCyclomaticComplexity="1" maxCrapScore="1" minCrapScore="1" visitedClasses="0" numClasses="0" visitedMethods="1" numMethods="1" />
              <MetadataToken>100663311</MetadataToken>
              <Name>System.Void HardwareManipulation.Exceptions.InvalidConnectorException::.ctor(System.String)</Name>
              <FileRef uid="6" />
              <SequencePoints>
                <SequencePoint vc="1" uspid="201" ordinal="0" offset="0" sl="11" sc="60" el="11" ec="107" bec="0" bev="0" fileid="6" />
                <SequencePoint vc="1" uspid="202" ordinal="1" offset="12" sl="12" sc="9" el="12" ec="10" bec="0" bev="0" fileid="6" />
                <SequencePoint vc="1" uspid="203" ordinal="2" offset="13" sl="14" sc="9" el="14" ec="10" bec="0" bev="0" fileid="6" />
              </SequencePoints>
              <BranchPoints />
              <MethodPoint xsi:type="SequencePoint" vc="1" uspid="201" ordinal="0" offset="0" sl="11" sc="60" el="11" ec="107" bec="0" bev="0" fileid="6" />
            </Method>
          </Methods>
        </Class>
        <Class>
          <Summary numSequencePoints="10" visitedSequencePoints="0" numBranchPoints="10" visitedBranchPoints="0" sequenceCoverage="0" branchCoverage="0" maxCyclomaticComplexity="1" minCyclomaticComplexity="1" maxCrapScore="2" minCrapScore="2" visitedClasses="0" numClasses="1" visitedMethods="0" numMethods="10" />
          <FullName>HardwareAccess.ServerDTOs.Models.ProcessDTO</FullName>
          <Methods>
[...]
                <SequencePoint vc="2" uspid="1202" ordinal="3" offset="15" sl="17" sc="9" el="17" ec="10" bec="0" bev="0" fileid="116" />
              </SequencePoints>
              <BranchPoints />
              <MethodPoint xsi:type="SequencePoint" vc="2" uspid="1199" ordinal="0" offset="0" sl="14" sc="9" el="14" ec="35" bec="0" bev="0" fileid="116" />
            </Method>
            <Method visited="true" cyclomaticComplexity="1" nPathComplexity="0" sequenceCoverage="100" branchCoverage="100" crapScore="1" isConstructor="false" isStatic="false" isGetter="false" isSetter="false">
              <Summary numSequencePoints="9" visitedSequencePoints="9" numBranchPoints="1" visitedBranchPoints="1" sequenceCoverage="100" branchCoverage="100" maxCyclomaticComplexity="1" minCyclomaticComplexity="1" maxCrapScore="1" minCrapScore="1" visitedClasses="0" numClasses="0" visitedMethods="1" numMethods="1" />
              <MetadataToken>100663302</MetadataToken>
              <Name>System.Void Common.Helpers.CommandLineHelper::InitializeProcess()</Name>
              <FileRef uid="116" />
              <SequencePoints>
                <SequencePoint vc="2" uspid="1203" ordinal="0" offset="0" sl="20" sc="9" el="20" ec="10" bec="0" bev="0" fileid="116" />
                <SequencePoint vc="2" uspid="1204" ordinal="1" offset="1" sl="21" sc="13" el="21" ec="42" bec="0" bev="0" fileid="116" />
                <SequencePoint vc="2" uspid="1205" ordinal="2" offset="12" sl="22" sc="13" el="22" ec="57" bec="0" bev="0" fileid="116" />
                <SequencePoint vc="2" uspid="1206" ordinal="3" offset="34" sl="23" sc="13" el="23" ec="60" bec="0" bev="0" fileid="116" />
                <SequencePoint vc="2" uspid="1207" ordinal="4" offset="52" sl="24" sc="13" el="24" ec="65" bec="0" bev="0" fileid="116" />
                <SequencePoint vc="2" uspid="1208" ordinal="5" offset="70" sl="25" sc="13" el="25" ec="66" bec="0" bev="0" fileid="116" />
                <SequencePoint vc="2" uspid="1209" ordinal="6" offset="88" sl="26" sc="13" el="26" ec="65" bec="0" bev="0" fileid="116" />
                <SequencePoint vc="2" uspid="1210" ordinal="7" offset="106" sl="27" sc="13" el="27" ec="58" bec="0" bev="0" fileid="116" />
                <SequencePoint vc="2" uspid="1211" ordinal="8" offset="124" sl="28" sc="9" el="28" ec="10" bec="0" bev="0" fileid="116" />
              </SequencePoints>
              <BranchPoints />
              <MethodPoint xsi:type="SequencePoint" vc="2" uspid="1203" ordinal="0" offset="0" sl="20" sc="9" el="20" ec="10" bec="0" bev="0" fileid="116" />
            </Method>
            <Method visited="true" cyclomaticComplexity="1" nPathComplexity="0" sequenceCoverage="100" branchCoverage="100" crapScore="1" isConstructor="false" isStatic="false" isGetter="false" isSetter="false">
              <Summary numSequencePoints="8" visitedSequencePoints="8" numBranchPoints="1" visitedBranchPoints="1" sequenceCoverage="100" branchCoverage="100" maxCyclomaticComplexity="1" minCyclomaticComplexity="1" maxCrapScore="1" minCrapScore="1" visitedClasses="0" numClasses="0" visitedMethods="1" numMethods="1" />
              <MetadataToken>100663303</MetadataToken>
              <Name>System.IO.StreamReader Common.Helpers.CommandLineHelper::ExecuteCommand(System.String)</Name>
              <FileRef uid="116" />
              <SequencePoints>
                <SequencePoint vc="2" uspid="1212" ordinal="0" offset="0" sl="31" sc="9" el="31" ec="10" bec="0" bev="0" fileid="116" />
                <SequencePoint vc="2" uspid="1213" ordinal="1" offset="1" sl="32" sc="13" el="32" ec="34" bec="0" bev="0" fileid="116" />
                <SequencePoint vc="2" uspid="1214" ordinal="2" offset="13" sl="33" sc="13" el="33" ec="68" bec="0" bev="0" fileid="116" />
                <SequencePoint vc="2" uspid="1215" ordinal="3" offset="31" sl="34" sc="13" el="34" ec="58" bec="0" bev="0" fileid="116" />
                <SequencePoint vc="2" uspid="1216" ordinal="4" offset="53" sl="35" sc="13" el="35" ec="65" bec="0" bev="0" fileid="116" />
                <SequencePoint vc="2" uspid="1217" ordinal="5" offset="65" sl="36" sc="13" el="36" ec="34" bec="0" bev="0" fileid="116" />
                <SequencePoint vc="2" uspid="1218" ordinal="6" offset="77" sl="37" sc="13" el="37" ec="38" bec="0" bev="0" fileid="116" />
                <SequencePoint vc="2" uspid="1219" ordinal="7" offset="81" sl="38" sc="9" el="38" ec="10" bec="0" bev="0" fileid="116" />
              </SequencePoints>
              <BranchPoints />
              <MethodPoint xsi:type="SequencePoint" vc="2" uspid="1212" ordinal="0" offset="0" sl="31" sc="9" el="31" ec="10" bec="0" bev="0" fileid="116" />
            </Method>
          </Methods>
        </Class>
        <Class>
          <Summary numSequencePoints="17" visitedSequencePoints="16" numBranchPoints="3" visitedBranchPoints="2" sequenceCoverage="94.12" branchCoverage="66.67" maxCyclomaticComplexity="3" minCyclomaticComplexity="1" maxCrapScore="3.00" minCrapScore="2" visitedClasses="1" numClasses="1" visitedMethods="1" numMethods="1" />
          <FullName>Common.Helpers.XmlHelper</FullName>
          <Methods>
            <Method visited="true" cyclomaticComplexity="3" nPathComplexity="2" sequenceCoverage="94.12" branchCoverage="66.67" crapScore="3.00" isConstructor="false" isStatic="false" isGetter="false" isSetter="false">
              <Summary numSequencePoints="17" visitedSequencePoints="16" numBranchPoints="3" visitedBranchPoints="2" sequenceCoverage="94.12" branchCoverage="66.67" maxCyclomaticComplexity="3" minCyclomaticComplexity="3" maxCrapScore="3.00" minCrapScore="3.00" visitedClasses="0" numClasses="0" visitedMethods="1" numMethods="1" />
              <MetadataToken>100663304</MetadataToken>
              <Name>T Common.Helpers.XmlHelper::DeserializeConfiguration(System.String)</Name>
              <FileRef uid="117" />
              <SequencePoints>
                <SequencePoint vc="6" uspid="1220" ordinal="0" offset="0" sl="16" sc="9" el="16" ec="10" bec="0" bev="0" fileid="117" />
                <SequencePoint vc="6" uspid="1221" ordinal="1" offset="1" sl="17" sc="13" el="17" ec="41" bec="0" bev="0" fileid="117" />
                <SequencePoint vc="6" uspid="1222" ordinal="2" offset="9" sl="18" sc="13" el="18" ec="51" bec="2" bev="1" fileid="117" />
                <SequencePoint vc="0" uspid="1223" ordinal="3" offset="19" sl="18" sc="52" el="18" ec="70" bec="0" bev="0" fileid="117" />
                <SequencePoint vc="6" uspid="1224" ordinal="4" offset="32" sl="21" sc="13" el="21" ec="14" bec="0" bev="0" fileid="117" />
                <SequencePoint vc="6" uspid="1225" ordinal="5" offset="33" sl="22" sc="17" el="22" ec="73" bec="0" bev="0" fileid="117" />
                <SequencePoint vc="6" uspid="1226" ordinal="6" offset="50" sl="23" sc="24" el="23" ec="69" bec="0" bev="0" fileid="117" />
                <SequencePoint vc="5" uspid="1227" ordinal="7" offset="58" sl="24" sc="17" el="24" ec="18" bec="0" bev="0" fileid="117" />
                <SequencePoint vc="5" uspid="1228" ordinal="8" offset="59" sl="25" sc="21" el="25" ec="73" bec="0" bev="0" fileid="117" />
                <SequencePoint vc="5" uspid="1229" ordinal="9" offset="74" sl="26" sc="17" el="26" ec="18" bec="0" bev="0" fileid="117" />
                <SequencePoint vc="5" uspid="1230" ordinal="10" offset="90" sl="27" sc="13" el="27" ec="14" bec="0" bev="0" fileid="117" />
                <SequencePoint vc="1" uspid="1231" ordinal="11" offset="93" sl="28" sc="13" el="28" ec="32" bec="0" bev="0" fileid="117" />
                <SequencePoint vc="1" uspid="1232" ordinal="12" offset="95" sl="29" sc="13" el="29" ec="14" bec="0" bev="0" fileid="117" />
                <SequencePoint vc="1" uspid="1233" ordinal="13" offset="96" sl="30" sc="17" el="30" ec="42" bec="0" bev="0" fileid="117" />
                <SequencePoint vc="1" uspid="1234" ordinal="14" offset="106" sl="31" sc="17" el="31" ec="92" bec="0" bev="0" fileid="117" />
                <SequencePoint vc="5" uspid="1235" ordinal="15" offset="135" sl="33" sc="13" el="33" ec="33" bec="0" bev="0" fileid="117" />
                <SequencePoint vc="5" uspid="1236" ordinal="16" offset="139" sl="34" sc="9" el="34" ec="10" bec="0" bev="0" fileid="117" />
              </SequencePoints>
              <BranchPoints>
                <BranchPoint vc="0" uspid="1237" ordinal="0" offset="17" sl="18" path="0" offsetend="19" fileid="117" />
                <BranchPoint vc="6" uspid="1238" ordinal="1" offset="17" sl="18" path="1" offsetend="31" fileid="117" />
              </BranchPoints>
              <MethodPoint xsi:type="SequencePoint" vc="6" uspid="1220" ordinal="0" offset="0" sl="16" sc="9" el="16" ec="10" bec="0" bev="0" fileid="117" />
            </Method>
            <Method visited="false" cyclomaticComplexity="1" nPathComplexity="0" sequenceCoverage="0" branchCoverage="0" crapScore="2" isConstructor="true" isStatic="false" isGetter="false" isSetter="false">
              <Summary numSequencePoints="0" visitedSequencePoints="0" numBranchPoints="0" visitedBranchPoints="0" sequenceCoverage="0" branchCoverage="0" maxCyclomaticComplexity="1" minCyclomaticComplexity="1" maxCrapScore="2" minCrapScore="2" visitedClasses="0" numClasses="0" visitedMethods="0" numMethods="0" />
              <MetadataToken>100663305</MetadataToken>
              <Name>System.Void Common.Helpers.XmlHelper::.ctor()</Name>
              <SequencePoints />
              <BranchPoints />
              <MethodPoint vc="0" uspid="1239" ordinal="0" offset="0" />
            </Method>
          </Methods>
        </Class>
        <Class>
          <Summary numSequencePoints="3" visitedSequencePoints="3" numBranchPoints="1" visitedBranchPoints="1" sequenceCoverage="100" branchCoverage="100" maxCyclomaticComplexity="1" minCyclomaticComplexity="1" maxCrapScore="1" minCrapScore="1" visitedClasses="1" numClasses="1" visitedMethods="1" numMethods="1" />
          <FullName>Common.Exceptions.ReporterIOException</FullName>
          <Methods>
            <Method visited="true" cyclomaticComplexity="1" nPathComplexity="0" sequenceCoverage="100" branchCoverage="100" crapScore="1" isConstructor="true" isStatic="false" isGetter="false" isSetter="false">
              <Summary numSequencePoints="3" visitedSequencePoints="3" numBranchPoints="1" visitedBranchPoints="1" sequenceCoverage="100" branchCoverage="100" maxCyclomaticComplexity="1" minCyclomaticComplexity="1" maxCrapScore="1" minCrapScore="1" visitedClasses="0" numClasses="0" visitedMethods="1" numMethods="1" />
              <MetadataToken>100663306</MetadataToken>
              <Name>System.Void Common.Exceptions.ReporterIOException::.ctor(System.String)</Name>
              <FileRef uid="118" />
              <SequencePoints>
                <SequencePoint vc="1" uspid="1240" ordinal="0" offset="0" sl="11" sc="54" el="11" ec="105" bec="0" bev="0" fileid="118" />
                <SequencePoint vc="1" uspid="1241" ordinal="1" offset="18" sl="11" sc="106" el="11" ec="107" bec="0" bev="0" fileid="118" />
                <SequencePoint vc="1" uspid="1242" ordinal="2" offset="19" sl="11" sc="108" el="11" ec="109" bec="0" bev="0" fileid="118" />
              </SequencePoints>
              <BranchPoints />
              <MethodPoint xsi:type="SequencePoint" vc="1" uspid="1240" ordinal="0" offset="0" sl="11" sc="54" el="11" ec="105" bec="0" bev="0" fileid="118" />
            </Method>
          </Methods>
        </Class>
        <Class>
          <Summary numSequencePoints="3" visitedSequencePoints="3" numBranchPoints="1" visitedBranchPoints="1" sequenceCoverage="100" branchCoverage="100" maxCyclomaticComplexity="1" minCyclomaticComplexity="1" maxCrapScore="1" minCrapScore="1" visitedClasses="1" numClasses="1" visitedMethods="1" numMethods="1" />
          <FullName>Common.Exceptions.XmlDeserializationException</FullName>
          <Methods>
            <Method visited="true" cyclomaticComplexity="1" nPathComplexity="0" sequenceCoverage="100" branchCoverage="100" crapScore="1" isConstructor="true" isStatic="false" isGetter="false" isSetter="false">
              <Summary numSequencePoints="3" visitedSequencePoints="3" numBranchPoints="1" visitedBranchPoints="1" sequenceCoverage="100" branchCoverage="100" maxCyclomaticComplexity="1" minCyclomaticComplexity="1" maxCrapScore="1" minCrapScore="1" visitedClasses="0" numClasses="0" visitedMethods="1" numMethods="1" />
              <MetadataToken>100663307</MetadataToken>
              <Name>System.Void Common.Exceptions.XmlDeserializationException::.ctor(System.String)</Name>
              <FileRef uid="119" />
              <SequencePoints>
                <SequencePoint vc="1" uspid="1243" ordinal="0" offset="0" sl="11" sc="62" el="11" ec="121" bec="0" bev="0" fileid="119" />
                <SequencePoint vc="1" uspid="1244" ordinal="1" offset="18" sl="11" sc="122" el="11" ec="123" bec="0" bev="0" fileid="119" />
                <SequencePoint vc="1" uspid="1245" ordinal="2" offset="19" sl="11" sc="124" el="11" ec="125" bec="0" bev="0" fileid="119" />
              </SequencePoints>
              <BranchPoints />
              <MethodPoint xsi:type="SequencePoint" vc="1" uspid="1243" ordinal="0" offset="0" sl="11" sc="62" el="11" ec="121" bec="0" bev="0" fileid="119" />
            </Method>
          </Methods>
        </Class>
      </Classes>
    </Module>
    <Module skippedDueTo="Filter" hash="B8-F5-F3-D5-06-36-35-76-5B-E0-BE-AB-80-32-9A-0C-1D-A8-76-19">
      <ModulePath>D:\Guillaume\Desktop\Internet Explorer\PROJECTS\C#\ComputerMonitoring\ComputerMonitoringTests\bin\Debug\xunit.assert.dll</ModulePath>
      <ModuleTime>2018-10-29T08:16:52Z</ModuleTime>
      <ModuleName>xunit.assert</ModuleName>
      <Classes />
    </Module>
    <Module skippedDueTo="Filter" hash="F4-D2-99-67-F6-8C-2C-14-0A-64-3C-1A-D1-D7-3E-E0-29-02-FD-D4">
      <ModulePath>C:\Windows\Microsoft.Net\assembly\GAC_MSIL\System.Reflection\v4.0_4.0.0.0__b03f5f7f11d50a3a\System.Reflection.dll</ModulePath>
      <ModuleTime>2019-03-19T04:46:46.2574461Z</ModuleTime>
      <ModuleName>System.Reflection</ModuleName>
      <Classes />
    </Module>
    <Module skippedDueTo="Filter" hash="FF-D1-C5-C7-2D-52-76-1B-13-CF-CD-23-22-CF-5F-48-45-EF-E9-01">
      <ModulePath>C:\Windows\Microsoft.Net\assembly\GAC_MSIL\System.Management\v4.0_4.0.0.0__b03f5f7f11d50a3a\System.Management.dll</ModulePath>
      <ModuleTime>2019-03-19T04:46:43.5072239Z</ModuleTime>
      <ModuleName>System.Management</ModuleName>
      <Classes />
    </Module>
    <Module skippedDueTo="Filter" hash="DF-14-5B-E5-1D-C8-57-72-0A-1A-8F-3F-F7-3E-DA-80-AD-09-69-69">
      <ModulePath>C:\Windows\Microsoft.Net\assembly\GAC_MSIL\Microsoft.CSharp\v4.0_4.0.0.0__b03f5f7f11d50a3a\Microsoft.CSharp.dll</ModulePath>
      <ModuleTime>2019-03-19T04:46:49.7108417Z</ModuleTime>
      <ModuleName>Microsoft.CSharp</ModuleName>
      <Classes />
    </Module>
    <Module skippedDueTo="Filter" hash="75-54-59-2F-08-34-30-37-D6-CA-84-8B-B8-DD-50-46-72-A7-E6-1D">
      <ModulePath>D:\Guillaume\Desktop\Internet Explorer\PROJECTS\C#\ComputerMonitoring\ComputerMonitoringTests\bin\Debug\Moq.dll</ModulePath>
      <ModuleTime>2019-10-19T22:29:42Z</ModuleTime>
      <ModuleName>Moq</ModuleName>
      <Classes />
    </Module>
    <Module skippedDueTo="Filter" hash="4D-04-FF-1F-48-91-96-EC-60-7A-BF-2D-AB-98-3C-99-36-19-C8-02">
      <ModulePath>C:\Windows\Microsoft.Net\assembly\GAC_MSIL\System.Linq\v4.0_4.0.0.0__b03f5f7f11d50a3a\System.Linq.dll</ModulePath>
      <ModuleTime>2019-03-19T04:46:46.5855968Z</ModuleTime>
      <ModuleName>System.Linq</ModuleName>
      <Classes />
    </Module>
    <Module skippedDueTo="Filter" hash="B6-B2-11-8F-EA-B9-BB-9E-7D-7C-E9-04-5B-F8-39-BD-A8-FA-75-10">
      <ModulePath>C:\Windows\Microsoft.Net\assembly\GAC_MSIL\System.Reflection.Extensions\v4.0_4.0.0.0__b03f5f7f11d50a3a\System.Reflection.Extensions.dll</ModulePath>
      <ModuleTime>2019-03-19T04:46:49.5702057Z</ModuleTime>
      <ModuleName>System.Reflection.Extensions</ModuleName>
      <Classes />
    </Module>
    <Module skippedDueTo="Filter" hash="B6-3D-95-5E-A1-F2-3D-D5-61-A7-8A-59-69-72-6D-F6-FF-70-71-9F">
      <ModulePath>D:\Guillaume\Desktop\Internet Explorer\PROJECTS\C#\ComputerMonitoring\ComputerMonitoringTests\bin\Debug\System.Threading.Tasks.Extensions.dll</ModulePath>
      <ModuleTime>2018-06-06T17:29:04Z</ModuleTime>
      <ModuleName>System.Threading.Tasks.Extensions</ModuleName>
      <Classes />
    </Module>
    <Module skippedDueTo="Filter" hash="6B-DB-9E-A4-D9-AD-57-49-1E-2A-9F-0B-2F-0B-7D-7E-F1-A9-5A-9E">
      <ModulePath>C:\Windows\Microsoft.Net\assembly\GAC_MSIL\netstandard\v4.0_2.0.0.0__cc7b13ffcd2ddd51\netstandard.dll</ModulePath>
      <ModuleTime>2019-03-19T04:46:49.1170451Z</ModuleTime>
      <ModuleName>netstandard</ModuleName>
      <Classes />
    </Module>
    <Module skippedDueTo="Filter" hash="BA-94-4B-50-1E-D5-31-87-F3-25-6E-BA-07-71-E4-9F-22-0D-B8-34">
      <ModulePath>C:\Windows\Microsoft.Net\assembly\GAC_MSIL\System.Xml\v4.0_4.0.0.0__b77a5c561934e089\System.Xml.dll</ModulePath>
      <ModuleTime>2019-03-19T04:46:51.77351Z</ModuleTime>
      <ModuleName>System.Xml</ModuleName>
      <Classes />
    </Module>
    <Module skippedDueTo="Filter" hash="DF-C9-61-37-67-FC-86-B5-19-6B-51-39-78-82-42-F2-94-44-FD-2F">
      <ModulePath>C:\Windows\Microsoft.Net\assembly\GAC_MSIL\System.Configuration\v4.0_4.0.0.0__b03f5f7f11d50a3a\System.Configuration.dll</ModulePath>
      <ModuleTime>2019-03-19T04:46:46.1168105Z</ModuleTime>
      <ModuleName>System.Configuration</ModuleName>
      <Classes />
    </Module>
    <Module skippedDueTo="Filter" hash="7B-6F-5A-57-3F-2F-3F-81-A8-4F-75-67-5A-56-90-08-C0-83-72-95">
      <ModulePath>C:\Windows\Microsoft.Net\assembly\GAC_MSIL\System.Dynamic\v4.0_4.0.0.0__b03f5f7f11d50a3a\System.Dynamic.dll</ModulePath>
      <ModuleTime>2019-03-19T04:46:43.6166079Z</ModuleTime>
      <ModuleName>System.Dynamic</ModuleName>
      <Classes />
    </Module>
    <Module skippedDueTo="Filter" hash="DC-CC-6B-85-DE-D3-FF-D6-B1-BF-5C-63-F6-46-A9-1A-1D-EF-79-5B">
      <ModulePath>D:\Guillaume\Desktop\Internet Explorer\PROJECTS\C#\ComputerMonitoring\ComputerMonitoringTests\bin\Debug\Castle.Core.dll</ModulePath>
      <ModuleTime>2019-04-05T05:50:26Z</ModuleTime>
      <ModuleName>Castle.Core</ModuleName>
      <Classes />
    </Module>
    <Module skippedDueTo="Filter" hash="">
      <ModulePath>RefEmit_InMemoryManifestModule</ModulePath>
      <ModuleTime>0001-01-01T00:00:00</ModuleTime>
      <ModuleName>Anonymously Hosted DynamicMethods Assembly</ModuleName>
      <Classes />
    </Module>
    <Module skippedDueTo="Filter" hash="">
      <ModulePath>RefEmit_InMemoryManifestModule</ModulePath>
      <ModuleTime>0001-01-01T00:00:00</ModuleTime>
      <ModuleName>Microsoft.GeneratedCode</ModuleName>
      <Classes />
    </Module>
    <Module skippedDueTo="Filter" hash="">
      <ModulePath>RefEmit_InMemoryManifestModule</ModulePath>
      <ModuleTime>0001-01-01T00:00:00</ModuleTime>
      <ModuleName>DynamicProxyGenAssembly2</ModuleName>
      <Classes />
    </Module>
    <Module skippedDueTo="Filter" hash="D7-38-77-8B-EF-95-FF-38-3E-38-79-B8-09-C8-F7-56-E3-C0-23-46">
      <ModulePath>D:\Guillaume\Desktop\Internet Explorer\PROJECTS\C#\ComputerMonitoring\ComputerMonitoringTests\bin\Debug\OpenHardwareMonitorLib.dll</ModulePath>
      <ModuleTime>2020-03-13T18:59:32.2908911Z</ModuleTime>
      <ModuleName>OpenHardwareMonitorLib</ModuleName>
      <Classes />
    </Module>
    <Module skippedDueTo="Filter" hash="">
      <ModulePath>RefEmit_InMemoryManifestModule</ModulePath>
      <ModuleTime>0001-01-01T00:00:00</ModuleTime>
      <ModuleName>PInvokeDelegateFactoryInternalAssembly</ModuleName>
      <Classes />
    </Module>
  </Modules>
</CoverageSession>